error useage: inky port
debug: len 8
debug: len 9
broadcast 230.0.0.1
debug: len 4
port bytes
0 0 26 -123 
port is 6789
debug: len 10
name: inky
garbage: 23
rock: 55
paper: 66
scissors: -99
request: 60 28
client_signature: -90
shutdownSignal: -35 15
resultSignature: -41

My oppenent is AssClown
joined multicast group
0 0 0 
0 0 0 
0 0 0 
no clue, throwing a rand
they threw -1
0 0 0 
0 0 0 
0 0 0 
no clue, throwing a rand
they threw 2
0 0 0 
0 0 0 
0 0 0 
max(2)=0, choosing random
they threw 1
0 0 0 
0 0 0 
0 1 0 
max(1)=0, choosing random
they threw 1
0 0 0 
0 1 0 
0 1 0 
1 options
chose 0nth
1, 1
they threw 2
0 0 0 
0 1 1 
0 1 0 
1 options
chose 0nth
2, 1
they threw 0
0 0 0 
0 1 1 
1 1 0 
max(0)=0, choosing random
they threw 0
1 0 0 
0 1 1 
1 1 0 
1 options
chose 0nth
0, 0
they threw 0
2 0 0 
0 1 1 
1 1 0 
1 options
chose 0nth
0, 0
they threw 2
2 0 1 
0 1 1 
1 1 0 
2 options
chose 0nth
2, 0
they threw 2
2 0 1 
0 1 1 
1 1 1 
3 options
chose 1nth
i am confuse
2, 1
they threw 2
2 0 1 
0 1 1 
1 1 2 
1 options
chose 0nth
2, 2
OMG IT WORKED HOORAY
they threw 0
they threw 1
they threw 0
they threw 2
they threw 1
they threw 0
they threw 2
they threw 1
they threw 0
they threw 2
they threw 1
they threw 0
they threw 2
they threw 1
they threw 0
they threw 2
they threw 1
they threw 0
they threw 2
they threw 1
they threw 0
they threw 2
they threw 1
they threw 0
they threw 2
they threw 1
they threw 0
they threw 2
they threw 1
they threw 0
they threw 2
they threw 1
they threw 0
they threw 2
they threw 1
they threw 0
they threw 2
they threw 1
they threw 0
they threw 2
they threw 1
they threw 0
they threw 2
they threw 1
they threw 0
they threw 2
they threw 1
they threw 0
they threw 2
they threw 1
they threw 0
they threw 2
they threw 1
they threw 0
they threw 2
they threw 1
they threw 0
they threw 2
they threw 1
they threw 0
they threw 2
they threw 1
they threw 0
they threw 2
they threw 1
they threw 0
they threw 2
they threw 1
they threw 0
they threw 2
they threw 1
they threw 0
they threw 2
they threw 1
they threw 0
they threw 2
they threw 1
they threw 0
they threw 2
they threw 1
they threw 0
they threw 2
they threw 1
they threw 0
they threw 2
they threw 1
they threw 0
they threw 2
they threw 1
they threw 0
they threw 2
they threw 1
they threw 0
they threw 2
they threw 1
they threw 0
they threw 2
they threw 1
they threw 0
they threw 2
they threw 1
they threw 0
they threw 2
they threw 1
they threw 0
they threw 2
they threw 1
they threw 0
they threw 2
they threw 1
they threw 0
they threw 2
they threw 1
they threw 0
they threw 2
they threw 1
they threw 0
they threw 2
they threw 1
they threw 0
they threw 2
they threw 1
they threw 0
they threw 2
they threw 1
they threw 0
they threw 2
they threw 1
they threw 0
they threw 2
they threw 1
they threw 0
they threw 2
they threw 1
they threw 0
they threw 2
they threw 1
they threw 0
they threw 2
they threw 1
they threw 0
they threw 2
they threw 1
they threw 0
they threw 2
they threw 1
they threw 0
they threw 2
they threw 1
they threw 0
they threw 2
they threw 1
they threw 0
they threw 2
they threw 1
they threw 0
they threw 2
they threw 1
they threw 0
they threw 2
they threw 1
they threw 0
they threw 2
they threw 1
they threw 0
they threw 2
they threw 1
they threw 0
they threw 2
they threw 1
they threw 0
they threw 2
they threw 1
they threw 0
they threw 2
they threw 1
they threw 0
they threw 2
they threw 1
they threw 0
they threw 2
they threw 1
they threw 0
they threw 2
they threw 1
they threw 0
they threw 2
they threw 1
they threw 0
they threw 2
they threw 1
they threw 0
they threw 2
they threw 1
they threw 0
they threw 2
they threw 1
they threw 0
they threw 2
they threw 1
they threw 0
they threw 2
they threw 1
they threw 0
they threw 2
they threw 1
they threw 0
they threw 2
they threw 1
they threw 0
they threw 2
they threw 1
they threw 0
they threw 2
they threw 1
they threw 0
they threw 2
they threw 1
they threw 0
they threw 2
they threw 1
they threw 0
they threw 2
they threw 1
they threw 0
they threw 2
they threw 1
they threw 0
they threw 2
they threw 1
they threw 0
they threw 2
they threw 1
they threw 0
they threw 2
they threw 1
they threw 0
they threw 2
they threw 1
they threw 0
they threw 2
they threw 1
they threw 0
they threw 2
they threw 1
they threw 0
they threw 2
they threw 1
they threw 0
they threw 2
they threw 1
they threw 0
they threw 2
they threw 1
they threw 0
they threw 2
they threw 1
they threw 0
they threw 2
they threw 1
they threw 0
they threw 2
they threw 1
they threw 0
they threw 2
they threw 1
they threw 0
they threw 2
they threw 1
they threw 0
they threw 2
they threw 1
they threw 0
they threw 2
they threw 1
they threw 0
they threw 2
they threw 1
they threw 0
they threw 2
they threw 1
they threw 0
they threw 2
they threw 1
they threw 0
they threw 2
they threw 1
they threw 0
they threw 2
they threw 1
they threw 0
they threw 2
they threw 1
they threw 0
they threw 2
they threw 1
they threw 0
they threw 2
they threw 1
they threw 0
they threw 2
they threw 1
they threw 0
they threw 2
they threw 1
they threw 0
they threw 2
they threw 1
they threw 0
they threw 2
they threw 1
they threw 0
they threw 2
they threw 1
they threw 0
they threw 2
they threw 1
they threw 0
they threw 2
they threw 1
they threw 0
they threw 2
they threw 1
they threw 0
they threw 2
they threw 1
they threw 0
they threw 2
they threw 1
they threw 0
they threw 2
they threw 1
they threw 0
they threw 2
they threw 1
they threw 0
they threw 2
they threw 1
they threw 0
they threw 2
they threw 1
they threw 0
they threw 2
they threw 1
they threw 0
they threw 2
they threw 1
they threw 0
they threw 2
they threw 1
they threw 0
they threw 2
they threw 1
they threw 0
they threw 2
they threw 1
they threw 0
they threw 2
they threw 1
they threw 0
they threw 2
they threw 1
they threw 0
they threw 2
they threw 1
they threw 0
they threw 2
they threw 1
they threw 0
they threw 2
they threw 1
they threw 0
they threw 2
they threw 1
they threw 0
they threw 2
they threw 1
they threw 0
they threw 2
they threw 1
they threw 0
they threw 2
they threw 1
they threw 0
they threw 2
they threw 1
they threw 0
they threw 2
they threw 1
they threw 0
they threw 2
they threw 1
they threw 0
they threw 2
they threw 1
they threw 0
they threw 2
they threw 1
they threw 0
they threw 2
they threw 1
they threw 0
they threw 2
they threw 1
they threw 0
they threw 2
they threw 1
they threw 0
they threw 2
they threw 1
they threw 0
they threw 2
they threw 1
they threw 0
they threw 2
they threw 1
they threw 0
they threw 2
they threw 1
they threw 0
they threw 2
they threw 1
they threw 0
they threw 2
they threw 1
they threw 0
they threw 2
they threw 1
they threw 0
they threw 2
they threw 1
they threw 0
they threw 2
they threw 1
they threw 0
they threw 2
they threw 1
they threw 0
they threw 2
they threw 1
they threw 0
they threw 2
they threw 1
they threw 0
they threw 2
they threw 1
they threw 0
they threw 2
they threw 1
they threw 0
they threw 2
they threw 1
they threw 0
they threw 2
they threw 1
they threw 0
they threw 2
they threw 1
they threw 0
they threw 2
they threw 1
they threw 0
they threw 2
they threw 1
they threw 0
they threw 2
they threw 1
they threw 0
they threw 2
they threw 1
they threw 0
they threw 2
they threw 1
they threw 0
they threw 2
they threw 1
they threw 0
they threw 2
they threw 1
they threw 0
they threw 2
they threw 1
they threw 0
they threw 2
they threw 1
they threw 0
they threw 2
they threw 1
they threw 0
they threw 2
they threw 1
they threw 0
they threw 2
they threw 1
they threw 0
they threw 2
they threw 1
they threw 0
they threw 2
they threw 1
they threw 0
they threw 2
they threw 1
they threw 0
they threw 2
they threw 1
they threw 0
they threw 2
they threw 1
they threw 0
they threw 2
they threw 1
they threw 0
they threw 2
they threw 1
they threw 0
they threw 2
they threw 1
they threw 0
they threw 2
they threw 1
they threw 0
they threw 2
they threw 1
they threw 0
they threw 2
they threw 1
they threw 0
they threw 2
they threw 1
they threw 0
they threw 2
they threw 1
they threw 0
they threw 2
they threw 1
they threw 0
they threw 2
they threw 1
they threw 0
they threw 2
they threw 1
they threw 0
they threw 2
they threw 1
they threw 0
they threw 2
they threw 1
they threw 0
they threw 2
they threw 1
they threw 0
they threw 2
they threw 1
they threw 0
they threw 2
they threw 1
they threw 0
they threw 2
they threw 1
they threw 0
they threw 2
they threw 1
they threw 0
they threw 2
they threw 1
they threw 0
they threw 2
they threw 1
they threw 0
they threw 2
they threw 1
they threw 0
they threw 2
they threw 1
they threw 0
they threw 2
they threw 1
they threw 0
they threw 2
they threw 1
they threw 0
they threw 2
they threw 1
they threw 0
they threw 2
they threw 1
they threw 0
they threw 2
they threw 1
they threw 0
they threw 2
they threw 1
they threw 0
they threw 2
they threw 1
they threw 0
they threw 2
they threw 1
they threw 0
they threw 2
they threw 1
they threw 0
they threw 2
they threw 1
they threw 0
they threw 2
they threw 1
they threw 0
they threw 2
they threw 1
they threw 0
they threw 2
they threw 1
they threw 0
they threw 2
they threw 1
they threw 0
they threw 2
they threw 1
they threw 0
they threw 2
they threw 1
they threw 0
they threw 2
they threw 1
they threw 0
they threw 2
they threw 1
they threw 0
they threw 2
they threw 1
they threw 0
they threw 2
they threw 1
they threw 0
they threw 2
they threw 1
they threw 0
they threw 2
they threw 1
they threw 0
they threw 2
they threw 1
they threw 0
they threw 2
they threw 1
they threw 0
they threw 2
they threw 1
they threw 0
they threw 2
they threw 1
they threw 0
they threw 2
they threw 1
they threw 0
they threw 2
they threw 1
they threw 0
they threw 2
they threw 1
they threw 0
they threw 2
they threw 1
they threw 0
they threw 2
they threw 1
they threw 0
they threw 2
they threw 1
they threw 0
they threw 2
they threw 1
they threw 0
they threw 2
they threw 1
they threw 0
they threw 2
they threw 1
they threw 0
they threw 2
they threw 1
they threw 0
they threw 2
they threw 1
they threw 0
they threw 2
they threw 1
they threw 0
they threw 2
they threw 1
they threw 0
they threw 2
they threw 1
they threw 0
they threw 2
they threw 1
they threw 0
they threw 2
they threw 1
they threw 0
they threw 2
they threw 1
they threw 0
they threw 2
they threw 1
they threw 0
they threw 2
they threw 1
they threw 0
they threw 2
they threw 1
they threw 0
they threw 2
they threw 1
they threw 0
they threw 2
they threw 1
they threw 0
they threw 2
they threw 1
they threw 0
they threw 2
they threw 1
they threw 0
they threw 2
they threw 1
they threw 0
they threw 2
they threw 1
they threw 0
they threw 2
they threw 1
they threw 0
they threw 2
they threw 1
they threw 0
they threw 2
they threw 1
they threw 0
they threw 2
they threw 1
they threw 0
they threw 2
they threw 1
they threw 0
they threw 2
they threw 1
they threw 0
they threw 2
they threw 1
they threw 0
they threw 2
they threw 1
they threw 0
they threw 2
they threw 1
they threw 0
they threw 2
they threw 1
they threw 0
they threw 2
they threw 1
they threw 0
they threw 2
they threw 1
they threw 0
they threw 2
they threw 1
they threw 0
they threw 2
they threw 1
they threw 0
they threw 2
they threw 1
they threw 0
they threw 2
they threw 1
they threw 0
they threw 2
they threw 1
they threw 0
they threw 2
they threw 1
they threw 0
they threw 2
they threw 1
they threw 0
they threw 2
they threw 1
they threw 0
they threw 2
they threw 1
they threw 0
they threw 2
they threw 1
they threw 0
they threw 2
they threw 1
they threw 0
they threw 2
they threw 1
they threw 0
they threw 2
they threw 1
they threw 0
they threw 2
they threw 1
they threw 0
they threw 2
they threw 1
they threw 0
they threw 2
they threw 1
they threw 0
they threw 2
they threw 1
they threw 0
they threw 2
they threw 1
they threw 0
they threw 2
they threw 1
they threw 0
they threw 2
they threw 1
they threw 0
they threw 2
they threw 1
they threw 0
they threw 2
they threw 1
they threw 0
they threw 2
they threw 1
they threw 0
they threw 2
they threw 1
they threw 0
they threw 2
they threw 1
they threw 0
they threw 2
they threw 1
they threw 0
they threw 2
they threw 1
they threw 0
they threw 2
they threw 1
they threw 0
they threw 2
they threw 1
they threw 0
they threw 2
they threw 1
they threw 0
they threw 2
they threw 1
they threw 0
they threw 2
they threw 1
they threw 0
they threw 2
they threw 1
they threw 0
they threw 2
they threw 1
they threw 0
they threw 2
they threw 1
they threw 0
they threw 2
they threw 1
they threw 0
they threw 2
they threw 1
they threw 0
they threw 2
they threw 1
they threw 0
they threw 2
they threw 1
they threw 0
they threw 2
they threw 1
they threw 0
they threw 2
they threw 1
they threw 0
they threw 2
they threw 1
they threw 0
they threw 2
they threw 1
they threw 0
they threw 2
they threw 1
they threw 0
they threw 2
they threw 1
they threw 0
they threw 2
they threw 1
they threw 0
they threw 2
they threw 1
they threw 0
they threw 2
they threw 1
they threw 0
they threw 2
they threw 1
they threw 0
they threw 2
they threw 1
they threw 0
they threw 2
they threw 1
they threw 0
they threw 2
they threw 1
they threw 0
they threw 2
they threw 1
they threw 0
they threw 2
they threw 1
they threw 0
they threw 2
they threw 1
they threw 0
they threw 2
they threw 1
they threw 0
they threw 2
they threw 1
they threw 0
they threw 2
they threw 1
they threw 0
they threw 2
they threw 1
they threw 0
they threw 2
they threw 1
they threw 0
they threw 2
they threw 1
they threw 0
they threw 2
they threw 1
they threw 0
they threw 2
they threw 1
they threw 0
they threw 2
they threw 1
they threw 0
they threw 2
they threw 1
they threw 0
they threw 2
they threw 1
they threw 0
they threw 2
they threw 1
they threw 0
they threw 2
they threw 1
they threw 0
they threw 2
they threw 1
they threw 0
they threw 2
they threw 1
they threw 0
they threw 2
they threw 1
they threw 0
they threw 2
they threw 1
they threw 0
they threw 2
they threw 1
they threw 0
they threw 2
they threw 1
game over, shutting down
