debug: len 2
debug: len 9
broadcast 230.0.0.1
debug: len 4
port bytes
0 0 26 -123 
port is 6789
debug: len 10
name: pinky
garbage: -30
rock: -38
paper: 87
scissors: 16
request: 66 73
client_signature: 77
shutdownSignal: 65 117
resultSignature: -71

My oppenent is r3
joined multicast group
0 0 0 
0 0 0 
0 0 0 
no clue, throwing a rand
I throw 1
-------
they threw 0
0 0 0 
0 0 0 
0 0 0 
I throw 2
-------
In favor of BeatLast
they threw 2
0 0 1 
0 0 0 
0 0 0 
I throw 2
-------
they threw 1
0 0 1 
0 0 0 
0 1 0 
I throw 2
-------
In favor of BeatLast
they threw 0
0 0 1 
1 0 0 
0 1 0 
I throw 2
-------
they threw 2
0 0 2 
1 0 0 
0 1 0 
I throw 2
-------
In favor of BeatLast
they threw 0
0 0 2 
1 0 0 
1 1 0 
I throw 2
-------
they threw 2
0 0 3 
1 0 0 
1 1 0 
I throw 1
-------
In favor of BeatLast
they threw 0
0 0 3 
1 0 0 
2 1 0 
I throw 2
-------
they threw 1
0 1 3 
1 0 0 
2 1 0 
I throw 1
-------
they threw 2
0 1 3 
1 0 1 
2 1 0 
I throw 1
-------
they threw 1
0 1 3 
1 0 1 
2 2 0 
I throw 1
-------
they threw 0
0 1 3 
2 0 1 
2 2 0 
I throw 2
-------
they threw 0
1 1 3 
2 0 1 
2 2 0 
I throw 2
-------
they threw 2
1 1 4 
2 0 1 
2 2 0 
I throw 1
-------
In favor of BeatLast
they threw 0
1 1 4 
2 0 1 
3 2 0 
I throw 2
-------
In favor of BeatLast
they threw 2
1 1 5 
2 0 1 
3 2 0 
I throw 2
-------
In favor of BeatLast
they threw 0
1 1 5 
2 0 1 
4 2 0 
I throw 1
-------
they threw 2
1 1 6 
2 0 1 
4 2 0 
I throw 1
-------
In favor of BeatLast
they threw 2
1 1 6 
2 0 1 
4 2 1 
I throw 1
-------
they threw 0
1 1 6 
2 0 1 
5 2 1 
I throw 2
-------
they threw 0
2 1 6 
2 0 1 
5 2 1 
I throw 1
-------
they threw 2
2 1 7 
2 0 1 
5 2 1 
I throw 2
-------
they threw 0
2 1 7 
2 0 1 
6 2 1 
I throw 2
-------
In favor of BeatLast
they threw 0
3 1 7 
2 0 1 
6 2 1 
I throw 2
-------
they threw 1
3 2 7 
2 0 1 
6 2 1 
I throw 1
-------
they threw 1
3 2 7 
2 1 1 
6 2 1 
I throw 2
-------
they threw 0
3 2 7 
3 1 1 
6 2 1 
I throw 2
-------
they threw 1
3 3 7 
3 1 1 
6 2 1 
I throw 2
-------
they threw 2
3 3 7 
3 1 2 
6 2 1 
I throw 2
-------
In favor of BeatLast
they threw 0
3 3 7 
3 1 2 
7 2 1 
I throw 2
-------
In favor of BeatLast
they threw 0
4 3 7 
3 1 2 
7 2 1 
I throw 2
-------
they threw 1
4 4 7 
3 1 2 
7 2 1 
I throw 2
-------
they threw 2
4 4 7 
3 1 3 
7 2 1 
I throw 2
-------
they threw 2
4 4 7 
3 1 3 
7 2 2 
I throw 2
-------
they threw 2
4 4 7 
3 1 3 
7 2 3 
I throw 2
-------
In favor of BeatLast
they threw 0
4 4 7 
3 1 3 
8 2 3 
I throw 2
-------
they threw 2
4 4 8 
3 1 3 
8 2 3 
I throw 1
-------
In favor of BeatLast
they threw 0
4 4 8 
3 1 3 
9 2 3 
I throw 2
-------
they threw 1
4 5 8 
3 1 3 
9 2 3 
I throw 1
-------
they threw 1
4 5 8 
3 2 3 
9 2 3 
I throw 2
-------
they threw 0
4 5 8 
4 2 3 
9 2 3 
I throw 2
-------
In favor of BeatLast
they threw 0
5 5 8 
4 2 3 
9 2 3 
I throw 2
-------
they threw 1
5 6 8 
4 2 3 
9 2 3 
I throw 1
-------
they threw 1
5 6 8 
4 3 3 
9 2 3 
I throw 2
-------
they threw 0
5 6 8 
5 3 3 
9 2 3 
I throw 1
-------
they threw 1
5 7 8 
5 3 3 
9 2 3 
I throw 2
-------
In favor of BeatLast
they threw 2
5 7 8 
5 3 4 
9 2 3 
I throw 2
-------
In favor of BeatLast
they threw 0
5 7 8 
5 3 4 
10 2 3 
I throw 2
-------
they threw 2
5 7 9 
5 3 4 
10 2 3 
I throw 1
-------
they threw 1
5 7 9 
5 3 4 
10 3 3 
I throw 2
-------
they threw 1
5 7 9 
5 4 4 
10 3 3 
I throw 2
-------
they threw 1
5 7 9 
5 5 4 
10 3 3 
I throw 2
-------
In favor of BeatLast
they threw 0
5 7 9 
6 5 4 
10 3 3 
I throw 1
-------
they threw 1
5 8 9 
6 5 4 
10 3 3 
I throw 2
-------
In favor of BeatLast
they threw 2
5 8 9 
6 5 5 
10 3 3 
I throw 2
-------
they threw 2
5 8 9 
6 5 5 
10 3 4 
I throw 1
-------
they threw 1
5 8 9 
6 5 5 
10 4 4 
I throw 2
-------
In favor of BeatLast
they threw 2
5 8 9 
6 5 6 
10 4 4 
I throw 1
-------
they threw 1
5 8 9 
6 5 6 
10 5 4 
I throw 1
-------
they threw 1
5 8 9 
6 6 6 
10 5 4 
I throw 2
-------
In favor of BeatLast
they threw 2
5 8 9 
6 6 7 
10 5 4 
I throw 2
-------
they threw 2
5 8 9 
6 6 7 
10 5 5 
I throw 2
-------
In favor of BeatLast
they threw 0
5 8 9 
6 6 7 
11 5 5 
I throw 2
-------
they threw 1
5 9 9 
6 6 7 
11 5 5 
I throw 1
-------
In favor of BeatLast
they threw 0
5 9 9 
7 6 7 
11 5 5 
I throw 2
-------
they threw 1
5 10 9 
7 6 7 
11 5 5 
I throw 1
-------
they threw 2
5 10 9 
7 6 8 
11 5 5 
I throw 1
-------
they threw 0
5 10 9 
7 6 8 
12 5 5 
I throw 2
-------
they threw 1
5 11 9 
7 6 8 
12 5 5 
I throw 2
-------
In favor of BeatLast
they threw 0
5 11 9 
8 6 8 
12 5 5 
I throw 1
-------
In favor of BeatLast
they threw 0
6 11 9 
8 6 8 
12 5 5 
I throw 1
-------
they threw 1
6 12 9 
8 6 8 
12 5 5 
I throw 2
-------
they threw 1
6 12 9 
8 7 8 
12 5 5 
I throw 1
-------
In favor of BeatLast
they threw 0
6 12 9 
9 7 8 
12 5 5 
I throw 2
-------
In favor of BeatLast
they threw 2
6 12 10 
9 7 8 
12 5 5 
I throw 2
-------
they threw 1
6 12 10 
9 7 8 
12 6 5 
I throw 2
-------
they threw 2
6 12 10 
9 7 9 
12 6 5 
I throw 2
-------
they threw 2
6 12 10 
9 7 9 
12 6 6 
I throw 1
-------
they threw 2
6 12 10 
9 7 9 
12 6 7 
I throw 2
-------
they threw 0
6 12 10 
9 7 9 
13 6 7 
I throw 2
-------
In favor of BeatLast
they threw 0
7 12 10 
9 7 9 
13 6 7 
I throw 2
-------
they threw 2
7 12 11 
9 7 9 
13 6 7 
I throw 2
-------
they threw 2
7 12 11 
9 7 9 
13 6 8 
I throw 1
-------
In favor of BeatLast
they threw 0
7 12 11 
9 7 9 
14 6 8 
I throw 2
-------
they threw 0
8 12 11 
9 7 9 
14 6 8 
I throw 2
-------
In favor of BeatLast
they threw 0
9 12 11 
9 7 9 
14 6 8 
I throw 2
-------
In favor of BeatLast
they threw 0
10 12 11 
9 7 9 
14 6 8 
I throw 2
-------
they threw 2
10 12 12 
9 7 9 
14 6 8 
I throw 1
-------
In favor of BeatLast
they threw 0
10 12 12 
9 7 9 
15 6 8 
I throw 2
-------
they threw 1
10 13 12 
9 7 9 
15 6 8 
I throw 1
-------
they threw 2
10 13 12 
9 7 10 
15 6 8 
I throw 1
-------
In favor of BeatLast
they threw 2
10 13 12 
9 7 10 
15 6 9 
I throw 2
-------
they threw 0
10 13 12 
9 7 10 
16 6 9 
I throw 2
-------
In favor of BeatLast
they threw 0
11 13 12 
9 7 10 
16 6 9 
I throw 2
-------
they threw 1
11 14 12 
9 7 10 
16 6 9 
I throw 2
-------
they threw 1
11 14 12 
9 8 10 
16 6 9 
I throw 2
-------
they threw 2
11 14 12 
9 8 11 
16 6 9 
I throw 2
-------
they threw 2
11 14 12 
9 8 11 
16 6 10 
I throw 1
-------
they threw 2
11 14 12 
9 8 11 
16 6 11 
I throw 1
-------
they threw 1
11 14 12 
9 8 11 
16 7 11 
I throw 2
-------
they threw 0
11 14 12 
10 8 11 
16 7 11 
I throw 2
-------
In favor of BeatLast
they threw 0
12 14 12 
10 8 11 
16 7 11 
I throw 2
-------
In favor of BeatLast
they threw 0
13 14 12 
10 8 11 
16 7 11 
I throw 1
-------
In favor of BeatLast
they threw 0
14 14 12 
10 8 11 
16 7 11 
I throw 2
-------
they threw 1
14 15 12 
10 8 11 
16 7 11 
I throw 2
-------
they threw 1
14 15 12 
10 9 11 
16 7 11 
I throw 2
-------
they threw 1
14 15 12 
10 10 11 
16 7 11 
I throw 1
-------
they threw 2
14 15 12 
10 10 12 
16 7 11 
I throw 2
-------
they threw 0
14 15 12 
10 10 12 
17 7 11 
I throw 2
-------
they threw 2
14 15 13 
10 10 12 
17 7 11 
I throw 2
-------
they threw 1
14 15 13 
10 10 12 
17 8 11 
I throw 1
-------
they threw 1
14 15 13 
10 11 12 
17 8 11 
I throw 2
-------
In favor of BeatLast
they threw 2
14 15 13 
10 11 13 
17 8 11 
I throw 2
-------
they threw 1
14 15 13 
10 11 13 
17 9 11 
I throw 2
-------
In favor of BeatLast
they threw 0
14 15 13 
11 11 13 
17 9 11 
I throw 2
-------
In favor of BeatLast
they threw 0
15 15 13 
11 11 13 
17 9 11 
I throw 2
-------
they threw 2
15 15 14 
11 11 13 
17 9 11 
I throw 1
-------
they threw 1
15 15 14 
11 11 13 
17 10 11 
I throw 2
-------
In favor of BeatLast
they threw 2
15 15 14 
11 11 14 
17 10 11 
I throw 1
-------
In favor of BeatLast
they threw 0
15 15 14 
11 11 14 
18 10 11 
I throw 2
-------
they threw 0
16 15 14 
11 11 14 
18 10 11 
I throw 2
-------
In favor of BeatLast
they threw 0
17 15 14 
11 11 14 
18 10 11 
I throw 1
-------
In favor of BeatLast
they threw 0
18 15 14 
11 11 14 
18 10 11 
I throw 2
-------
In favor of BeatLast
they threw 2
18 15 15 
11 11 14 
18 10 11 
I throw 1
-------
they threw 2
18 15 15 
11 11 14 
18 10 12 
I throw 2
-------
they threw 0
18 15 15 
11 11 14 
19 10 12 
I throw 1
-------
they threw 1
18 16 15 
11 11 14 
19 10 12 
I throw 2
-------
they threw 1
18 16 15 
11 12 14 
19 10 12 
I throw 1
-------
they threw 2
18 16 15 
11 12 15 
19 10 12 
I throw 2
-------
they threw 1
18 16 15 
11 12 15 
19 11 12 
I throw 1
-------
they threw 2
18 16 15 
11 12 16 
19 11 12 
I throw 1
-------
they threw 0
18 16 15 
11 12 16 
20 11 12 
I throw 2
-------
they threw 0
19 16 15 
11 12 16 
20 11 12 
I throw 1
-------
they threw 1
19 17 15 
11 12 16 
20 11 12 
I throw 2
-------
In favor of BeatLast
they threw 2
19 17 15 
11 12 17 
20 11 12 
I throw 2
-------
they threw 2
19 17 15 
11 12 17 
20 11 13 
I throw 1
-------
they threw 2
19 17 15 
11 12 17 
20 11 14 
I throw 1
-------
they threw 0
19 17 15 
11 12 17 
21 11 14 
I throw 2
-------
they threw 1
19 18 15 
11 12 17 
21 11 14 
I throw 2
-------
they threw 2
19 18 15 
11 12 18 
21 11 14 
I throw 2
-------
In favor of BeatLast
they threw 0
19 18 15 
11 12 18 
22 11 14 
I throw 1
-------
In favor of BeatLast
they threw 0
20 18 15 
11 12 18 
22 11 14 
I throw 1
-------
In favor of BeatLast
they threw 2
20 18 16 
11 12 18 
22 11 14 
I throw 1
-------
In favor of BeatLast
they threw 2
20 18 16 
11 12 18 
22 11 15 
I throw 1
-------
they threw 1
20 18 16 
11 12 18 
22 12 15 
I throw 2
-------
they threw 0
20 18 16 
12 12 18 
22 12 15 
I throw 2
-------
they threw 2
20 18 17 
12 12 18 
22 12 15 
I throw 1
-------
they threw 1
20 18 17 
12 12 18 
22 13 15 
I throw 2
-------
they threw 1
20 18 17 
12 13 18 
22 13 15 
I throw 1
-------
they threw 1
20 18 17 
12 14 18 
22 13 15 
I throw 2
-------
In favor of BeatLast
they threw 2
20 18 17 
12 14 19 
22 13 15 
I throw 2
-------
In favor of BeatLast
they threw 0
20 18 17 
12 14 19 
23 13 15 
I throw 1
-------
they threw 1
20 19 17 
12 14 19 
23 13 15 
I throw 2
-------
they threw 1
20 19 17 
12 15 19 
23 13 15 
I throw 1
-------
they threw 1
20 19 17 
12 16 19 
23 13 15 
I throw 2
-------
they threw 0
20 19 17 
13 16 19 
23 13 15 
I throw 1
-------
In favor of BeatLast
they threw 0
21 19 17 
13 16 19 
23 13 15 
I throw 2
-------
In favor of BeatLast
they threw 2
21 19 18 
13 16 19 
23 13 15 
I throw 1
-------
they threw 1
21 19 18 
13 16 19 
23 14 15 
I throw 1
-------
In favor of BeatLast
they threw 2
21 19 18 
13 16 20 
23 14 15 
I throw 1
-------
they threw 1
21 19 18 
13 16 20 
23 15 15 
I throw 2
-------
In favor of BeatLast
they threw 2
21 19 18 
13 16 21 
23 15 15 
I throw 2
-------
they threw 1
21 19 18 
13 16 21 
23 16 15 
I throw 2
-------
they threw 2
21 19 18 
13 16 22 
23 16 15 
I throw 1
-------
In favor of BeatLast
they threw 0
21 19 18 
13 16 22 
24 16 15 
I throw 1
-------
they threw 0
22 19 18 
13 16 22 
24 16 15 
I throw 1
-------
In favor of BeatLast
they threw 2
22 19 19 
13 16 22 
24 16 15 
I throw 1
-------
In favor of BeatLast
they threw 2
22 19 19 
13 16 22 
24 16 16 
I throw 2
-------
they threw 0
22 19 19 
13 16 22 
25 16 16 
I throw 1
-------
In favor of BeatLast
they threw 0
23 19 19 
13 16 22 
25 16 16 
I throw 1
-------
they threw 1
23 20 19 
13 16 22 
25 16 16 
I throw 1
-------
they threw 0
23 20 19 
14 16 22 
25 16 16 
I throw 2
-------
they threw 0
24 20 19 
14 16 22 
25 16 16 
I throw 1
-------
In favor of BeatLast
they threw 0
25 20 19 
14 16 22 
25 16 16 
I throw 1
-------
In favor of BeatLast
they threw 2
25 20 20 
14 16 22 
25 16 16 
I throw 2
-------
they threw 1
25 20 20 
14 16 22 
25 17 16 
I throw 1
-------
they threw 1
25 20 20 
14 17 22 
25 17 16 
I throw 2
-------
they threw 1
25 20 20 
14 18 22 
25 17 16 
I throw 2
-------
they threw 2
25 20 20 
14 18 23 
25 17 16 
I throw 2
-------
they threw 1
25 20 20 
14 18 23 
25 18 16 
I throw 1
-------
they threw 1
25 20 20 
14 19 23 
25 18 16 
I throw 2
-------
they threw 0
25 20 20 
15 19 23 
25 18 16 
I throw 2
-------
they threw 1
25 21 20 
15 19 23 
25 18 16 
I throw 2
-------
they threw 1
25 21 20 
15 20 23 
25 18 16 
I throw 2
-------
In favor of BeatLast
they threw 0
25 21 20 
16 20 23 
25 18 16 
I throw 2
-------
In favor of BeatLast
they threw 0
26 21 20 
16 20 23 
25 18 16 
I throw 1
-------
they threw 1
26 22 20 
16 20 23 
25 18 16 
I throw 1
-------
In favor of BeatLast
they threw 2
26 22 20 
16 20 24 
25 18 16 
I throw 2
-------
In favor of BeatLast
they threw 2
26 22 20 
16 20 24 
25 18 17 
I throw 1
-------
In favor of BeatLast
they threw 0
26 22 20 
16 20 24 
26 18 17 
I throw 1
-------
they threw 1
26 23 20 
16 20 24 
26 18 17 
I throw 2
-------
In favor of BeatLast
they threw 2
26 23 20 
16 20 25 
26 18 17 
I throw 2
-------
In favor of BeatLast
they threw 0
26 23 20 
16 20 25 
27 18 17 
I throw 2
-------
they threw 2
26 23 21 
16 20 25 
27 18 17 
I throw 2
-------
In favor of BeatLast
they threw 0
26 23 21 
16 20 25 
28 18 17 
I throw 1
-------
In favor of BeatLast
they threw 0
27 23 21 
16 20 25 
28 18 17 
I throw 2
-------
they threw 0
28 23 21 
16 20 25 
28 18 17 
I throw 2
-------
In favor of BeatLast
they threw 0
29 23 21 
16 20 25 
28 18 17 
I throw 2
-------
In favor of BeatLast
they threw 0
30 23 21 
16 20 25 
28 18 17 
I throw 2
-------
In favor of BeatLast
they threw 0
31 23 21 
16 20 25 
28 18 17 
I throw 1
-------
they threw 1
31 24 21 
16 20 25 
28 18 17 
I throw 2
-------
In favor of BeatLast
they threw 2
31 24 21 
16 20 26 
28 18 17 
I throw 1
-------
they threw 1
31 24 21 
16 20 26 
28 19 17 
I throw 2
-------
they threw 0
31 24 21 
17 20 26 
28 19 17 
I throw 2
-------
they threw 1
31 25 21 
17 20 26 
28 19 17 
I throw 2
-------
they threw 1
31 25 21 
17 21 26 
28 19 17 
I throw 1
-------
they threw 1
31 25 21 
17 22 26 
28 19 17 
I throw 2
-------
they threw 1
31 25 21 
17 23 26 
28 19 17 
I throw 2
-------
they threw 1
31 25 21 
17 24 26 
28 19 17 
I throw 1
-------
In favor of BeatLast
they threw 0
31 25 21 
18 24 26 
28 19 17 
I throw 2
-------
they threw 0
32 25 21 
18 24 26 
28 19 17 
I throw 1
-------
they threw 2
32 25 22 
18 24 26 
28 19 17 
I throw 2
-------
In favor of BeatLast
they threw 2
32 25 22 
18 24 26 
28 19 18 
I throw 1
-------
In favor of BeatLast
they threw 0
32 25 22 
18 24 26 
29 19 18 
I throw 1
-------
In favor of BeatLast
they threw 2
32 25 23 
18 24 26 
29 19 18 
I throw 1
-------
they threw 0
32 25 23 
18 24 26 
30 19 18 
I throw 1
-------
In favor of BeatLast
they threw 2
32 25 24 
18 24 26 
30 19 18 
I throw 1
-------
In favor of BeatLast
they threw 2
32 25 24 
18 24 26 
30 19 19 
I throw 2
-------
they threw 0
32 25 24 
18 24 26 
31 19 19 
I throw 2
-------
In favor of BeatLast
they threw 0
33 25 24 
18 24 26 
31 19 19 
I throw 2
-------
they threw 1
33 26 24 
18 24 26 
31 19 19 
I throw 2
-------
they threw 2
33 26 24 
18 24 27 
31 19 19 
I throw 1
-------
they threw 1
33 26 24 
18 24 27 
31 20 19 
I throw 2
-------
In favor of BeatLast
they threw 2
33 26 24 
18 24 28 
31 20 19 
I throw 2
-------
they threw 2
33 26 24 
18 24 28 
31 20 20 
I throw 2
-------
they threw 1
33 26 24 
18 24 28 
31 21 20 
I throw 1
-------
In favor of BeatLast
they threw 0
33 26 24 
19 24 28 
31 21 20 
I throw 2
-------
they threw 1
33 27 24 
19 24 28 
31 21 20 
I throw 1
-------
they threw 2
33 27 24 
19 24 29 
31 21 20 
I throw 2
-------
they threw 1
33 27 24 
19 24 29 
31 22 20 
I throw 2
-------
they threw 2
33 27 24 
19 24 30 
31 22 20 
I throw 1
-------
In favor of BeatLast
they threw 0
33 27 24 
19 24 30 
32 22 20 
I throw 2
-------
In favor of BeatLast
they threw 2
33 27 25 
19 24 30 
32 22 20 
I throw 1
-------
they threw 1
33 27 25 
19 24 30 
32 23 20 
I throw 2
-------
they threw 0
33 27 25 
20 24 30 
32 23 20 
I throw 1
-------
In favor of BeatLast
they threw 0
34 27 25 
20 24 30 
32 23 20 
I throw 1
-------
they threw 0
35 27 25 
20 24 30 
32 23 20 
I throw 2
-------
In favor of BeatLast
they threw 2
35 27 26 
20 24 30 
32 23 20 
I throw 2
-------
they threw 1
35 27 26 
20 24 30 
32 24 20 
I throw 2
-------
they threw 1
35 27 26 
20 25 30 
32 24 20 
I throw 2
-------
they threw 2
35 27 26 
20 25 31 
32 24 20 
I throw 1
-------
they threw 1
35 27 26 
20 25 31 
32 25 20 
I throw 1
-------
they threw 1
35 27 26 
20 26 31 
32 25 20 
I throw 2
-------
they threw 1
35 27 26 
20 27 31 
32 25 20 
I throw 2
-------
they threw 1
35 27 26 
20 28 31 
32 25 20 
I throw 1
-------
In favor of BeatLast
they threw 0
35 27 26 
21 28 31 
32 25 20 
I throw 2
-------
they threw 1
35 28 26 
21 28 31 
32 25 20 
I throw 1
-------
they threw 2
35 28 26 
21 28 32 
32 25 20 
I throw 1
-------
In favor of BeatLast
they threw 2
35 28 26 
21 28 32 
32 25 21 
I throw 1
-------
In favor of BeatLast
they threw 2
35 28 26 
21 28 32 
32 25 22 
I throw 1
-------
they threw 1
35 28 26 
21 28 32 
32 26 22 
I throw 1
-------
they threw 0
35 28 26 
22 28 32 
32 26 22 
I throw 1
-------
they threw 1
35 29 26 
22 28 32 
32 26 22 
I throw 1
-------
they threw 1
35 29 26 
22 29 32 
32 26 22 
I throw 2
-------
they threw 1
35 29 26 
22 30 32 
32 26 22 
I throw 2
-------
they threw 2
35 29 26 
22 30 33 
32 26 22 
I throw 2
-------
they threw 2
35 29 26 
22 30 33 
32 26 23 
I throw 2
-------
they threw 2
35 29 26 
22 30 33 
32 26 24 
I throw 1
-------
they threw 1
35 29 26 
22 30 33 
32 27 24 
I throw 2
-------
they threw 0
35 29 26 
23 30 33 
32 27 24 
I throw 2
-------
they threw 1
35 30 26 
23 30 33 
32 27 24 
I throw 2
-------
they threw 2
35 30 26 
23 30 34 
32 27 24 
I throw 2
-------
they threw 1
35 30 26 
23 30 34 
32 28 24 
I throw 2
-------
they threw 1
35 30 26 
23 31 34 
32 28 24 
I throw 2
-------
they threw 1
35 30 26 
23 32 34 
32 28 24 
I throw 1
-------
they threw 1
35 30 26 
23 33 34 
32 28 24 
I throw 2
-------
they threw 1
35 30 26 
23 34 34 
32 28 24 
I throw 2
-------
they threw 1
35 30 26 
23 35 34 
32 28 24 
I throw 2
-------
they threw 1
35 30 26 
23 36 34 
32 28 24 
I throw 1
-------
they threw 1
35 30 26 
23 37 34 
32 28 24 
I throw 2
-------
they threw 0
35 30 26 
24 37 34 
32 28 24 
I throw 2
-------
In favor of BeatLast
they threw 0
36 30 26 
24 37 34 
32 28 24 
I throw 1
-------
they threw 2
36 30 27 
24 37 34 
32 28 24 
I throw 2
-------
they threw 1
36 30 27 
24 37 34 
32 29 24 
I throw 2
-------
they threw 2
36 30 27 
24 37 35 
32 29 24 
I throw 2
-------
they threw 1
36 30 27 
24 37 35 
32 30 24 
I throw 2
-------
In favor of BeatLast
they threw 0
36 30 27 
25 37 35 
32 30 24 
I throw 2
-------
In favor of BeatLast
they threw 0
37 30 27 
25 37 35 
32 30 24 
I throw 1
-------
they threw 2
37 30 28 
25 37 35 
32 30 24 
I throw 1
-------
In favor of BeatLast
they threw 2
37 30 28 
25 37 35 
32 30 25 
I throw 2
-------
In favor of BeatLast
they threw 2
37 30 28 
25 37 35 
32 30 26 
I throw 2
-------
In favor of BeatLast
they threw 0
37 30 28 
25 37 35 
33 30 26 
I throw 1
-------
they threw 2
37 30 29 
25 37 35 
33 30 26 
I throw 1
-------
In favor of BeatLast
they threw 2
37 30 29 
25 37 35 
33 30 27 
I throw 2
-------
In favor of BeatLast
they threw 2
37 30 29 
25 37 35 
33 30 28 
I throw 2
-------
In favor of BeatLast
they threw 0
37 30 29 
25 37 35 
34 30 28 
I throw 2
-------
In favor of BeatLast
they threw 0
38 30 29 
25 37 35 
34 30 28 
I throw 2
-------
they threw 1
38 31 29 
25 37 35 
34 30 28 
I throw 1
-------
In favor of BeatLast
they threw 0
38 31 29 
26 37 35 
34 30 28 
I throw 2
-------
they threw 0
39 31 29 
26 37 35 
34 30 28 
I throw 2
-------
they threw 2
39 31 30 
26 37 35 
34 30 28 
I throw 2
-------
they threw 2
39 31 30 
26 37 35 
34 30 29 
I throw 2
-------
they threw 2
39 31 30 
26 37 35 
34 30 30 
I throw 2
-------
they threw 1
39 31 30 
26 37 35 
34 31 30 
I throw 2
-------
they threw 1
39 31 30 
26 38 35 
34 31 30 
I throw 1
-------
they threw 2
39 31 30 
26 38 36 
34 31 30 
I throw 1
-------
they threw 0
39 31 30 
26 38 36 
35 31 30 
I throw 2
-------
they threw 1
39 32 30 
26 38 36 
35 31 30 
I throw 2
-------
they threw 1
39 32 30 
26 39 36 
35 31 30 
I throw 2
-------
In favor of BeatLast
they threw 0
39 32 30 
27 39 36 
35 31 30 
I throw 2
-------
In favor of BeatLast
they threw 0
40 32 30 
27 39 36 
35 31 30 
I throw 1
-------
they threw 2
40 32 31 
27 39 36 
35 31 30 
I throw 2
-------
In favor of BeatLast
they threw 2
40 32 31 
27 39 36 
35 31 31 
I throw 2
-------
In favor of BeatLast
they threw 0
40 32 31 
27 39 36 
36 31 31 
I throw 2
-------
they threw 2
40 32 32 
27 39 36 
36 31 31 
I throw 2
-------
they threw 2
40 32 32 
27 39 36 
36 31 32 
I throw 2
-------
In favor of BeatLast
they threw 0
40 32 32 
27 39 36 
37 31 32 
I throw 1
-------
In favor of BeatLast
they threw 0
41 32 32 
27 39 36 
37 31 32 
I throw 2
-------
they threw 1
41 33 32 
27 39 36 
37 31 32 
I throw 1
-------
they threw 1
41 33 32 
27 40 36 
37 31 32 
I throw 2
-------
they threw 1
41 33 32 
27 41 36 
37 31 32 
I throw 2
-------
they threw 2
41 33 32 
27 41 37 
37 31 32 
I throw 2
-------
they threw 2
41 33 32 
27 41 37 
37 31 33 
I throw 2
-------
In favor of BeatLast
they threw 0
41 33 32 
27 41 37 
38 31 33 
I throw 1
-------
they threw 1
41 34 32 
27 41 37 
38 31 33 
I throw 2
-------
they threw 1
41 34 32 
27 42 37 
38 31 33 
I throw 1
-------
they threw 2
41 34 32 
27 42 38 
38 31 33 
I throw 2
-------
they threw 0
41 34 32 
27 42 38 
39 31 33 
I throw 2
-------
In favor of BeatLast
they threw 0
42 34 32 
27 42 38 
39 31 33 
I throw 2
-------
In favor of BeatLast
they threw 0
43 34 32 
27 42 38 
39 31 33 
I throw 1
-------
In favor of BeatLast
they threw 0
44 34 32 
27 42 38 
39 31 33 
I throw 1
-------
they threw 1
44 35 32 
27 42 38 
39 31 33 
I throw 2
-------
they threw 1
44 35 32 
27 43 38 
39 31 33 
I throw 2
-------
they threw 1
44 35 32 
27 44 38 
39 31 33 
I throw 2
-------
they threw 2
44 35 32 
27 44 39 
39 31 33 
I throw 2
-------
they threw 1
44 35 32 
27 44 39 
39 32 33 
I throw 2
-------
they threw 2
44 35 32 
27 44 40 
39 32 33 
I throw 2
-------
they threw 1
44 35 32 
27 44 40 
39 33 33 
I throw 2
-------
they threw 2
44 35 32 
27 44 41 
39 33 33 
I throw 1
-------
In favor of BeatLast
they threw 0
44 35 32 
27 44 41 
40 33 33 
I throw 2
-------
In favor of BeatLast
they threw 2
44 35 33 
27 44 41 
40 33 33 
I throw 2
-------
they threw 1
44 35 33 
27 44 41 
40 34 33 
I throw 1
-------
they threw 2
44 35 33 
27 44 42 
40 34 33 
I throw 2
-------
In favor of BeatLast
they threw 2
44 35 33 
27 44 42 
40 34 34 
I throw 2
-------
they threw 2
44 35 33 
27 44 42 
40 34 35 
I throw 1
-------
In favor of BeatLast
they threw 0
44 35 33 
27 44 42 
41 34 35 
I throw 2
-------
In favor of BeatLast
they threw 2
44 35 34 
27 44 42 
41 34 35 
I throw 2
-------
they threw 1
44 35 34 
27 44 42 
41 35 35 
I throw 2
-------
In favor of BeatLast
they threw 0
44 35 34 
28 44 42 
41 35 35 
I throw 2
-------
In favor of BeatLast
they threw 0
45 35 34 
28 44 42 
41 35 35 
I throw 2
-------
In favor of BeatLast
they threw 0
46 35 34 
28 44 42 
41 35 35 
I throw 2
-------
In favor of BeatLast
they threw 0
47 35 34 
28 44 42 
41 35 35 
I throw 1
-------
they threw 1
47 36 34 
28 44 42 
41 35 35 
I throw 2
-------
they threw 1
47 36 34 
28 45 42 
41 35 35 
I throw 2
-------
In favor of BeatLast
they threw 0
47 36 34 
29 45 42 
41 35 35 
I throw 2
-------
they threw 2
47 36 35 
29 45 42 
41 35 35 
I throw 1
-------
they threw 1
47 36 35 
29 45 42 
41 36 35 
I throw 2
-------
In favor of BeatLast
they threw 2
47 36 35 
29 45 43 
41 36 35 
I throw 1
-------
they threw 2
47 36 35 
29 45 43 
41 36 36 
I throw 2
-------
they threw 0
47 36 35 
29 45 43 
42 36 36 
I throw 2
-------
they threw 2
47 36 36 
29 45 43 
42 36 36 
I throw 2
-------
they threw 2
47 36 36 
29 45 43 
42 36 37 
I throw 2
-------
they threw 2
47 36 36 
29 45 43 
42 36 38 
I throw 1
-------
they threw 1
47 36 36 
29 45 43 
42 37 38 
I throw 1
-------
In favor of BeatLast
they threw 2
47 36 36 
29 45 44 
42 37 38 
I throw 2
-------
they threw 0
47 36 36 
29 45 44 
43 37 38 
I throw 2
-------
they threw 1
47 37 36 
29 45 44 
43 37 38 
I throw 2
-------
they threw 2
47 37 36 
29 45 45 
43 37 38 
I throw 2
-------
they threw 1
47 37 36 
29 45 45 
43 38 38 
I throw 1
-------
they threw 1
47 37 36 
29 46 45 
43 38 38 
I throw 2
-------
they threw 1
47 37 36 
29 47 45 
43 38 38 
I throw 2
-------
In favor of BeatLast
they threw 0
47 37 36 
30 47 45 
43 38 38 
I throw 1
-------
they threw 2
47 37 37 
30 47 45 
43 38 38 
I throw 1
-------
In favor of BeatLast
they threw 2
47 37 37 
30 47 45 
43 38 39 
I throw 2
-------
In favor of BeatLast
they threw 2
47 37 37 
30 47 45 
43 38 40 
I throw 2
-------
In favor of BeatLast
they threw 0
47 37 37 
30 47 45 
44 38 40 
I throw 1
-------
In favor of BeatLast
they threw 0
48 37 37 
30 47 45 
44 38 40 
I throw 1
-------
they threw 0
49 37 37 
30 47 45 
44 38 40 
I throw 2
-------
In favor of BeatLast
they threw 2
49 37 38 
30 47 45 
44 38 40 
I throw 2
-------
they threw 2
49 37 38 
30 47 45 
44 38 41 
I throw 2
-------
they threw 1
49 37 38 
30 47 45 
44 39 41 
I throw 2
-------
they threw 1
49 37 38 
30 48 45 
44 39 41 
I throw 1
-------
they threw 1
49 37 38 
30 49 45 
44 39 41 
I throw 1
-------
In favor of BeatLast
they threw 2
49 37 38 
30 49 46 
44 39 41 
I throw 2
-------
In favor of BeatLast
they threw 2
49 37 38 
30 49 46 
44 39 42 
I throw 2
-------
In favor of BeatLast
they threw 0
49 37 38 
30 49 46 
45 39 42 
I throw 2
-------
In favor of BeatLast
they threw 0
50 37 38 
30 49 46 
45 39 42 
I throw 2
-------
they threw 2
50 37 39 
30 49 46 
45 39 42 
I throw 2
-------
they threw 2
50 37 39 
30 49 46 
45 39 43 
I throw 2
-------
In favor of BeatLast
they threw 0
50 37 39 
30 49 46 
46 39 43 
I throw 1
-------
they threw 1
50 38 39 
30 49 46 
46 39 43 
I throw 1
-------
they threw 1
50 38 39 
30 50 46 
46 39 43 
I throw 2
-------
they threw 0
50 38 39 
31 50 46 
46 39 43 
I throw 1
-------
they threw 1
50 39 39 
31 50 46 
46 39 43 
I throw 2
-------
they threw 0
50 39 39 
32 50 46 
46 39 43 
I throw 1
-------
they threw 2
50 39 40 
32 50 46 
46 39 43 
I throw 2
-------
In favor of BeatLast
they threw 2
50 39 40 
32 50 46 
46 39 44 
I throw 1
-------
they threw 1
50 39 40 
32 50 46 
46 40 44 
I throw 1
-------
In favor of BeatLast
they threw 2
50 39 40 
32 50 47 
46 40 44 
I throw 2
-------
In favor of BeatLast
they threw 2
50 39 40 
32 50 47 
46 40 45 
I throw 1
-------
they threw 2
50 39 40 
32 50 47 
46 40 46 
I throw 2
-------
they threw 1
50 39 40 
32 50 47 
46 41 46 
I throw 1
-------
they threw 1
50 39 40 
32 51 47 
46 41 46 
I throw 1
-------
they threw 1
50 39 40 
32 52 47 
46 41 46 
I throw 2
-------
they threw 0
50 39 40 
33 52 47 
46 41 46 
I throw 2
-------
they threw 2
50 39 41 
33 52 47 
46 41 46 
I throw 2
-------
In favor of BeatLast
they threw 0
50 39 41 
33 52 47 
47 41 46 
I throw 2
-------
they threw 2
50 39 42 
33 52 47 
47 41 46 
I throw 2
-------
In favor of BeatLast
they threw 0
50 39 42 
33 52 47 
48 41 46 
I throw 1
-------
In favor of BeatLast
they threw 0
51 39 42 
33 52 47 
48 41 46 
I throw 1
-------
they threw 0
52 39 42 
33 52 47 
48 41 46 
I throw 2
-------
In favor of BeatLast
they threw 2
52 39 43 
33 52 47 
48 41 46 
I throw 1
-------
In favor of BeatLast
they threw 0
52 39 43 
33 52 47 
49 41 46 
I throw 2
-------
In favor of BeatLast
they threw 2
52 39 44 
33 52 47 
49 41 46 
I throw 1
-------
they threw 2
52 39 44 
33 52 47 
49 41 47 
I throw 1
-------
they threw 1
52 39 44 
33 52 47 
49 42 47 
I throw 1
-------
In favor of BeatLast
they threw 2
52 39 44 
33 52 48 
49 42 47 
I throw 2
-------
they threw 0
52 39 44 
33 52 48 
50 42 47 
I throw 2
-------
they threw 2
52 39 45 
33 52 48 
50 42 47 
I throw 2
-------
they threw 1
52 39 45 
33 52 48 
50 43 47 
I throw 1
-------
they threw 2
52 39 45 
33 52 49 
50 43 47 
I throw 2
-------
they threw 1
52 39 45 
33 52 49 
50 44 47 
I throw 2
-------
In favor of BeatLast
they threw 0
52 39 45 
34 52 49 
50 44 47 
I throw 2
-------
they threw 1
52 40 45 
34 52 49 
50 44 47 
I throw 2
-------
In favor of BeatLast
they threw 0
52 40 45 
35 52 49 
50 44 47 
I throw 2
-------
they threw 1
52 41 45 
35 52 49 
50 44 47 
I throw 2
-------
they threw 1
52 41 45 
35 53 49 
50 44 47 
I throw 2
-------
they threw 1
52 41 45 
35 54 49 
50 44 47 
I throw 2
-------
they threw 2
52 41 45 
35 54 50 
50 44 47 
I throw 2
-------
In favor of BeatLast
they threw 0
52 41 45 
35 54 50 
51 44 47 
I throw 2
-------
they threw 1
52 42 45 
35 54 50 
51 44 47 
I throw 2
-------
In favor of BeatLast
they threw 0
52 42 45 
36 54 50 
51 44 47 
I throw 1
-------
they threw 2
52 42 46 
36 54 50 
51 44 47 
I throw 2
-------
they threw 1
52 42 46 
36 54 50 
51 45 47 
I throw 2
-------
they threw 1
52 42 46 
36 55 50 
51 45 47 
I throw 2
-------
In favor of BeatLast
they threw 0
52 42 46 
37 55 50 
51 45 47 
I throw 1
-------
they threw 2
52 42 47 
37 55 50 
51 45 47 
I throw 2
-------
they threw 1
52 42 47 
37 55 50 
51 46 47 
I throw 2
-------
they threw 2
52 42 47 
37 55 51 
51 46 47 
I throw 1
-------
they threw 1
52 42 47 
37 55 51 
51 47 47 
I throw 2
-------
they threw 1
52 42 47 
37 56 51 
51 47 47 
I throw 1
-------
In favor of BeatLast
they threw 0
52 42 47 
38 56 51 
51 47 47 
I throw 1
-------
they threw 0
53 42 47 
38 56 51 
51 47 47 
I throw 2
-------
In favor of BeatLast
they threw 2
53 42 48 
38 56 51 
51 47 47 
I throw 1
-------
In favor of BeatLast
they threw 0
53 42 48 
38 56 51 
52 47 47 
I throw 2
-------
they threw 1
53 43 48 
38 56 51 
52 47 47 
I throw 2
-------
they threw 2
53 43 48 
38 56 52 
52 47 47 
I throw 1
-------
they threw 1
53 43 48 
38 56 52 
52 48 47 
I throw 2
-------
they threw 0
53 43 48 
39 56 52 
52 48 47 
I throw 2
-------
In favor of BeatLast
they threw 0
54 43 48 
39 56 52 
52 48 47 
I throw 2
-------
In favor of BeatLast
they threw 0
55 43 48 
39 56 52 
52 48 47 
I throw 2
-------
In favor of BeatLast
they threw 0
56 43 48 
39 56 52 
52 48 47 
I throw 2
-------
they threw 1
56 44 48 
39 56 52 
52 48 47 
I throw 2
-------
In favor of BeatLast
they threw 0
56 44 48 
40 56 52 
52 48 47 
I throw 1
-------
In favor of BeatLast
they threw 0
57 44 48 
40 56 52 
52 48 47 
I throw 2
-------
they threw 0
58 44 48 
40 56 52 
52 48 47 
I throw 1
-------
they threw 1
58 45 48 
40 56 52 
52 48 47 
I throw 1
-------
they threw 1
58 45 48 
40 57 52 
52 48 47 
I throw 2
-------
they threw 0
58 45 48 
41 57 52 
52 48 47 
I throw 1
-------
In favor of BeatLast
they threw 0
59 45 48 
41 57 52 
52 48 47 
I throw 2
-------
In favor of BeatLast
they threw 2
59 45 49 
41 57 52 
52 48 47 
I throw 2
-------
they threw 1
59 45 49 
41 57 52 
52 49 47 
I throw 2
-------
they threw 2
59 45 49 
41 57 53 
52 49 47 
I throw 2
-------
they threw 1
59 45 49 
41 57 53 
52 50 47 
I throw 2
-------
they threw 2
59 45 49 
41 57 54 
52 50 47 
I throw 1
-------
they threw 2
59 45 49 
41 57 54 
52 50 48 
I throw 2
-------
In favor of BeatLast
they threw 2
59 45 49 
41 57 54 
52 50 49 
I throw 2
-------
they threw 2
59 45 49 
41 57 54 
52 50 50 
I throw 2
-------
they threw 2
59 45 49 
41 57 54 
52 50 51 
I throw 2
-------
In favor of BeatLast
they threw 0
59 45 49 
41 57 54 
53 50 51 
I throw 1
-------
In favor of BeatLast
they threw 0
60 45 49 
41 57 54 
53 50 51 
I throw 1
-------
they threw 0
61 45 49 
41 57 54 
53 50 51 
I throw 2
-------
they threw 0
62 45 49 
41 57 54 
53 50 51 
I throw 2
-------
In favor of BeatLast
they threw 0
63 45 49 
41 57 54 
53 50 51 
I throw 1
-------
they threw 2
63 45 50 
41 57 54 
53 50 51 
I throw 1
-------
they threw 1
63 45 50 
41 57 54 
53 51 51 
I throw 2
-------
they threw 1
63 45 50 
41 58 54 
53 51 51 
I throw 2
-------
In favor of BeatLast
they threw 0
63 45 50 
42 58 54 
53 51 51 
I throw 2
-------
In favor of BeatLast
they threw 0
64 45 50 
42 58 54 
53 51 51 
I throw 2
-------
they threw 2
64 45 51 
42 58 54 
53 51 51 
I throw 2
-------
In favor of BeatLast
they threw 0
64 45 51 
42 58 54 
54 51 51 
I throw 2
-------
they threw 2
64 45 52 
42 58 54 
54 51 51 
I throw 2
-------
In favor of BeatLast
they threw 0
64 45 52 
42 58 54 
55 51 51 
I throw 1
-------
they threw 2
64 45 53 
42 58 54 
55 51 51 
I throw 1
-------
In favor of BeatLast
they threw 2
64 45 53 
42 58 54 
55 51 52 
I throw 2
-------
they threw 0
64 45 53 
42 58 54 
56 51 52 
I throw 1
-------
In favor of BeatLast
they threw 0
65 45 53 
42 58 54 
56 51 52 
I throw 2
-------
they threw 0
66 45 53 
42 58 54 
56 51 52 
I throw 1
-------
they threw 1
66 46 53 
42 58 54 
56 51 52 
I throw 2
-------
they threw 1
66 46 53 
42 59 54 
56 51 52 
I throw 1
-------
they threw 1
66 46 53 
42 60 54 
56 51 52 
I throw 2
-------
they threw 1
66 46 53 
42 61 54 
56 51 52 
I throw 2
-------
they threw 2
66 46 53 
42 61 55 
56 51 52 
I throw 1
-------
In favor of BeatLast
they threw 0
66 46 53 
42 61 55 
57 51 52 
I throw 2
-------
they threw 0
67 46 53 
42 61 55 
57 51 52 
I throw 1
-------
they threw 2
67 46 54 
42 61 55 
57 51 52 
I throw 2
-------
they threw 1
67 46 54 
42 61 55 
57 52 52 
I throw 1
-------
they threw 2
67 46 54 
42 61 56 
57 52 52 
I throw 2
-------
In favor of BeatLast
they threw 2
67 46 54 
42 61 56 
57 52 53 
I throw 2
-------
they threw 1
67 46 54 
42 61 56 
57 53 53 
I throw 2
-------
they threw 2
67 46 54 
42 61 57 
57 53 53 
I throw 1
-------
they threw 1
67 46 54 
42 61 57 
57 54 53 
I throw 2
-------
In favor of BeatLast
they threw 2
67 46 54 
42 61 58 
57 54 53 
I throw 1
-------
they threw 1
67 46 54 
42 61 58 
57 55 53 
I throw 1
-------
they threw 1
67 46 54 
42 62 58 
57 55 53 
I throw 1
-------
they threw 0
67 46 54 
43 62 58 
57 55 53 
I throw 2
-------
In favor of BeatLast
they threw 2
67 46 55 
43 62 58 
57 55 53 
I throw 2
-------
they threw 2
67 46 55 
43 62 58 
57 55 54 
I throw 2
-------
they threw 1
67 46 55 
43 62 58 
57 56 54 
I throw 1
-------
In favor of BeatLast
they threw 0
67 46 55 
44 62 58 
57 56 54 
I throw 1
-------
In favor of BeatLast
they threw 2
67 46 56 
44 62 58 
57 56 54 
I throw 2
-------
they threw 0
67 46 56 
44 62 58 
58 56 54 
I throw 2
-------
they threw 2
67 46 57 
44 62 58 
58 56 54 
I throw 1
-------
they threw 1
67 46 57 
44 62 58 
58 57 54 
I throw 2
-------
they threw 0
67 46 57 
45 62 58 
58 57 54 
I throw 2
-------
they threw 2
67 46 58 
45 62 58 
58 57 54 
I throw 2
-------
they threw 2
67 46 58 
45 62 58 
58 57 55 
I throw 2
-------
they threw 2
67 46 58 
45 62 58 
58 57 56 
I throw 2
-------
they threw 1
67 46 58 
45 62 58 
58 58 56 
I throw 2
-------
they threw 1
67 46 58 
45 63 58 
58 58 56 
I throw 2
-------
they threw 2
67 46 58 
45 63 59 
58 58 56 
I throw 2
-------
they threw 1
67 46 58 
45 63 59 
58 59 56 
I throw 2
-------
In favor of BeatLast
they threw 0
67 46 58 
46 63 59 
58 59 56 
I throw 2
-------
In favor of BeatLast
they threw 0
68 46 58 
46 63 59 
58 59 56 
I throw 1
-------
they threw 2
68 46 59 
46 63 59 
58 59 56 
I throw 1
-------
In favor of BeatLast
they threw 2
68 46 59 
46 63 59 
58 59 57 
I throw 2
-------
In favor of BeatLast
they threw 2
68 46 59 
46 63 59 
58 59 58 
I throw 1
-------
In favor of BeatLast
they threw 0
68 46 59 
46 63 59 
59 59 58 
I throw 1
-------
they threw 0
69 46 59 
46 63 59 
59 59 58 
I throw 1
-------
they threw 1
69 47 59 
46 63 59 
59 59 58 
I throw 2
-------
they threw 0
69 47 59 
47 63 59 
59 59 58 
I throw 2
-------
In favor of BeatLast
they threw 0
70 47 59 
47 63 59 
59 59 58 
I throw 1
-------
they threw 1
70 48 59 
47 63 59 
59 59 58 
I throw 1
-------
In favor of BeatLast
they threw 2
70 48 59 
47 63 60 
59 59 58 
I throw 2
-------
they threw 1
70 48 59 
47 63 60 
59 60 58 
I throw 2
-------
they threw 2
70 48 59 
47 63 61 
59 60 58 
I throw 2
-------
they threw 1
70 48 59 
47 63 61 
59 61 58 
I throw 2
-------
In favor of BeatLast
they threw 0
70 48 59 
48 63 61 
59 61 58 
I throw 1
-------
In favor of BeatLast
they threw 0
71 48 59 
48 63 61 
59 61 58 
I throw 1
-------
they threw 0
72 48 59 
48 63 61 
59 61 58 
I throw 1
-------
In favor of BeatLast
they threw 2
72 48 60 
48 63 61 
59 61 58 
I throw 2
-------
they threw 0
72 48 60 
48 63 61 
60 61 58 
I throw 2
-------
they threw 2
72 48 61 
48 63 61 
60 61 58 
I throw 1
-------
In favor of BeatLast
they threw 0
72 48 61 
48 63 61 
61 61 58 
I throw 1
-------
they threw 1
72 49 61 
48 63 61 
61 61 58 
I throw 2
-------
they threw 0
72 49 61 
49 63 61 
61 61 58 
I throw 1
-------
they threw 2
72 49 62 
49 63 61 
61 61 58 
I throw 2
-------
In favor of BeatLast
they threw 2
72 49 62 
49 63 61 
61 61 59 
I throw 2
-------
they threw 1
72 49 62 
49 63 61 
61 62 59 
I throw 2
-------
In favor of BeatLast
they threw 0
72 49 62 
50 63 61 
61 62 59 
I throw 2
-------
In favor of BeatLast
they threw 0
73 49 62 
50 63 61 
61 62 59 
I throw 2
-------
In favor of BeatLast
they threw 0
74 49 62 
50 63 61 
61 62 59 
I throw 1
-------
they threw 2
74 49 63 
50 63 61 
61 62 59 
I throw 2
-------
they threw 0
74 49 63 
50 63 61 
62 62 59 
I throw 1
-------
they threw 2
74 49 64 
50 63 61 
62 62 59 
I throw 2
-------
they threw 1
74 49 64 
50 63 61 
62 63 59 
I throw 1
-------
In favor of BeatLast
they threw 0
74 49 64 
51 63 61 
62 63 59 
I throw 2
-------
they threw 1
74 50 64 
51 63 61 
62 63 59 
I throw 1
-------
In favor of BeatLast
they threw 0
74 50 64 
52 63 61 
62 63 59 
I throw 2
-------
they threw 1
74 51 64 
52 63 61 
62 63 59 
I throw 1
-------
In favor of BeatLast
they threw 0
74 51 64 
53 63 61 
62 63 59 
I throw 2
-------
In favor of BeatLast
they threw 2
74 51 65 
53 63 61 
62 63 59 
I throw 2
-------
they threw 1
74 51 65 
53 63 61 
62 64 59 
I throw 2
-------
they threw 1
74 51 65 
53 64 61 
62 64 59 
I throw 1
-------
they threw 1
74 51 65 
53 65 61 
62 64 59 
I throw 2
-------
they threw 1
74 51 65 
53 66 61 
62 64 59 
I throw 2
-------
they threw 2
74 51 65 
53 66 62 
62 64 59 
I throw 2
-------
they threw 1
74 51 65 
53 66 62 
62 65 59 
I throw 1
-------
they threw 2
74 51 65 
53 66 63 
62 65 59 
I throw 2
-------
they threw 0
74 51 65 
53 66 63 
63 65 59 
I throw 2
-------
they threw 2
74 51 66 
53 66 63 
63 65 59 
I throw 1
-------
they threw 1
74 51 66 
53 66 63 
63 66 59 
I throw 2
-------
they threw 1
74 51 66 
53 67 63 
63 66 59 
I throw 2
-------
they threw 1
74 51 66 
53 68 63 
63 66 59 
I throw 1
-------
they threw 1
74 51 66 
53 69 63 
63 66 59 
I throw 1
-------
In favor of BeatLast
they threw 2
74 51 66 
53 69 64 
63 66 59 
I throw 1
-------
they threw 0
74 51 66 
53 69 64 
64 66 59 
I throw 1
-------
they threw 0
75 51 66 
53 69 64 
64 66 59 
I throw 2
-------
they threw 1
75 52 66 
53 69 64 
64 66 59 
I throw 2
-------
they threw 2
75 52 66 
53 69 65 
64 66 59 
I throw 2
-------
they threw 1
75 52 66 
53 69 65 
64 67 59 
I throw 2
-------
they threw 2
75 52 66 
53 69 66 
64 67 59 
I throw 2
-------
they threw 1
75 52 66 
53 69 66 
64 68 59 
I throw 1
-------
In favor of BeatLast
they threw 0
75 52 66 
54 69 66 
64 68 59 
I throw 2
-------
they threw 1
75 53 66 
54 69 66 
64 68 59 
I throw 2
-------
they threw 1
75 53 66 
54 70 66 
64 68 59 
I throw 2
-------
they threw 2
75 53 66 
54 70 67 
64 68 59 
I throw 2
-------
they threw 2
75 53 66 
54 70 67 
64 68 60 
I throw 2
-------
In favor of BeatLast
they threw 0
75 53 66 
54 70 67 
65 68 60 
I throw 2
-------
they threw 2
75 53 67 
54 70 67 
65 68 60 
I throw 1
-------
In favor of BeatLast
they threw 0
75 53 67 
54 70 67 
66 68 60 
I throw 2
-------
In favor of BeatLast
they threw 2
75 53 68 
54 70 67 
66 68 60 
I throw 2
-------
they threw 1
75 53 68 
54 70 67 
66 69 60 
I throw 2
-------
In favor of BeatLast
they threw 0
75 53 68 
55 70 67 
66 69 60 
I throw 2
-------
they threw 2
75 53 69 
55 70 67 
66 69 60 
I throw 1
-------
In favor of BeatLast
they threw 0
75 53 69 
55 70 67 
67 69 60 
I throw 1
-------
they threw 1
75 54 69 
55 70 67 
67 69 60 
I throw 2
-------
they threw 1
75 54 69 
55 71 67 
67 69 60 
I throw 2
-------
they threw 1
75 54 69 
55 72 67 
67 69 60 
I throw 2
-------
In favor of BeatLast
they threw 0
75 54 69 
56 72 67 
67 69 60 
I throw 2
-------
they threw 1
75 55 69 
56 72 67 
67 69 60 
I throw 1
-------
In favor of BeatLast
they threw 0
75 55 69 
57 72 67 
67 69 60 
I throw 1
-------
they threw 0
76 55 69 
57 72 67 
67 69 60 
I throw 2
-------
In favor of BeatLast
they threw 2
76 55 70 
57 72 67 
67 69 60 
I throw 1
-------
they threw 2
76 55 70 
57 72 67 
67 69 61 
I throw 2
-------
In favor of BeatLast
they threw 2
76 55 70 
57 72 67 
67 69 62 
I throw 2
-------
In favor of BeatLast
they threw 0
76 55 70 
57 72 67 
68 69 62 
I throw 1
-------
they threw 2
76 55 71 
57 72 67 
68 69 62 
I throw 1
-------
In favor of BeatLast
they threw 2
76 55 71 
57 72 67 
68 69 63 
I throw 2
-------
they threw 1
76 55 71 
57 72 67 
68 70 63 
I throw 2
-------
they threw 2
76 55 71 
57 72 68 
68 70 63 
I throw 2
-------
In favor of BeatLast
they threw 0
76 55 71 
57 72 68 
69 70 63 
I throw 2
-------
they threw 1
76 56 71 
57 72 68 
69 70 63 
I throw 2
-------
they threw 2
76 56 71 
57 72 69 
69 70 63 
I throw 2
-------
they threw 2
76 56 71 
57 72 69 
69 70 64 
I throw 2
-------
they threw 2
76 56 71 
57 72 69 
69 70 65 
I throw 1
-------
they threw 1
76 56 71 
57 72 69 
69 71 65 
I throw 1
-------
In favor of BeatLast
they threw 2
76 56 71 
57 72 70 
69 71 65 
I throw 1
-------
they threw 0
76 56 71 
57 72 70 
70 71 65 
I throw 2
-------
they threw 1
76 57 71 
57 72 70 
70 71 65 
I throw 2
-------
In favor of BeatLast
they threw 0
76 57 71 
58 72 70 
70 71 65 
I throw 2
-------
In favor of BeatLast
they threw 0
77 57 71 
58 72 70 
70 71 65 
I throw 1
-------
they threw 1
77 58 71 
58 72 70 
70 71 65 
I throw 2
-------
they threw 0
77 58 71 
59 72 70 
70 71 65 
I throw 2
-------
In favor of BeatLast
they threw 0
78 58 71 
59 72 70 
70 71 65 
I throw 1
-------
In favor of BeatLast
they threw 0
79 58 71 
59 72 70 
70 71 65 
I throw 2
-------
In favor of BeatLast
they threw 2
79 58 72 
59 72 70 
70 71 65 
I throw 2
-------
they threw 2
79 58 72 
59 72 70 
70 71 66 
I throw 1
-------
In favor of BeatLast
they threw 0
79 58 72 
59 72 70 
71 71 66 
I throw 1
-------
In favor of BeatLast
they threw 2
79 58 73 
59 72 70 
71 71 66 
I throw 2
-------
they threw 0
79 58 73 
59 72 70 
72 71 66 
I throw 1
-------
In favor of BeatLast
they threw 0
80 58 73 
59 72 70 
72 71 66 
I throw 2
-------
they threw 0
81 58 73 
59 72 70 
72 71 66 
I throw 2
-------
they threw 2
81 58 74 
59 72 70 
72 71 66 
I throw 2
-------
they threw 2
81 58 74 
59 72 70 
72 71 67 
I throw 2
-------
In favor of BeatLast
they threw 0
81 58 74 
59 72 70 
73 71 67 
I throw 1
-------
they threw 2
81 58 75 
59 72 70 
73 71 67 
I throw 2
-------
they threw 0
81 58 75 
59 72 70 
74 71 67 
I throw 2
-------
they threw 2
81 58 76 
59 72 70 
74 71 67 
I throw 1
-------
they threw 1
81 58 76 
59 72 70 
74 72 67 
I throw 2
-------
they threw 0
81 58 76 
60 72 70 
74 72 67 
I throw 2
-------
In favor of BeatLast
they threw 0
82 58 76 
60 72 70 
74 72 67 
I throw 1
-------
they threw 1
82 59 76 
60 72 70 
74 72 67 
I throw 2
-------
they threw 1
82 59 76 
60 73 70 
74 72 67 
I throw 2
-------
they threw 1
82 59 76 
60 74 70 
74 72 67 
I throw 2
-------
they threw 2
82 59 76 
60 74 71 
74 72 67 
I throw 2
-------
they threw 1
82 59 76 
60 74 71 
74 73 67 
I throw 1
-------
In favor of BeatLast
they threw 0
82 59 76 
61 74 71 
74 73 67 
I throw 2
-------
they threw 0
83 59 76 
61 74 71 
74 73 67 
I throw 2
-------
In favor of BeatLast
they threw 0
84 59 76 
61 74 71 
74 73 67 
I throw 1
-------
In favor of BeatLast
they threw 0
85 59 76 
61 74 71 
74 73 67 
I throw 1
-------
they threw 1
85 60 76 
61 74 71 
74 73 67 
I throw 2
-------
they threw 1
85 60 76 
61 75 71 
74 73 67 
I throw 2
-------
In favor of BeatLast
they threw 0
85 60 76 
62 75 71 
74 73 67 
I throw 2
-------
they threw 1
85 61 76 
62 75 71 
74 73 67 
I throw 2
-------
they threw 2
85 61 76 
62 75 72 
74 73 67 
I throw 2
-------
In favor of BeatLast
they threw 0
85 61 76 
62 75 72 
75 73 67 
I throw 2
-------
they threw 1
85 62 76 
62 75 72 
75 73 67 
I throw 2
-------
they threw 1
85 62 76 
62 76 72 
75 73 67 
I throw 1
-------
In favor of BeatLast
they threw 0
85 62 76 
63 76 72 
75 73 67 
I throw 2
-------
they threw 0
86 62 76 
63 76 72 
75 73 67 
I throw 2
-------
they threw 1
86 63 76 
63 76 72 
75 73 67 
I throw 1
-------
they threw 2
86 63 76 
63 76 73 
75 73 67 
I throw 1
-------
In favor of BeatLast
they threw 2
86 63 76 
63 76 73 
75 73 68 
I throw 1
-------
they threw 1
86 63 76 
63 76 73 
75 74 68 
I throw 1
-------
they threw 1
86 63 76 
63 77 73 
75 74 68 
I throw 1
-------
they threw 0
86 63 76 
64 77 73 
75 74 68 
I throw 2
-------
they threw 1
86 64 76 
64 77 73 
75 74 68 
I throw 2
-------
they threw 1
86 64 76 
64 78 73 
75 74 68 
I throw 2
-------
they threw 2
86 64 76 
64 78 74 
75 74 68 
I throw 1
-------
they threw 1
86 64 76 
64 78 74 
75 75 68 
I throw 2
-------
they threw 0
86 64 76 
65 78 74 
75 75 68 
I throw 2
-------
they threw 2
86 64 77 
65 78 74 
75 75 68 
I throw 1
-------
In favor of BeatLast
they threw 0
86 64 77 
65 78 74 
76 75 68 
I throw 2
-------
they threw 0
87 64 77 
65 78 74 
76 75 68 
I throw 2
-------
they threw 1
87 65 77 
65 78 74 
76 75 68 
I throw 2
-------
they threw 2
87 65 77 
65 78 75 
76 75 68 
I throw 1
-------
they threw 2
87 65 77 
65 78 75 
76 75 69 
I throw 2
-------
they threw 0
87 65 77 
65 78 75 
77 75 69 
I throw 2
-------
In favor of BeatLast
they threw 0
88 65 77 
65 78 75 
77 75 69 
I throw 1
-------
In favor of BeatLast
they threw 0
89 65 77 
65 78 75 
77 75 69 
I throw 2
-------
In favor of BeatLast
they threw 2
89 65 78 
65 78 75 
77 75 69 
I throw 1
-------
they threw 1
89 65 78 
65 78 75 
77 76 69 
I throw 2
-------
they threw 1
89 65 78 
65 79 75 
77 76 69 
I throw 2
-------
they threw 2
89 65 78 
65 79 76 
77 76 69 
I throw 2
-------
In favor of BeatLast
they threw 0
89 65 78 
65 79 76 
78 76 69 
I throw 2
-------
they threw 1
89 66 78 
65 79 76 
78 76 69 
I throw 2
-------
In favor of BeatLast
they threw 0
89 66 78 
66 79 76 
78 76 69 
I throw 1
-------
they threw 1
89 67 78 
66 79 76 
78 76 69 
I throw 2
-------
they threw 0
89 67 78 
67 79 76 
78 76 69 
I throw 1
-------
they threw 1
89 68 78 
67 79 76 
78 76 69 
I throw 2
-------
In favor of BeatLast
they threw 2
89 68 78 
67 79 77 
78 76 69 
I throw 2
-------
they threw 2
89 68 78 
67 79 77 
78 76 70 
I throw 2
-------
they threw 1
89 68 78 
67 79 77 
78 77 70 
I throw 2
-------
they threw 1
89 68 78 
67 80 77 
78 77 70 
I throw 2
-------
they threw 2
89 68 78 
67 80 78 
78 77 70 
I throw 2
-------
In favor of BeatLast
they threw 0
89 68 78 
67 80 78 
79 77 70 
I throw 1
-------
they threw 2
89 68 79 
67 80 78 
79 77 70 
I throw 1
-------
they threw 1
89 68 79 
67 80 78 
79 78 70 
I throw 2
-------
they threw 0
89 68 79 
68 80 78 
79 78 70 
I throw 2
-------
In favor of BeatLast
they threw 0
90 68 79 
68 80 78 
79 78 70 
I throw 1
-------
they threw 2
90 68 80 
68 80 78 
79 78 70 
I throw 2
-------
In favor of BeatLast
they threw 2
90 68 80 
68 80 78 
79 78 71 
I throw 1
-------
In favor of BeatLast
they threw 0
90 68 80 
68 80 78 
80 78 71 
I throw 1
-------
they threw 1
90 69 80 
68 80 78 
80 78 71 
I throw 2
-------
In favor of BeatLast
they threw 2
90 69 80 
68 80 79 
80 78 71 
I throw 2
-------
they threw 2
90 69 80 
68 80 79 
80 78 72 
I throw 1
-------
they threw 2
90 69 80 
68 80 79 
80 78 73 
I throw 2
-------
they threw 0
90 69 80 
68 80 79 
81 78 73 
I throw 2
-------
they threw 1
90 70 80 
68 80 79 
81 78 73 
I throw 1
-------
they threw 2
90 70 80 
68 80 80 
81 78 73 
I throw 2
-------
they threw 0
90 70 80 
68 80 80 
82 78 73 
I throw 2
-------
they threw 2
90 70 81 
68 80 80 
82 78 73 
I throw 2
-------
they threw 2
90 70 81 
68 80 80 
82 78 74 
I throw 2
-------
they threw 1
90 70 81 
68 80 80 
82 79 74 
I throw 2
-------
they threw 2
90 70 81 
68 80 81 
82 79 74 
I throw 2
-------
In favor of BeatLast
they threw 0
90 70 81 
68 80 81 
83 79 74 
I throw 2
-------
In favor of BeatLast
they threw 0
91 70 81 
68 80 81 
83 79 74 
I throw 2
-------
In favor of BeatLast
they threw 0
92 70 81 
68 80 81 
83 79 74 
I throw 2
-------
they threw 2
92 70 82 
68 80 81 
83 79 74 
I throw 2
-------
In favor of BeatLast
they threw 0
92 70 82 
68 80 81 
84 79 74 
I throw 2
-------
they threw 2
92 70 83 
68 80 81 
84 79 74 
I throw 2
-------
In favor of BeatLast
they threw 0
92 70 83 
68 80 81 
85 79 74 
I throw 1
-------
In favor of BeatLast
they threw 0
93 70 83 
68 80 81 
85 79 74 
I throw 1
-------
In favor of BeatLast
they threw 2
93 70 84 
68 80 81 
85 79 74 
I throw 2
-------
they threw 0
93 70 84 
68 80 81 
86 79 74 
I throw 2
-------
In favor of BeatLast
they threw 0
94 70 84 
68 80 81 
86 79 74 
I throw 1
-------
they threw 2
94 70 85 
68 80 81 
86 79 74 
I throw 2
-------
they threw 1
94 70 85 
68 80 81 
86 80 74 
I throw 2
-------
they threw 2
94 70 85 
68 80 82 
86 80 74 
I throw 2
-------
they threw 1
94 70 85 
68 80 82 
86 81 74 
I throw 2
-------
they threw 1
94 70 85 
68 81 82 
86 81 74 
I throw 2
-------
they threw 1
94 70 85 
68 82 82 
86 81 74 
I throw 2
-------
they threw 2
94 70 85 
68 82 83 
86 81 74 
I throw 2
-------
they threw 1
94 70 85 
68 82 83 
86 82 74 
I throw 2
-------
they threw 1
94 70 85 
68 83 83 
86 82 74 
I throw 1
-------
they threw 1
94 70 85 
68 84 83 
86 82 74 
I throw 2
-------
In favor of BeatLast
they threw 2
94 70 85 
68 84 84 
86 82 74 
I throw 1
-------
they threw 2
94 70 85 
68 84 84 
86 82 75 
I throw 2
-------
In favor of BeatLast
they threw 2
94 70 85 
68 84 84 
86 82 76 
I throw 2
-------
they threw 2
94 70 85 
68 84 84 
86 82 77 
I throw 1
-------
they threw 2
94 70 85 
68 84 84 
86 82 78 
I throw 2
-------
they threw 0
94 70 85 
68 84 84 
87 82 78 
I throw 2
-------
they threw 2
94 70 86 
68 84 84 
87 82 78 
I throw 2
-------
they threw 2
94 70 86 
68 84 84 
87 82 79 
I throw 2
-------
they threw 1
94 70 86 
68 84 84 
87 83 79 
I throw 2
-------
In favor of BeatLast
they threw 0
94 70 86 
69 84 84 
87 83 79 
I throw 1
-------
they threw 1
94 71 86 
69 84 84 
87 83 79 
I throw 2
-------
they threw 1
94 71 86 
69 85 84 
87 83 79 
I throw 2
-------
they threw 2
94 71 86 
69 85 85 
87 83 79 
I throw 2
-------
they threw 1
94 71 86 
69 85 85 
87 84 79 
I throw 1
-------
In favor of BeatLast
they threw 0
94 71 86 
70 85 85 
87 84 79 
I throw 1
-------
they threw 1
94 72 86 
70 85 85 
87 84 79 
I throw 2
-------
In favor of BeatLast
they threw 2
94 72 86 
70 85 86 
87 84 79 
I throw 2
-------
they threw 1
94 72 86 
70 85 86 
87 85 79 
I throw 1
-------
In favor of BeatLast
they threw 0
94 72 86 
71 85 86 
87 85 79 
I throw 2
-------
they threw 0
95 72 86 
71 85 86 
87 85 79 
I throw 1
-------
they threw 1
95 73 86 
71 85 86 
87 85 79 
I throw 2
-------
they threw 1
95 73 86 
71 86 86 
87 85 79 
I throw 1
-------
they threw 2
95 73 86 
71 86 87 
87 85 79 
I throw 2
-------
they threw 0
95 73 86 
71 86 87 
88 85 79 
I throw 1
-------
they threw 2
95 73 87 
71 86 87 
88 85 79 
I throw 2
-------
they threw 0
95 73 87 
71 86 87 
89 85 79 
I throw 2
-------
they threw 2
95 73 88 
71 86 87 
89 85 79 
I throw 1
-------
they threw 2
95 73 88 
71 86 87 
89 85 80 
I throw 2
-------
In favor of BeatLast
they threw 2
95 73 88 
71 86 87 
89 85 81 
I throw 2
-------
In favor of BeatLast
they threw 0
95 73 88 
71 86 87 
90 85 81 
I throw 2
-------
In favor of BeatLast
they threw 0
96 73 88 
71 86 87 
90 85 81 
I throw 1
-------
In favor of BeatLast
they threw 0
97 73 88 
71 86 87 
90 85 81 
I throw 2
-------
they threw 0
98 73 88 
71 86 87 
90 85 81 
I throw 2
-------
they threw 1
98 74 88 
71 86 87 
90 85 81 
I throw 2
-------
In favor of BeatLast
they threw 0
98 74 88 
72 86 87 
90 85 81 
I throw 1
-------
they threw 2
98 74 89 
72 86 87 
90 85 81 
I throw 1
-------
they threw 1
98 74 89 
72 86 87 
90 86 81 
I throw 1
-------
they threw 0
98 74 89 
73 86 87 
90 86 81 
I throw 2
-------
In favor of BeatLast
they threw 2
98 74 90 
73 86 87 
90 86 81 
I throw 2
-------
they threw 1
98 74 90 
73 86 87 
90 87 81 
I throw 2
-------
they threw 2
98 74 90 
73 86 88 
90 87 81 
I throw 1
-------
they threw 2
98 74 90 
73 86 88 
90 87 82 
I throw 2
-------
they threw 1
98 74 90 
73 86 88 
90 88 82 
I throw 2
-------
In favor of BeatLast
they threw 0
98 74 90 
74 86 88 
90 88 82 
I throw 2
-------
they threw 2
98 74 91 
74 86 88 
90 88 82 
I throw 2
-------
In favor of BeatLast
they threw 0
98 74 91 
74 86 88 
91 88 82 
I throw 2
-------
they threw 1
98 75 91 
74 86 88 
91 88 82 
I throw 1
-------
they threw 2
98 75 91 
74 86 89 
91 88 82 
I throw 1
-------
they threw 1
98 75 91 
74 86 89 
91 89 82 
I throw 2
-------
they threw 0
98 75 91 
75 86 89 
91 89 82 
I throw 1
-------
they threw 1
98 76 91 
75 86 89 
91 89 82 
I throw 2
-------
they threw 0
98 76 91 
76 86 89 
91 89 82 
I throw 2
-------
they threw 2
98 76 92 
76 86 89 
91 89 82 
I throw 1
-------
In favor of BeatLast
they threw 0
98 76 92 
76 86 89 
92 89 82 
I throw 1
-------
they threw 1
98 77 92 
76 86 89 
92 89 82 
I throw 2
-------
they threw 0
98 77 92 
77 86 89 
92 89 82 
I throw 1
-------
In favor of BeatLast
they threw 0
99 77 92 
77 86 89 
92 89 82 
I throw 2
-------
they threw 0
100 77 92 
77 86 89 
92 89 82 
I throw 1
-------
they threw 1
100 78 92 
77 86 89 
92 89 82 
I throw 2
-------
In favor of BeatLast
they threw 2
100 78 92 
77 86 90 
92 89 82 
I throw 1
-------
they threw 2
100 78 92 
77 86 90 
92 89 83 
I throw 1
-------
they threw 1
100 78 92 
77 86 90 
92 90 83 
I throw 2
-------
they threw 1
100 78 92 
77 87 90 
92 90 83 
I throw 2
-------
they threw 1
100 78 92 
77 88 90 
92 90 83 
I throw 2
-------
In favor of BeatLast
they threw 0
100 78 92 
78 88 90 
92 90 83 
I throw 2
-------
In favor of BeatLast
they threw 0
101 78 92 
78 88 90 
92 90 83 
I throw 2
-------
they threw 2
101 78 93 
78 88 90 
92 90 83 
I throw 2
-------
In favor of BeatLast
they threw 0
101 78 93 
78 88 90 
93 90 83 
I throw 2
-------
they threw 1
101 79 93 
78 88 90 
93 90 83 
I throw 2
-------
they threw 2
101 79 93 
78 88 91 
93 90 83 
I throw 1
-------
they threw 1
101 79 93 
78 88 91 
93 91 83 
I throw 2
-------
In favor of BeatLast
they threw 2
101 79 93 
78 88 92 
93 91 83 
I throw 2
-------
they threw 2
101 79 93 
78 88 92 
93 91 84 
I throw 2
-------
they threw 2
101 79 93 
78 88 92 
93 91 85 
I throw 2
-------
they threw 1
101 79 93 
78 88 92 
93 92 85 
I throw 2
-------
In favor of BeatLast
they threw 0
101 79 93 
79 88 92 
93 92 85 
I throw 1
-------
they threw 2
101 79 94 
79 88 92 
93 92 85 
I throw 1
-------
they threw 0
101 79 94 
79 88 92 
94 92 85 
I throw 1
-------
In favor of BeatLast
they threw 2
101 79 95 
79 88 92 
94 92 85 
I throw 2
-------
they threw 0
101 79 95 
79 88 92 
95 92 85 
I throw 2
-------
they threw 1
101 80 95 
79 88 92 
95 92 85 
I throw 2
-------
they threw 2
101 80 95 
79 88 93 
95 92 85 
I throw 2
-------
In favor of BeatLast
they threw 0
101 80 95 
79 88 93 
96 92 85 
I throw 1
-------
they threw 1
101 81 95 
79 88 93 
96 92 85 
I throw 2
-------
they threw 1
101 81 95 
79 89 93 
96 92 85 
I throw 2
-------
they threw 1
101 81 95 
79 90 93 
96 92 85 
I throw 2
-------
they threw 1
101 81 95 
79 91 93 
96 92 85 
I throw 2
-------
they threw 1
101 81 95 
79 92 93 
96 92 85 
I throw 2
-------
they threw 2
101 81 95 
79 92 94 
96 92 85 
I throw 1
-------
they threw 1
101 81 95 
79 92 94 
96 93 85 
I throw 2
-------
they threw 1
101 81 95 
79 93 94 
96 93 85 
I throw 2
-------
In favor of BeatLast
they threw 0
101 81 95 
80 93 94 
96 93 85 
I throw 1
-------
In favor of BeatLast
they threw 0
102 81 95 
80 93 94 
96 93 85 
I throw 2
-------
they threw 0
103 81 95 
80 93 94 
96 93 85 
I throw 2
-------
In favor of BeatLast
they threw 0
104 81 95 
80 93 94 
96 93 85 
I throw 1
-------
they threw 2
104 81 96 
80 93 94 
96 93 85 
I throw 2
-------
In favor of BeatLast
they threw 2
104 81 96 
80 93 94 
96 93 86 
I throw 2
-------
they threw 2
104 81 96 
80 93 94 
96 93 87 
I throw 2
-------
they threw 1
104 81 96 
80 93 94 
96 94 87 
I throw 2
-------
they threw 1
104 81 96 
80 94 94 
96 94 87 
I throw 1
-------
In favor of BeatLast
they threw 0
104 81 96 
81 94 94 
96 94 87 
I throw 2
-------
they threw 1
104 82 96 
81 94 94 
96 94 87 
I throw 2
-------
In favor of BeatLast
they threw 0
104 82 96 
82 94 94 
96 94 87 
I throw 2
-------
they threw 1
104 83 96 
82 94 94 
96 94 87 
I throw 2
-------
In favor of BeatLast
they threw 0
104 83 96 
83 94 94 
96 94 87 
I throw 1
-------
they threw 1
104 84 96 
83 94 94 
96 94 87 
I throw 2
-------
In favor of BeatLast
they threw 2
104 84 96 
83 94 95 
96 94 87 
I throw 1
-------
In favor of BeatLast
they threw 0
104 84 96 
83 94 95 
97 94 87 
I throw 2
-------
they threw 1
104 85 96 
83 94 95 
97 94 87 
I throw 2
-------
they threw 1
104 85 96 
83 95 95 
97 94 87 
I throw 1
-------
In favor of BeatLast
they threw 0
104 85 96 
84 95 95 
97 94 87 
I throw 2
-------
they threw 1
104 86 96 
84 95 95 
97 94 87 
I throw 2
-------
they threw 2
104 86 96 
84 95 96 
97 94 87 
I throw 2
-------
they threw 2
104 86 96 
84 95 96 
97 94 88 
I throw 1
-------
they threw 2
104 86 96 
84 95 96 
97 94 89 
I throw 1
-------
they threw 0
104 86 96 
84 95 96 
98 94 89 
I throw 2
-------
In favor of BeatLast
they threw 2
104 86 97 
84 95 96 
98 94 89 
I throw 2
-------
In favor of BeatLast
they threw 0
104 86 97 
84 95 96 
99 94 89 
I throw 2
-------
they threw 1
104 87 97 
84 95 96 
99 94 89 
I throw 2
-------
they threw 1
104 87 97 
84 96 96 
99 94 89 
I throw 1
-------
they threw 2
104 87 97 
84 96 97 
99 94 89 
I throw 1
-------
In favor of BeatLast
they threw 2
104 87 97 
84 96 97 
99 94 90 
I throw 2
-------
In favor of BeatLast
they threw 2
104 87 97 
84 96 97 
99 94 91 
I throw 2
-------
In favor of BeatLast
they threw 0
104 87 97 
84 96 97 
100 94 91 
I throw 2
-------
In favor of BeatLast
they threw 0
105 87 97 
84 96 97 
100 94 91 
I throw 1
-------
In favor of BeatLast
they threw 0
106 87 97 
84 96 97 
100 94 91 
I throw 1
-------
In favor of BeatLast
they threw 2
106 87 98 
84 96 97 
100 94 91 
I throw 2
-------
In favor of BeatLast
they threw 2
106 87 98 
84 96 97 
100 94 92 
I throw 2
-------
In favor of BeatLast
they threw 0
106 87 98 
84 96 97 
101 94 92 
I throw 2
-------
they threw 1
106 88 98 
84 96 97 
101 94 92 
I throw 2
-------
In favor of BeatLast
they threw 0
106 88 98 
85 96 97 
101 94 92 
I throw 1
-------
they threw 1
106 89 98 
85 96 97 
101 94 92 
I throw 1
-------
In favor of BeatLast
they threw 2
106 89 98 
85 96 98 
101 94 92 
I throw 1
-------
they threw 0
106 89 98 
85 96 98 
102 94 92 
I throw 2
-------
they threw 0
107 89 98 
85 96 98 
102 94 92 
I throw 2
-------
they threw 2
107 89 99 
85 96 98 
102 94 92 
I throw 2
-------
they threw 1
107 89 99 
85 96 98 
102 95 92 
I throw 2
-------
they threw 1
107 89 99 
85 97 98 
102 95 92 
I throw 2
-------
they threw 2
107 89 99 
85 97 99 
102 95 92 
I throw 2
-------
In favor of BeatLast
they threw 0
107 89 99 
85 97 99 
103 95 92 
I throw 2
-------
they threw 1
107 90 99 
85 97 99 
103 95 92 
I throw 2
-------
In favor of BeatLast
they threw 0
107 90 99 
86 97 99 
103 95 92 
I throw 1
-------
they threw 2
107 90 100 
86 97 99 
103 95 92 
I throw 1
-------
they threw 1
107 90 100 
86 97 99 
103 96 92 
I throw 2
-------
In favor of BeatLast
they threw 2
107 90 100 
86 97 100 
103 96 92 
I throw 1
-------
they threw 1
107 90 100 
86 97 100 
103 97 92 
I throw 2
-------
In favor of BeatLast
they threw 2
107 90 100 
86 97 101 
103 97 92 
I throw 2
-------
they threw 1
107 90 100 
86 97 101 
103 98 92 
I throw 2
-------
they threw 2
107 90 100 
86 97 102 
103 98 92 
I throw 1
-------
In favor of BeatLast
they threw 0
107 90 100 
86 97 102 
104 98 92 
I throw 1
-------
they threw 0
108 90 100 
86 97 102 
104 98 92 
I throw 1
-------
they threw 0
109 90 100 
86 97 102 
104 98 92 
I throw 2
-------
they threw 0
110 90 100 
86 97 102 
104 98 92 
I throw 2
-------
In favor of BeatLast
they threw 0
111 90 100 
86 97 102 
104 98 92 
I throw 2
-------
they threw 1
111 91 100 
86 97 102 
104 98 92 
I throw 2
-------
they threw 2
111 91 100 
86 97 103 
104 98 92 
I throw 2
-------
In favor of BeatLast
they threw 0
111 91 100 
86 97 103 
105 98 92 
I throw 2
-------
they threw 1
111 92 100 
86 97 103 
105 98 92 
I throw 2
-------
In favor of BeatLast
they threw 0
111 92 100 
87 97 103 
105 98 92 
I throw 2
-------
they threw 2
111 92 101 
87 97 103 
105 98 92 
I throw 2
-------
they threw 2
111 92 101 
87 97 103 
105 98 93 
I throw 2
-------
they threw 2
111 92 101 
87 97 103 
105 98 94 
I throw 2
-------
they threw 1
111 92 101 
87 97 103 
105 99 94 
I throw 1
-------
In favor of BeatLast
they threw 0
111 92 101 
88 97 103 
105 99 94 
I throw 1
-------
they threw 0
112 92 101 
88 97 103 
105 99 94 
I throw 2
-------
they threw 1
112 93 101 
88 97 103 
105 99 94 
I throw 1
-------
they threw 1
112 93 101 
88 98 103 
105 99 94 
I throw 2
-------
they threw 0
112 93 101 
89 98 103 
105 99 94 
I throw 2
-------
In favor of BeatLast
they threw 0
113 93 101 
89 98 103 
105 99 94 
I throw 1
-------
In favor of BeatLast
they threw 0
114 93 101 
89 98 103 
105 99 94 
I throw 2
-------
In favor of BeatLast
they threw 2
114 93 102 
89 98 103 
105 99 94 
I throw 1
-------
they threw 2
114 93 102 
89 98 103 
105 99 95 
I throw 2
-------
they threw 0
114 93 102 
89 98 103 
106 99 95 
I throw 2
-------
they threw 2
114 93 103 
89 98 103 
106 99 95 
I throw 2
-------
In favor of BeatLast
they threw 0
114 93 103 
89 98 103 
107 99 95 
I throw 1
-------
In favor of BeatLast
they threw 0
115 93 103 
89 98 103 
107 99 95 
I throw 2
-------
they threw 1
115 94 103 
89 98 103 
107 99 95 
I throw 2
-------
they threw 1
115 94 103 
89 99 103 
107 99 95 
I throw 1
-------
they threw 2
115 94 103 
89 99 104 
107 99 95 
I throw 1
-------
In favor of BeatLast
they threw 2
115 94 103 
89 99 104 
107 99 96 
I throw 2
-------
they threw 1
115 94 103 
89 99 104 
107 100 96 
I throw 1
-------
they threw 1
115 94 103 
89 100 104 
107 100 96 
I throw 1
-------
they threw 1
115 94 103 
89 101 104 
107 100 96 
I throw 1
-------
they threw 0
115 94 103 
90 101 104 
107 100 96 
I throw 2
-------
they threw 0
116 94 103 
90 101 104 
107 100 96 
I throw 2
-------
they threw 2
116 94 104 
90 101 104 
107 100 96 
I throw 1
-------
they threw 1
116 94 104 
90 101 104 
107 101 96 
I throw 1
-------
In favor of BeatLast
they threw 2
116 94 104 
90 101 105 
107 101 96 
I throw 2
-------
In favor of BeatLast
they threw 2
116 94 104 
90 101 105 
107 101 97 
I throw 2
-------
they threw 2
116 94 104 
90 101 105 
107 101 98 
I throw 2
-------
they threw 1
116 94 104 
90 101 105 
107 102 98 
I throw 1
-------
In favor of BeatLast
they threw 0
116 94 104 
91 101 105 
107 102 98 
I throw 2
-------
they threw 0
117 94 104 
91 101 105 
107 102 98 
I throw 2
-------
In favor of BeatLast
they threw 0
118 94 104 
91 101 105 
107 102 98 
I throw 2
-------
they threw 1
118 95 104 
91 101 105 
107 102 98 
I throw 2
-------
they threw 1
118 95 104 
91 102 105 
107 102 98 
I throw 2
-------
In favor of BeatLast
they threw 0
118 95 104 
92 102 105 
107 102 98 
I throw 2
-------
they threw 1
118 96 104 
92 102 105 
107 102 98 
I throw 2
-------
In favor of BeatLast
they threw 0
118 96 104 
93 102 105 
107 102 98 
I throw 2
-------
they threw 1
118 97 104 
93 102 105 
107 102 98 
I throw 1
-------
In favor of BeatLast
they threw 0
118 97 104 
94 102 105 
107 102 98 
I throw 2
-------
they threw 0
119 97 104 
94 102 105 
107 102 98 
I throw 2
-------
they threw 1
119 98 104 
94 102 105 
107 102 98 
I throw 2
-------
they threw 1
119 98 104 
94 103 105 
107 102 98 
I throw 2
-------
they threw 2
119 98 104 
94 103 106 
107 102 98 
I throw 1
-------
In favor of BeatLast
they threw 0
119 98 104 
94 103 106 
108 102 98 
I throw 2
-------
they threw 1
119 99 104 
94 103 106 
108 102 98 
I throw 1
-------
they threw 2
119 99 104 
94 103 107 
108 102 98 
I throw 1
-------
they threw 0
119 99 104 
94 103 107 
109 102 98 
I throw 2
-------
they threw 1
119 100 104 
94 103 107 
109 102 98 
I throw 1
-------
In favor of BeatLast
they threw 0
119 100 104 
95 103 107 
109 102 98 
I throw 1
-------
they threw 0
120 100 104 
95 103 107 
109 102 98 
I throw 2
-------
In favor of BeatLast
they threw 2
120 100 105 
95 103 107 
109 102 98 
I throw 2
-------
they threw 2
120 100 105 
95 103 107 
109 102 99 
I throw 1
-------
they threw 1
120 100 105 
95 103 107 
109 103 99 
I throw 2
-------
they threw 0
120 100 105 
96 103 107 
109 103 99 
I throw 1
-------
they threw 2
120 100 106 
96 103 107 
109 103 99 
I throw 1
-------
they threw 0
120 100 106 
96 103 107 
110 103 99 
I throw 1
-------
they threw 0
121 100 106 
96 103 107 
110 103 99 
I throw 2
-------
In favor of BeatLast
they threw 2
121 100 107 
96 103 107 
110 103 99 
I throw 2
-------
In favor of BeatLast
they threw 0
121 100 107 
96 103 107 
111 103 99 
I throw 2
-------
they threw 1
121 101 107 
96 103 107 
111 103 99 
I throw 2
-------
In favor of BeatLast
they threw 0
121 101 107 
97 103 107 
111 103 99 
I throw 1
-------
they threw 2
121 101 108 
97 103 107 
111 103 99 
I throw 2
-------
they threw 1
121 101 108 
97 103 107 
111 104 99 
I throw 2
-------
In favor of BeatLast
they threw 0
121 101 108 
98 103 107 
111 104 99 
I throw 2
-------
they threw 1
121 102 108 
98 103 107 
111 104 99 
I throw 2
-------
they threw 2
121 102 108 
98 103 108 
111 104 99 
I throw 1
-------
they threw 1
121 102 108 
98 103 108 
111 105 99 
I throw 1
-------
In favor of BeatLast
they threw 2
121 102 108 
98 103 109 
111 105 99 
I throw 2
-------
In favor of BeatLast
they threw 2
121 102 108 
98 103 109 
111 105 100 
I throw 2
-------
they threw 2
121 102 108 
98 103 109 
111 105 101 
I throw 1
-------
they threw 2
121 102 108 
98 103 109 
111 105 102 
I throw 1
-------
In favor of BeatLast
they threw 2
121 102 108 
98 103 109 
111 105 103 
I throw 2
-------
they threw 1
121 102 108 
98 103 109 
111 106 103 
I throw 1
-------
they threw 2
121 102 108 
98 103 110 
111 106 103 
I throw 2
-------
In favor of BeatLast
they threw 2
121 102 108 
98 103 110 
111 106 104 
I throw 1
-------
In favor of BeatLast
they threw 0
121 102 108 
98 103 110 
112 106 104 
I throw 1
-------
they threw 1
121 103 108 
98 103 110 
112 106 104 
I throw 2
-------
they threw 0
121 103 108 
99 103 110 
112 106 104 
I throw 2
-------
they threw 2
121 103 109 
99 103 110 
112 106 104 
I throw 2
-------
they threw 1
121 103 109 
99 103 110 
112 107 104 
I throw 1
-------
they threw 2
121 103 109 
99 103 111 
112 107 104 
I throw 2
-------
they threw 1
121 103 109 
99 103 111 
112 108 104 
I throw 2
-------
In favor of BeatLast
they threw 0
121 103 109 
100 103 111 
112 108 104 
I throw 1
-------
they threw 1
121 104 109 
100 103 111 
112 108 104 
I throw 2
-------
they threw 0
121 104 109 
101 103 111 
112 108 104 
I throw 2
-------
they threw 1
121 105 109 
101 103 111 
112 108 104 
I throw 1
-------
they threw 2
121 105 109 
101 103 112 
112 108 104 
I throw 2
-------
they threw 1
121 105 109 
101 103 112 
112 109 104 
I throw 2
-------
they threw 2
121 105 109 
101 103 113 
112 109 104 
I throw 2
-------
In favor of BeatLast
they threw 0
121 105 109 
101 103 113 
113 109 104 
I throw 2
-------
they threw 2
121 105 110 
101 103 113 
113 109 104 
I throw 2
-------
they threw 2
121 105 110 
101 103 113 
113 109 105 
I throw 2
-------
In favor of BeatLast
they threw 0
121 105 110 
101 103 113 
114 109 105 
I throw 2
-------
they threw 2
121 105 111 
101 103 113 
114 109 105 
I throw 1
-------
they threw 1
121 105 111 
101 103 113 
114 110 105 
I throw 1
-------
In favor of BeatLast
they threw 2
121 105 111 
101 103 114 
114 110 105 
I throw 1
-------
they threw 0
121 105 111 
101 103 114 
115 110 105 
I throw 1
-------
In favor of BeatLast
they threw 2
121 105 112 
101 103 114 
115 110 105 
I throw 2
-------
In favor of BeatLast
they threw 2
121 105 112 
101 103 114 
115 110 106 
I throw 1
-------
they threw 1
121 105 112 
101 103 114 
115 111 106 
I throw 2
-------
In favor of BeatLast
they threw 2
121 105 112 
101 103 115 
115 111 106 
I throw 1
-------
they threw 1
121 105 112 
101 103 115 
115 112 106 
I throw 2
-------
they threw 1
121 105 112 
101 104 115 
115 112 106 
I throw 2
-------
In favor of BeatLast
they threw 0
121 105 112 
102 104 115 
115 112 106 
I throw 1
-------
they threw 1
121 106 112 
102 104 115 
115 112 106 
I throw 2
-------
they threw 1
121 106 112 
102 105 115 
115 112 106 
I throw 1
-------
In favor of BeatLast
they threw 0
121 106 112 
103 105 115 
115 112 106 
I throw 2
-------
they threw 0
122 106 112 
103 105 115 
115 112 106 
I throw 2
-------
In favor of BeatLast
they threw 0
123 106 112 
103 105 115 
115 112 106 
I throw 1
-------
they threw 1
123 107 112 
103 105 115 
115 112 106 
I throw 2
-------
they threw 0
0
2
1
0
2
0
2
0
1
2
1
0
0
2
0
2
0
2
2
0
0
2
0
0
1
1
0
1
2
0
0
1
2
2
2
0
2
0
1
1
0
0
1
1
0
1
2
0
2
1
1
1
0
1
2
2
1
2
1
1
2
2
0
1
0
1
2
0
1
0
0
1
1
0
2
1
2
2
2
0
0
2
2
0
0
0
0
2
0
1
2
2
0
0
1
1
2
2
2
1
0
0
0
0
1
1
1
2
0
2
1
1
2
1
0
0
2
1
2
0
0
0
0
2
2
0
1
1
2
1
2
0
0
1
2
2
2
0
1
2
0
0
2
2
1
0
2
1
1
1
2
0
1
1
1
0
0
2
1
2
1
2
1
2
0
0
2
2
0
0
1
0
0
0
2
1
1
1
2
1
1
0
1
1
0
0
1
2
2
0
1
2
0
2
0
0
0
0
0
0
1
2
1
0
1
1
1
1
1
0
0
2
2
0
2
0
2
2
0
0
1
2
1
2
2
1
0
1
2
1
2
0
2
1
0
0
0
2
1
1
2
1
1
1
1
0
1
2
2
2
1
0
1
1
1
2
2
2
1
0
1
2
1
1
1
1
1
1
1
1
0
0
2
1
2
1
0
0
2
2
2
0
2
2
2
0
0
1
0
0
2
2
2
1
1
2
0
1
1
0
0
2
2
0
2
2
0
0
1
1
1
2
2
0
1
1
2
0
0
0
0
1
1
1
2
1
2
1
2
0
2
1
2
2
2
0
2
1
0
0
0
0
1
1
0
2
1
2
2
0
2
2
2
1
2
0
1
2
1
1
1
0
2
2
2
0
0
0
2
2
1
1
1
2
2
0
0
2
2
0
1
1
0
1
0
2
2
1
2
2
2
1
1
1
0
2
0
2
0
0
0
2
0
2
2
1
2
0
2
1
2
1
0
1
0
1
1
1
2
0
1
0
2
1
1
0
2
1
2
1
1
0
0
2
0
1
2
1
0
0
0
0
1
0
0
0
1
1
0
0
2
1
2
1
2
2
2
2
2
0
0
0
0
0
2
1
1
0
0
2
0
2
0
2
2
0
0
0
1
1
1
1
2
0
0
2
1
2
2
1
2
1
2
1
1
0
2
2
1
0
2
0
2
1
0
2
2
2
1
1
2
1
0
0
2
2
2
0
0
1
0
0
1
2
1
2
1
0
0
0
2
0
2
0
1
0
2
2
1
0
0
0
2
0
2
1
0
1
0
1
0
2
1
1
1
1
2
1
2
0
2
1
1
1
1
2
0
0
1
2
1
2
1
0
1
1
2
2
0
2
0
2
1
0
2
0
1
1
1
0
1
0
0
2
2
2
0
2
2
1
2
0
1
2
2
2
1
2
0
1
0
0
1
0
0
0
2
2
0
2
0
0
0
2
2
0
2
0
2
1
0
0
1
1
1
2
1
0
0
0
0
1
1
0
1
2
0
1
1
0
0
1
2
2
1
1
0
1
1
2
1
0
2
0
0
1
2
2
0
0
0
2
1
1
2
0
1
0
1
0
1
2
2
1
1
2
0
2
1
0
0
2
2
0
1
2
2
2
0
1
2
0
2
2
1
2
0
0
0
2
0
2
0
0
2
0
0
2
1
2
1
1
1
2
1
1
1
2
2
2
2
2
0
2
2
1
0
1
1
2
1
0
1
2
1
0
0
1
1
2
0
2
0
2
2
2
0
0
0
0
1
0
2
1
0
2
1
2
2
1
0
2
0
1
2
1
0
1
0
2
0
1
0
0
0
1
2
2
1
1
1
0
0
2
0
1
2
1
2
2
2
1
0
2
0
2
0
1
2
0
1
1
1
1
1
2
1
1
0
0
0
0
2
2
2
1
1
0
1
0
1
0
1
2
0
1
1
0
1
2
2
2
0
2
0
1
1
2
2
2
0
0
0
2
2
0
1
0
1
2
0
0
2
1
1
2
0
1
0
2
1
2
1
2
1
2
0
0
0
0
0
1
2
0
1
0
2
2
2
1
0
0
1
1
0
0
0
2
2
0
2
0
0
1
1
2
2
1
1
1
0
0
2
1
2
2
2
1
0
0
0
1
1
0
1
0
1
0
0
1
1
2
0
1
2
0
1
0
0
2
2
1
0
2
0
0
2
0
1
0
2
1
0
1
2
1
2
2
2
2
2
1
2
2
0
1
0
2
1
2
1
0
1
0
1
2
1
2
0
2
2
0
2
1
2
0
2
2
1
2
1
1
0
1
1
0
0
0
1
0
game over, shutting down
