debug: len 2
debug: len 9
broadcast 230.0.0.1
debug: len 4
port bytes
0 0 26 -123 
port is 6789
debug: len 10
name: pinky
garbage: -48
rock: 84
paper: -66
scissors: -124
request: 74 -66
client_signature: -32
shutdownSignal: 109 -126
resultSignature: -59

My oppenent is r4
joined multicast group
0 0 0 
0 0 0 
0 0 0 
no clue, throwing a rand
I throw 0
-------
they threw 1
0 0 0 
0 0 0 
0 0 0 
I throw 2
-------
they threw 2
0 0 0 
0 0 1 
0 0 0 
I throw 2
-------
they threw 1
0 0 0 
0 0 1 
0 1 0 
I throw 2
-------
they threw 1
0 0 0 
0 1 1 
0 1 0 
I throw 2
-------
In favor of BeatLast
they threw 0
0 0 0 
1 1 1 
0 1 0 
I throw 2
-------
they threw 2
0 0 1 
1 1 1 
0 1 0 
I throw 2
-------
they threw 1
0 0 1 
1 1 1 
0 2 0 
I throw 2
-------
they threw 1
0 0 1 
1 2 1 
0 2 0 
I throw 2
-------
they threw 1
0 0 1 
1 3 1 
0 2 0 
I throw 1
-------
they threw 2
0 0 1 
1 3 2 
0 2 0 
I throw 2
-------
they threw 1
0 0 1 
1 3 2 
0 3 0 
I throw 2
-------
they threw 2
0 0 1 
1 3 3 
0 3 0 
I throw 2
-------
In favor of BeatLast
they threw 0
0 0 1 
1 3 3 
1 3 0 
I throw 2
-------
they threw 1
0 1 1 
1 3 3 
1 3 0 
I throw 2
-------
In favor of BeatLast
they threw 0
0 1 1 
2 3 3 
1 3 0 
I throw 2
-------
they threw 2
0 1 2 
2 3 3 
1 3 0 
I throw 2
-------
they threw 2
0 1 2 
2 3 3 
1 3 1 
I throw 1
-------
they threw 1
0 1 2 
2 3 3 
1 4 1 
I throw 1
-------
they threw 1
0 1 2 
2 4 3 
1 4 1 
I throw 2
-------
they threw 0
0 1 2 
3 4 3 
1 4 1 
I throw 2
-------
they threw 1
0 2 2 
3 4 3 
1 4 1 
I throw 1
-------
In favor of BeatLast
they threw 0
0 2 2 
4 4 3 
1 4 1 
I throw 1
-------
they threw 0
1 2 2 
4 4 3 
1 4 1 
I throw 1
-------
they threw 0
2 2 2 
4 4 3 
1 4 1 
I throw 2
-------
they threw 1
2 3 2 
4 4 3 
1 4 1 
I throw 1
-------
In favor of BeatLast
they threw 0
2 3 2 
5 4 3 
1 4 1 
I throw 2
-------
they threw 0
3 3 2 
5 4 3 
1 4 1 
I throw 2
-------
they threw 2
3 3 3 
5 4 3 
1 4 1 
I throw 2
-------
they threw 2
3 3 3 
5 4 3 
1 4 2 
I throw 2
-------
In favor of BeatLast
they threw 0
3 3 3 
5 4 3 
2 4 2 
I throw 1
-------
In favor of BeatLast
they threw 0
4 3 3 
5 4 3 
2 4 2 
I throw 2
-------
they threw 1
4 4 3 
5 4 3 
2 4 2 
I throw 1
-------
they threw 1
4 4 3 
5 5 3 
2 4 2 
I throw 2
-------
In favor of BeatLast
they threw 2
4 4 3 
5 5 4 
2 4 2 
I throw 2
-------
they threw 2
4 4 3 
5 5 4 
2 4 3 
I throw 2
-------
they threw 2
4 4 3 
5 5 4 
2 4 4 
I throw 2
-------
they threw 1
4 4 3 
5 5 4 
2 5 4 
I throw 2
-------
they threw 1
4 4 3 
5 6 4 
2 5 4 
I throw 2
-------
they threw 1
4 4 3 
5 7 4 
2 5 4 
I throw 2
-------
In favor of BeatLast
they threw 0
4 4 3 
6 7 4 
2 5 4 
I throw 2
-------
they threw 1
4 5 3 
6 7 4 
2 5 4 
I throw 2
-------
they threw 2
4 5 3 
6 7 5 
2 5 4 
I throw 2
-------
they threw 2
4 5 3 
6 7 5 
2 5 5 
I throw 2
-------
they threw 2
4 5 3 
6 7 5 
2 5 6 
I throw 2
-------
they threw 2
4 5 3 
6 7 5 
2 5 7 
I throw 2
-------
they threw 1
4 5 3 
6 7 5 
2 6 7 
I throw 2
-------
they threw 2
4 5 3 
6 7 6 
2 6 7 
I throw 1
-------
In favor of BeatLast
they threw 0
4 5 3 
6 7 6 
3 6 7 
I throw 2
-------
they threw 0
5 5 3 
6 7 6 
3 6 7 
I throw 1
-------
In favor of BeatLast
they threw 0
6 5 3 
6 7 6 
3 6 7 
I throw 2
-------
In favor of BeatLast
they threw 2
6 5 4 
6 7 6 
3 6 7 
I throw 2
-------
they threw 2
6 5 4 
6 7 6 
3 6 8 
I throw 1
-------
they threw 1
6 5 4 
6 7 6 
3 7 8 
I throw 2
-------
In favor of BeatLast
they threw 2
6 5 4 
6 7 7 
3 7 8 
I throw 1
-------
they threw 2
6 5 4 
6 7 7 
3 7 9 
I throw 2
-------
they threw 1
6 5 4 
6 7 7 
3 8 9 
I throw 1
-------
In favor of BeatLast
they threw 0
6 5 4 
7 7 7 
3 8 9 
I throw 2
-------
they threw 1
6 6 4 
7 7 7 
3 8 9 
I throw 2
-------
In favor of BeatLast
they threw 0
6 6 4 
8 7 7 
3 8 9 
I throw 2
-------
they threw 2
6 6 5 
8 7 7 
3 8 9 
I throw 2
-------
they threw 2
6 6 5 
8 7 7 
3 8 10 
I throw 2
-------
In favor of BeatLast
they threw 0
6 6 5 
8 7 7 
4 8 10 
I throw 2
-------
they threw 1
6 7 5 
8 7 7 
4 8 10 
I throw 2
-------
they threw 2
6 7 5 
8 7 8 
4 8 10 
I throw 2
-------
they threw 2
6 7 5 
8 7 8 
4 8 11 
I throw 2
-------
In favor of BeatLast
they threw 0
6 7 5 
8 7 8 
5 8 11 
I throw 2
-------
they threw 2
6 7 6 
8 7 8 
5 8 11 
I throw 2
-------
they threw 2
6 7 6 
8 7 8 
5 8 12 
I throw 2
-------
they threw 1
6 7 6 
8 7 8 
5 9 12 
I throw 2
-------
they threw 1
6 7 6 
8 8 8 
5 9 12 
I throw 1
-------
they threw 1
6 7 6 
8 9 8 
5 9 12 
I throw 1
-------
they threw 0
6 7 6 
9 9 8 
5 9 12 
I throw 2
-------
they threw 1
6 8 6 
9 9 8 
5 9 12 
I throw 2
-------
they threw 1
6 8 6 
9 10 8 
5 9 12 
I throw 2
-------
they threw 1
6 8 6 
9 11 8 
5 9 12 
I throw 2
-------
they threw 1
6 8 6 
9 12 8 
5 9 12 
I throw 1
-------
they threw 2
6 8 6 
9 12 9 
5 9 12 
I throw 2
-------
they threw 0
6 8 6 
9 12 9 
6 9 12 
I throw 2
-------
they threw 1
6 9 6 
9 12 9 
6 9 12 
I throw 1
-------
In favor of BeatLast
they threw 0
6 9 6 
10 12 9 
6 9 12 
I throw 1
-------
they threw 1
6 10 6 
10 12 9 
6 9 12 
I throw 2
-------
they threw 1
6 10 6 
10 13 9 
6 9 12 
I throw 2
-------
they threw 2
6 10 6 
10 13 10 
6 9 12 
I throw 2
-------
they threw 1
6 10 6 
10 13 10 
6 10 12 
I throw 2
-------
they threw 1
6 10 6 
10 14 10 
6 10 12 
I throw 2
-------
they threw 1
6 10 6 
10 15 10 
6 10 12 
I throw 1
-------
they threw 1
6 10 6 
10 16 10 
6 10 12 
I throw 1
-------
they threw 0
6 10 6 
11 16 10 
6 10 12 
I throw 1
-------
they threw 1
6 11 6 
11 16 10 
6 10 12 
I throw 1
-------
they threw 1
6 11 6 
11 17 10 
6 10 12 
I throw 1
-------
In favor of BeatLast
they threw 2
6 11 6 
11 17 11 
6 10 12 
I throw 2
-------
they threw 0
6 11 6 
11 17 11 
7 10 12 
I throw 2
-------
they threw 2
6 11 7 
11 17 11 
7 10 12 
I throw 2
-------
In favor of BeatLast
they threw 0
6 11 7 
11 17 11 
8 10 12 
I throw 1
-------
In favor of BeatLast
they threw 0
7 11 7 
11 17 11 
8 10 12 
I throw 1
-------
they threw 0
8 11 7 
11 17 11 
8 10 12 
I throw 1
-------
they threw 1
8 12 7 
11 17 11 
8 10 12 
I throw 2
-------
they threw 0
8 12 7 
12 17 11 
8 10 12 
I throw 1
-------
they threw 2
8 12 8 
12 17 11 
8 10 12 
I throw 1
-------
they threw 0
8 12 8 
12 17 11 
9 10 12 
I throw 2
-------
In favor of BeatLast
they threw 2
8 12 9 
12 17 11 
9 10 12 
I throw 2
-------
In favor of BeatLast
they threw 0
8 12 9 
12 17 11 
10 10 12 
I throw 2
-------
they threw 1
8 13 9 
12 17 11 
10 10 12 
I throw 2
-------
they threw 1
8 13 9 
12 18 11 
10 10 12 
I throw 2
-------
In favor of BeatLast
they threw 0
8 13 9 
13 18 11 
10 10 12 
I throw 2
-------
they threw 2
8 13 10 
13 18 11 
10 10 12 
I throw 2
-------
they threw 1
8 13 10 
13 18 11 
10 11 12 
I throw 2
-------
they threw 1
8 13 10 
13 19 11 
10 11 12 
I throw 1
-------
they threw 1
8 13 10 
13 20 11 
10 11 12 
I throw 2
-------
they threw 0
8 13 10 
14 20 11 
10 11 12 
I throw 1
-------
they threw 1
8 14 10 
14 20 11 
10 11 12 
I throw 2
-------
In favor of BeatLast
they threw 2
8 14 10 
14 20 12 
10 11 12 
I throw 1
-------
they threw 2
8 14 10 
14 20 12 
10 11 13 
I throw 2
-------
they threw 1
8 14 10 
14 20 12 
10 12 13 
I throw 2
-------
In favor of BeatLast
they threw 0
8 14 10 
15 20 12 
10 12 13 
I throw 2
-------
they threw 2
8 14 11 
15 20 12 
10 12 13 
I throw 2
-------
they threw 2
8 14 11 
15 20 12 
10 12 14 
I throw 2
-------
they threw 1
8 14 11 
15 20 12 
10 13 14 
I throw 2
-------
they threw 1
8 14 11 
15 21 12 
10 13 14 
I throw 1
-------
they threw 2
8 14 11 
15 21 13 
10 13 14 
I throw 2
-------
In favor of BeatLast
they threw 2
8 14 11 
15 21 13 
10 13 15 
I throw 2
-------
they threw 1
8 14 11 
15 21 13 
10 14 15 
I throw 2
-------
In favor of BeatLast
they threw 0
8 14 11 
16 21 13 
10 14 15 
I throw 2
-------
they threw 2
8 14 12 
16 21 13 
10 14 15 
I throw 1
-------
they threw 1
8 14 12 
16 21 13 
10 15 15 
I throw 1
-------
they threw 0
8 14 12 
17 21 13 
10 15 15 
I throw 1
-------
they threw 0
9 14 12 
17 21 13 
10 15 15 
I throw 2
-------
they threw 0
10 14 12 
17 21 13 
10 15 15 
I throw 2
-------
they threw 2
10 14 13 
17 21 13 
10 15 15 
I throw 1
-------
In favor of BeatLast
they threw 0
10 14 13 
17 21 13 
11 15 15 
I throw 1
-------
they threw 1
10 15 13 
17 21 13 
11 15 15 
I throw 2
-------
In favor of BeatLast
they threw 2
10 15 13 
17 21 14 
11 15 15 
I throw 2
-------
In favor of BeatLast
they threw 0
10 15 13 
17 21 14 
12 15 15 
I throw 1
-------
they threw 2
10 15 14 
17 21 14 
12 15 15 
I throw 1
-------
In favor of BeatLast
they threw 2
10 15 14 
17 21 14 
12 15 16 
I throw 2
-------
In favor of BeatLast
they threw 2
10 15 14 
17 21 14 
12 15 17 
I throw 2
-------
they threw 1
10 15 14 
17 21 14 
12 16 17 
I throw 2
-------
they threw 1
10 15 14 
17 22 14 
12 16 17 
I throw 2
-------
In favor of BeatLast
they threw 0
10 15 14 
18 22 14 
12 16 17 
I throw 1
-------
In favor of BeatLast
they threw 0
11 15 14 
18 22 14 
12 16 17 
I throw 2
-------
they threw 0
12 15 14 
18 22 14 
12 16 17 
I throw 1
-------
In favor of BeatLast
they threw 0
13 15 14 
18 22 14 
12 16 17 
I throw 2
-------
they threw 0
14 15 14 
18 22 14 
12 16 17 
I throw 2
-------
In favor of BeatLast
they threw 0
15 15 14 
18 22 14 
12 16 17 
I throw 2
-------
they threw 1
15 16 14 
18 22 14 
12 16 17 
I throw 1
-------
they threw 1
15 16 14 
18 23 14 
12 16 17 
I throw 2
-------
In favor of BeatLast
they threw 2
15 16 14 
18 23 15 
12 16 17 
I throw 2
-------
they threw 2
15 16 14 
18 23 15 
12 16 18 
I throw 2
-------
In favor of BeatLast
they threw 0
15 16 14 
18 23 15 
13 16 18 
I throw 2
-------
In favor of BeatLast
they threw 0
16 16 14 
18 23 15 
13 16 18 
I throw 2
-------
they threw 2
16 16 15 
18 23 15 
13 16 18 
I throw 2
-------
they threw 2
16 16 15 
18 23 15 
13 16 19 
I throw 1
-------
they threw 1
16 16 15 
18 23 15 
13 17 19 
I throw 2
-------
they threw 1
16 16 15 
18 24 15 
13 17 19 
I throw 2
-------
they threw 1
16 16 15 
18 25 15 
13 17 19 
I throw 2
-------
they threw 2
16 16 15 
18 25 16 
13 17 19 
I throw 1
-------
they threw 1
16 16 15 
18 25 16 
13 18 19 
I throw 2
-------
they threw 1
16 16 15 
18 26 16 
13 18 19 
I throw 1
-------
In favor of BeatLast
they threw 0
16 16 15 
19 26 16 
13 18 19 
I throw 1
-------
In favor of BeatLast
they threw 2
16 16 16 
19 26 16 
13 18 19 
I throw 2
-------
they threw 1
16 16 16 
19 26 16 
13 19 19 
I throw 2
-------
In favor of BeatLast
they threw 0
16 16 16 
20 26 16 
13 19 19 
I throw 2
-------
they threw 1
16 17 16 
20 26 16 
13 19 19 
I throw 2
-------
they threw 2
16 17 16 
20 26 17 
13 19 19 
I throw 2
-------
they threw 2
16 17 16 
20 26 17 
13 19 20 
I throw 2
-------
they threw 2
16 17 16 
20 26 17 
13 19 21 
I throw 2
-------
In favor of BeatLast
they threw 0
16 17 16 
20 26 17 
14 19 21 
I throw 2
-------
they threw 1
16 18 16 
20 26 17 
14 19 21 
I throw 2
-------
In favor of BeatLast
they threw 0
16 18 16 
21 26 17 
14 19 21 
I throw 1
-------
they threw 2
16 18 17 
21 26 17 
14 19 21 
I throw 2
-------
In favor of BeatLast
they threw 2
16 18 17 
21 26 17 
14 19 22 
I throw 2
-------
they threw 1
16 18 17 
21 26 17 
14 20 22 
I throw 1
-------
In favor of BeatLast
they threw 0
16 18 17 
22 26 17 
14 20 22 
I throw 1
-------
In favor of BeatLast
they threw 2
16 18 18 
22 26 17 
14 20 22 
I throw 2
-------
they threw 0
16 18 18 
22 26 17 
15 20 22 
I throw 2
-------
they threw 2
16 18 19 
22 26 17 
15 20 22 
I throw 2
-------
In favor of BeatLast
they threw 0
16 18 19 
22 26 17 
16 20 22 
I throw 2
-------
In favor of BeatLast
they threw 0
17 18 19 
22 26 17 
16 20 22 
I throw 2
-------
In favor of BeatLast
they threw 0
18 18 19 
22 26 17 
16 20 22 
I throw 2
-------
they threw 2
18 18 20 
22 26 17 
16 20 22 
I throw 2
-------
they threw 1
18 18 20 
22 26 17 
16 21 22 
I throw 2
-------
they threw 1
18 18 20 
22 27 17 
16 21 22 
I throw 1
-------
they threw 1
18 18 20 
22 28 17 
16 21 22 
I throw 2
-------
they threw 0
18 18 20 
23 28 17 
16 21 22 
I throw 1
-------
they threw 2
18 18 21 
23 28 17 
16 21 22 
I throw 2
-------
In favor of BeatLast
they threw 2
18 18 21 
23 28 17 
16 21 23 
I throw 2
-------
In favor of BeatLast
they threw 0
18 18 21 
23 28 17 
17 21 23 
I throw 2
-------
they threw 1
18 19 21 
23 28 17 
17 21 23 
I throw 1
-------
they threw 1
18 19 21 
23 29 17 
17 21 23 
I throw 1
-------
In favor of BeatLast
they threw 2
18 19 21 
23 29 18 
17 21 23 
I throw 2
-------
they threw 0
18 19 21 
23 29 18 
18 21 23 
I throw 2
-------
In favor of BeatLast
they threw 0
19 19 21 
23 29 18 
18 21 23 
I throw 2
-------
they threw 1
19 20 21 
23 29 18 
18 21 23 
I throw 2
-------
In favor of BeatLast
they threw 0
19 20 21 
24 29 18 
18 21 23 
I throw 2
-------
they threw 2
19 20 22 
24 29 18 
18 21 23 
I throw 2
-------
In favor of BeatLast
they threw 0
19 20 22 
24 29 18 
19 21 23 
I throw 2
-------
they threw 2
19 20 23 
24 29 18 
19 21 23 
I throw 2
-------
In favor of BeatLast
they threw 0
19 20 23 
24 29 18 
20 21 23 
I throw 2
-------
In favor of BeatLast
they threw 0
20 20 23 
24 29 18 
20 21 23 
I throw 2
-------
In favor of BeatLast
they threw 0
21 20 23 
24 29 18 
20 21 23 
I throw 2
-------
In favor of BeatLast
they threw 0
22 20 23 
24 29 18 
20 21 23 
I throw 2
-------
they threw 2
22 20 24 
24 29 18 
20 21 23 
I throw 2
-------
they threw 1
22 20 24 
24 29 18 
20 22 23 
I throw 2
-------
they threw 2
22 20 24 
24 29 19 
20 22 23 
I throw 2
-------
they threw 1
22 20 24 
24 29 19 
20 23 23 
I throw 2
-------
In favor of BeatLast
they threw 0
22 20 24 
25 29 19 
20 23 23 
I throw 2
-------
they threw 1
22 21 24 
25 29 19 
20 23 23 
I throw 2
-------
In favor of BeatLast
they threw 0
22 21 24 
26 29 19 
20 23 23 
I throw 2
-------
they threw 1
22 22 24 
26 29 19 
20 23 23 
I throw 2
-------
In favor of BeatLast
they threw 0
22 22 24 
27 29 19 
20 23 23 
I throw 2
-------
they threw 2
22 22 25 
27 29 19 
20 23 23 
I throw 2
-------
they threw 2
22 22 25 
27 29 19 
20 23 24 
I throw 1
-------
In favor of BeatLast
they threw 0
22 22 25 
27 29 19 
21 23 24 
I throw 2
-------
In favor of BeatLast
they threw 2
22 22 26 
27 29 19 
21 23 24 
I throw 2
-------
they threw 2
22 22 26 
27 29 19 
21 23 25 
I throw 1
-------
they threw 1
22 22 26 
27 29 19 
21 24 25 
I throw 1
-------
they threw 1
22 22 26 
27 30 19 
21 24 25 
I throw 2
-------
they threw 1
22 22 26 
27 31 19 
21 24 25 
I throw 1
-------
they threw 1
22 22 26 
27 32 19 
21 24 25 
I throw 2
-------
In favor of BeatLast
they threw 2
22 22 26 
27 32 20 
21 24 25 
I throw 1
-------
In favor of BeatLast
they threw 0
22 22 26 
27 32 20 
22 24 25 
I throw 1
-------
In favor of BeatLast
they threw 2
22 22 27 
27 32 20 
22 24 25 
I throw 2
-------
In favor of BeatLast
they threw 2
22 22 27 
27 32 20 
22 24 26 
I throw 1
-------
they threw 2
22 22 27 
27 32 20 
22 24 27 
I throw 2
-------
they threw 0
22 22 27 
27 32 20 
23 24 27 
I throw 2
-------
In favor of BeatLast
they threw 0
23 22 27 
27 32 20 
23 24 27 
I throw 1
-------
In favor of BeatLast
they threw 0
24 22 27 
27 32 20 
23 24 27 
I throw 2
-------
In favor of BeatLast
they threw 2
24 22 28 
27 32 20 
23 24 27 
I throw 2
-------
In favor of BeatLast
they threw 0
24 22 28 
27 32 20 
24 24 27 
I throw 1
-------
In favor of BeatLast
they threw 0
25 22 28 
27 32 20 
24 24 27 
I throw 1
-------
they threw 1
25 23 28 
27 32 20 
24 24 27 
I throw 1
-------
they threw 1
25 23 28 
27 33 20 
24 24 27 
I throw 1
-------
they threw 0
25 23 28 
28 33 20 
24 24 27 
I throw 2
-------
they threw 0
26 23 28 
28 33 20 
24 24 27 
I throw 2
-------
they threw 2
26 23 29 
28 33 20 
24 24 27 
I throw 2
-------
they threw 1
26 23 29 
28 33 20 
24 25 27 
I throw 2
-------
they threw 2
26 23 29 
28 33 21 
24 25 27 
I throw 2
-------
they threw 1
26 23 29 
28 33 21 
24 26 27 
I throw 2
-------
they threw 2
26 23 29 
28 33 22 
24 26 27 
I throw 1
-------
In favor of BeatLast
they threw 0
26 23 29 
28 33 22 
25 26 27 
I throw 2
-------
they threw 0
27 23 29 
28 33 22 
25 26 27 
I throw 2
-------
they threw 2
27 23 30 
28 33 22 
25 26 27 
I throw 2
-------
they threw 1
27 23 30 
28 33 22 
25 27 27 
I throw 1
-------
In favor of BeatLast
they threw 0
27 23 30 
29 33 22 
25 27 27 
I throw 2
-------
they threw 0
28 23 30 
29 33 22 
25 27 27 
I throw 2
-------
they threw 1
28 24 30 
29 33 22 
25 27 27 
I throw 2
-------
they threw 2
28 24 30 
29 33 23 
25 27 27 
I throw 2
-------
In favor of BeatLast
they threw 0
28 24 30 
29 33 23 
26 27 27 
I throw 2
-------
they threw 1
28 25 30 
29 33 23 
26 27 27 
I throw 2
-------
In favor of BeatLast
they threw 0
28 25 30 
30 33 23 
26 27 27 
I throw 1
-------
they threw 2
28 25 31 
30 33 23 
26 27 27 
I throw 2
-------
they threw 1
28 25 31 
30 33 23 
26 28 27 
I throw 2
-------
In favor of BeatLast
they threw 0
28 25 31 
31 33 23 
26 28 27 
I throw 2
-------
they threw 1
28 26 31 
31 33 23 
26 28 27 
I throw 2
-------
In favor of BeatLast
they threw 0
28 26 31 
32 33 23 
26 28 27 
I throw 2
-------
they threw 2
28 26 32 
32 33 23 
26 28 27 
I throw 2
-------
they threw 2
28 26 32 
32 33 23 
26 28 28 
I throw 1
-------
In favor of BeatLast
they threw 0
28 26 32 
32 33 23 
27 28 28 
I throw 2
-------
they threw 0
29 26 32 
32 33 23 
27 28 28 
I throw 1
-------
In favor of BeatLast
they threw 0
30 26 32 
32 33 23 
27 28 28 
I throw 2
-------
they threw 0
31 26 32 
32 33 23 
27 28 28 
I throw 2
-------
they threw 1
31 27 32 
32 33 23 
27 28 28 
I throw 2
-------
they threw 2
31 27 32 
32 33 24 
27 28 28 
I throw 1
-------
In favor of BeatLast
they threw 0
31 27 32 
32 33 24 
28 28 28 
I throw 2
-------
they threw 1
31 28 32 
32 33 24 
28 28 28 
I throw 2
-------
In favor of BeatLast
they threw 0
31 28 32 
33 33 24 
28 28 28 
I throw 2
-------
they threw 1
31 29 32 
33 33 24 
28 28 28 
I throw 1
-------
they threw 2
31 29 32 
33 33 25 
28 28 28 
I throw 1
-------
they threw 1
31 29 32 
33 33 25 
28 29 28 
I throw 2
-------
they threw 1
31 29 32 
33 34 25 
28 29 28 
I throw 1
-------
they threw 1
31 29 32 
33 35 25 
28 29 28 
I throw 1
-------
they threw 0
31 29 32 
34 35 25 
28 29 28 
I throw 2
-------
they threw 0
32 29 32 
34 35 25 
28 29 28 
I throw 2
-------
In favor of BeatLast
they threw 0
33 29 32 
34 35 25 
28 29 28 
I throw 1
-------
In favor of BeatLast
they threw 0
34 29 32 
34 35 25 
28 29 28 
I throw 1
-------
they threw 0
35 29 32 
34 35 25 
28 29 28 
I throw 1
-------
they threw 0
36 29 32 
34 35 25 
28 29 28 
I throw 2
-------
they threw 1
36 30 32 
34 35 25 
28 29 28 
I throw 1
-------
they threw 1
36 30 32 
34 36 25 
28 29 28 
I throw 2
-------
In favor of BeatLast
they threw 2
36 30 32 
34 36 26 
28 29 28 
I throw 1
-------
they threw 2
36 30 32 
34 36 26 
28 29 29 
I throw 1
-------
In favor of BeatLast
they threw 2
36 30 32 
34 36 26 
28 29 30 
I throw 1
-------
they threw 1
36 30 32 
34 36 26 
28 30 30 
I throw 2
-------
they threw 0
36 30 32 
35 36 26 
28 30 30 
I throw 1
-------
they threw 1
36 31 32 
35 36 26 
28 30 30 
I throw 2
-------
they threw 1
36 31 32 
35 37 26 
28 30 30 
I throw 1
-------
In favor of BeatLast
they threw 0
36 31 32 
36 37 26 
28 30 30 
I throw 2
-------
they threw 1
36 32 32 
36 37 26 
28 30 30 
I throw 1
-------
In favor of BeatLast
they threw 0
36 32 32 
37 37 26 
28 30 30 
I throw 2
-------
In favor of BeatLast
they threw 2
36 32 33 
37 37 26 
28 30 30 
I throw 2
-------
they threw 1
36 32 33 
37 37 26 
28 31 30 
I throw 2
-------
they threw 2
36 32 33 
37 37 27 
28 31 30 
I throw 2
-------
they threw 1
36 32 33 
37 37 27 
28 32 30 
I throw 2
-------
they threw 1
36 32 33 
37 38 27 
28 32 30 
I throw 2
-------
they threw 1
36 32 33 
37 39 27 
28 32 30 
I throw 1
-------
they threw 2
36 32 33 
37 39 28 
28 32 30 
I throw 1
-------
In favor of BeatLast
they threw 2
36 32 33 
37 39 28 
28 32 31 
I throw 1
-------
In favor of BeatLast
they threw 2
36 32 33 
37 39 28 
28 32 32 
I throw 1
-------
In favor of BeatLast
they threw 2
36 32 33 
37 39 28 
28 32 33 
I throw 2
-------
In favor of BeatLast
they threw 2
36 32 33 
37 39 28 
28 32 34 
I throw 1
-------
In favor of BeatLast
they threw 0
36 32 33 
37 39 28 
29 32 34 
I throw 2
-------
they threw 1
36 33 33 
37 39 28 
29 32 34 
I throw 2
-------
In favor of BeatLast
they threw 0
36 33 33 
38 39 28 
29 32 34 
I throw 2
-------
they threw 1
36 34 33 
38 39 28 
29 32 34 
I throw 1
-------
In favor of BeatLast
they threw 0
36 34 33 
39 39 28 
29 32 34 
I throw 1
-------
they threw 0
37 34 33 
39 39 28 
29 32 34 
I throw 2
-------
they threw 1
37 35 33 
39 39 28 
29 32 34 
I throw 2
-------
In favor of BeatLast
they threw 0
37 35 33 
40 39 28 
29 32 34 
I throw 2
-------
In favor of BeatLast
they threw 0
38 35 33 
40 39 28 
29 32 34 
I throw 1
-------
they threw 2
38 35 34 
40 39 28 
29 32 34 
I throw 2
-------
they threw 0
38 35 34 
40 39 28 
30 32 34 
I throw 2
-------
they threw 1
38 36 34 
40 39 28 
30 32 34 
I throw 1
-------
they threw 1
38 36 34 
40 40 28 
30 32 34 
I throw 2
-------
they threw 0
38 36 34 
41 40 28 
30 32 34 
I throw 1
-------
In favor of BeatLast
they threw 0
39 36 34 
41 40 28 
30 32 34 
I throw 1
-------
they threw 0
40 36 34 
41 40 28 
30 32 34 
I throw 1
-------
In favor of BeatLast
they threw 2
40 36 35 
41 40 28 
30 32 34 
I throw 2
-------
In favor of BeatLast
they threw 2
40 36 35 
41 40 28 
30 32 35 
I throw 1
-------
they threw 1
40 36 35 
41 40 28 
30 33 35 
I throw 2
-------
they threw 1
40 36 35 
41 41 28 
30 33 35 
I throw 1
-------
they threw 2
40 36 35 
41 41 29 
30 33 35 
I throw 2
-------
they threw 0
40 36 35 
41 41 29 
31 33 35 
I throw 2
-------
they threw 2
40 36 36 
41 41 29 
31 33 35 
I throw 1
-------
they threw 1
40 36 36 
41 41 29 
31 34 35 
I throw 1
-------
they threw 1
40 36 36 
41 42 29 
31 34 35 
I throw 2
-------
they threw 1
40 36 36 
41 43 29 
31 34 35 
I throw 2
-------
they threw 1
40 36 36 
41 44 29 
31 34 35 
I throw 2
-------
they threw 1
40 36 36 
41 45 29 
31 34 35 
I throw 2
-------
In favor of BeatLast
they threw 0
40 36 36 
42 45 29 
31 34 35 
I throw 2
-------
In favor of BeatLast
they threw 0
41 36 36 
42 45 29 
31 34 35 
I throw 1
-------
they threw 1
41 37 36 
42 45 29 
31 34 35 
I throw 2
-------
they threw 0
41 37 36 
43 45 29 
31 34 35 
I throw 2
-------
they threw 2
41 37 37 
43 45 29 
31 34 35 
I throw 1
-------
In favor of BeatLast
they threw 0
41 37 37 
43 45 29 
32 34 35 
I throw 2
-------
they threw 0
42 37 37 
43 45 29 
32 34 35 
I throw 1
-------
they threw 2
42 37 38 
43 45 29 
32 34 35 
I throw 2
-------
they threw 1
42 37 38 
43 45 29 
32 35 35 
I throw 2
-------
they threw 2
42 37 38 
43 45 30 
32 35 35 
I throw 2
-------
they threw 2
42 37 38 
43 45 30 
32 35 36 
I throw 2
-------
In favor of BeatLast
they threw 0
42 37 38 
43 45 30 
33 35 36 
I throw 1
-------
they threw 2
42 37 39 
43 45 30 
33 35 36 
I throw 2
-------
they threw 1
42 37 39 
43 45 30 
33 36 36 
I throw 2
-------
they threw 2
42 37 39 
43 45 31 
33 36 36 
I throw 2
-------
they threw 1
42 37 39 
43 45 31 
33 37 36 
I throw 2
-------
they threw 2
42 37 39 
43 45 32 
33 37 36 
I throw 2
-------
In favor of BeatLast
they threw 0
42 37 39 
43 45 32 
34 37 36 
I throw 1
-------
they threw 1
42 38 39 
43 45 32 
34 37 36 
I throw 2
-------
they threw 0
42 38 39 
44 45 32 
34 37 36 
I throw 2
-------
In favor of BeatLast
they threw 0
43 38 39 
44 45 32 
34 37 36 
I throw 2
-------
they threw 2
43 38 40 
44 45 32 
34 37 36 
I throw 2
-------
In favor of BeatLast
they threw 0
43 38 40 
44 45 32 
35 37 36 
I throw 2
-------
In favor of BeatLast
they threw 0
44 38 40 
44 45 32 
35 37 36 
I throw 1
-------
they threw 1
44 39 40 
44 45 32 
35 37 36 
I throw 1
-------
they threw 1
44 39 40 
44 46 32 
35 37 36 
I throw 2
-------
In favor of BeatLast
they threw 2
44 39 40 
44 46 33 
35 37 36 
I throw 1
-------
they threw 2
44 39 40 
44 46 33 
35 37 37 
I throw 2
-------
In favor of BeatLast
they threw 2
44 39 40 
44 46 33 
35 37 38 
I throw 1
-------
they threw 1
44 39 40 
44 46 33 
35 38 38 
I throw 1
-------
they threw 1
44 39 40 
44 47 33 
35 38 38 
I throw 2
-------
In favor of BeatLast
they threw 2
44 39 40 
44 47 34 
35 38 38 
I throw 2
-------
they threw 1
44 39 40 
44 47 34 
35 39 38 
I throw 2
-------
they threw 2
44 39 40 
44 47 35 
35 39 38 
I throw 2
-------
they threw 1
44 39 40 
44 47 35 
35 40 38 
I throw 1
-------
they threw 2
44 39 40 
44 47 36 
35 40 38 
I throw 2
-------
In favor of BeatLast
they threw 2
44 39 40 
44 47 36 
35 40 39 
I throw 2
-------
In favor of BeatLast
they threw 0
44 39 40 
44 47 36 
36 40 39 
I throw 2
-------
they threw 1
44 40 40 
44 47 36 
36 40 39 
I throw 1
-------
they threw 2
44 40 40 
44 47 37 
36 40 39 
I throw 2
-------
they threw 0
44 40 40 
44 47 37 
37 40 39 
I throw 2
-------
they threw 2
44 40 41 
44 47 37 
37 40 39 
I throw 2
-------
they threw 2
44 40 41 
44 47 37 
37 40 40 
I throw 2
-------
they threw 2
44 40 41 
44 47 37 
37 40 41 
I throw 2
-------
they threw 2
44 40 41 
44 47 37 
37 40 42 
I throw 2
-------
In favor of BeatLast
they threw 0
44 40 41 
44 47 37 
38 40 42 
I throw 2
-------
they threw 2
44 40 42 
44 47 37 
38 40 42 
I throw 2
-------
they threw 1
44 40 42 
44 47 37 
38 41 42 
I throw 2
-------
they threw 2
44 40 42 
44 47 38 
38 41 42 
I throw 2
-------
In favor of BeatLast
they threw 0
44 40 42 
44 47 38 
39 41 42 
I throw 2
-------
they threw 1
44 41 42 
44 47 38 
39 41 42 
I throw 2
-------
they threw 1
44 41 42 
44 48 38 
39 41 42 
I throw 2
-------
they threw 1
44 41 42 
44 49 38 
39 41 42 
I throw 2
-------
they threw 2
44 41 42 
44 49 39 
39 41 42 
I throw 2
-------
they threw 2
44 41 42 
44 49 39 
39 41 43 
I throw 2
-------
they threw 2
44 41 42 
44 49 39 
39 41 44 
I throw 2
-------
they threw 1
44 41 42 
44 49 39 
39 42 44 
I throw 2
-------
they threw 2
44 41 42 
44 49 40 
39 42 44 
I throw 1
-------
they threw 2
44 41 42 
44 49 40 
39 42 45 
I throw 2
-------
they threw 0
44 41 42 
44 49 40 
40 42 45 
I throw 2
-------
they threw 2
44 41 43 
44 49 40 
40 42 45 
I throw 2
-------
In favor of BeatLast
they threw 0
44 41 43 
44 49 40 
41 42 45 
I throw 2
-------
In favor of BeatLast
they threw 0
45 41 43 
44 49 40 
41 42 45 
I throw 2
-------
In favor of BeatLast
they threw 0
46 41 43 
44 49 40 
41 42 45 
I throw 2
-------
they threw 1
46 42 43 
44 49 40 
41 42 45 
I throw 2
-------
they threw 1
46 42 43 
44 50 40 
41 42 45 
I throw 2
-------
they threw 2
46 42 43 
44 50 41 
41 42 45 
I throw 2
-------
In favor of BeatLast
they threw 0
46 42 43 
44 50 41 
42 42 45 
I throw 1
-------
they threw 2
46 42 44 
44 50 41 
42 42 45 
I throw 1
-------
In favor of BeatLast
they threw 2
46 42 44 
44 50 41 
42 42 46 
I throw 2
-------
they threw 1
46 42 44 
44 50 41 
42 43 46 
I throw 2
-------
they threw 2
46 42 44 
44 50 42 
42 43 46 
I throw 2
-------
they threw 2
46 42 44 
44 50 42 
42 43 47 
I throw 1
-------
they threw 1
46 42 44 
44 50 42 
42 44 47 
I throw 2
-------
they threw 1
46 42 44 
44 51 42 
42 44 47 
I throw 2
-------
they threw 1
46 42 44 
44 52 42 
42 44 47 
I throw 2
-------
In favor of BeatLast
they threw 0
46 42 44 
45 52 42 
42 44 47 
I throw 2
-------
they threw 1
46 43 44 
45 52 42 
42 44 47 
I throw 1
-------
they threw 2
46 43 44 
45 52 43 
42 44 47 
I throw 2
-------
they threw 0
46 43 44 
45 52 43 
43 44 47 
I throw 2
-------
they threw 1
46 44 44 
45 52 43 
43 44 47 
I throw 2
-------
they threw 1
46 44 44 
45 53 43 
43 44 47 
I throw 2
-------
they threw 2
46 44 44 
45 53 44 
43 44 47 
I throw 2
-------
In favor of BeatLast
they threw 0
46 44 44 
45 53 44 
44 44 47 
I throw 1
-------
they threw 1
46 45 44 
45 53 44 
44 44 47 
I throw 1
-------
they threw 1
46 45 44 
45 54 44 
44 44 47 
I throw 2
-------
In favor of BeatLast
they threw 2
46 45 44 
45 54 45 
44 44 47 
I throw 2
-------
they threw 2
46 45 44 
45 54 45 
44 44 48 
I throw 2
-------
they threw 2
46 45 44 
45 54 45 
44 44 49 
I throw 1
-------
they threw 2
46 45 44 
45 54 45 
44 44 50 
I throw 2
-------
they threw 1
46 45 44 
45 54 45 
44 45 50 
I throw 1
-------
In favor of BeatLast
they threw 0
46 45 44 
46 54 45 
44 45 50 
I throw 2
-------
In favor of BeatLast
they threw 2
46 45 45 
46 54 45 
44 45 50 
I throw 2
-------
they threw 1
46 45 45 
46 54 45 
44 46 50 
I throw 1
-------
In favor of BeatLast
they threw 0
46 45 45 
47 54 45 
44 46 50 
I throw 2
-------
they threw 0
47 45 45 
47 54 45 
44 46 50 
I throw 2
-------
they threw 1
47 46 45 
47 54 45 
44 46 50 
I throw 1
-------
In favor of BeatLast
they threw 0
47 46 45 
48 54 45 
44 46 50 
I throw 2
-------
they threw 1
47 47 45 
48 54 45 
44 46 50 
I throw 2
-------
they threw 2
47 47 45 
48 54 46 
44 46 50 
I throw 2
-------
they threw 2
47 47 45 
48 54 46 
44 46 51 
I throw 1
-------
In favor of BeatLast
they threw 0
47 47 45 
48 54 46 
45 46 51 
I throw 1
-------
they threw 0
48 47 45 
48 54 46 
45 46 51 
I throw 2
-------
In favor of BeatLast
they threw 2
48 47 46 
48 54 46 
45 46 51 
I throw 2
-------
they threw 2
48 47 46 
48 54 46 
45 46 52 
I throw 2
-------
they threw 1
48 47 46 
48 54 46 
45 47 52 
I throw 2
-------
they threw 2
48 47 46 
48 54 47 
45 47 52 
I throw 1
-------
they threw 1
48 47 46 
48 54 47 
45 48 52 
I throw 2
-------
In favor of BeatLast
they threw 2
48 47 46 
48 54 48 
45 48 52 
I throw 2
-------
In favor of BeatLast
they threw 0
48 47 46 
48 54 48 
46 48 52 
I throw 2
-------
they threw 2
48 47 47 
48 54 48 
46 48 52 
I throw 2
-------
In favor of BeatLast
they threw 0
48 47 47 
48 54 48 
47 48 52 
I throw 2
-------
In favor of BeatLast
they threw 0
49 47 47 
48 54 48 
47 48 52 
I throw 1
-------
they threw 2
49 47 48 
48 54 48 
47 48 52 
I throw 2
-------
they threw 0
49 47 48 
48 54 48 
48 48 52 
I throw 2
-------
they threw 1
49 48 48 
48 54 48 
48 48 52 
I throw 1
-------
they threw 2
49 48 48 
48 54 49 
48 48 52 
I throw 2
-------
they threw 1
49 48 48 
48 54 49 
48 49 52 
I throw 2
-------
they threw 1
49 48 48 
48 55 49 
48 49 52 
I throw 2
-------
they threw 2
49 48 48 
48 55 50 
48 49 52 
I throw 1
-------
they threw 2
49 48 48 
48 55 50 
48 49 53 
I throw 1
-------
In favor of BeatLast
they threw 2
49 48 48 
48 55 50 
48 49 54 
I throw 2
-------
In favor of BeatLast
they threw 2
49 48 48 
48 55 50 
48 49 55 
I throw 1
-------
they threw 1
49 48 48 
48 55 50 
48 50 55 
I throw 2
-------
In favor of BeatLast
they threw 2
49 48 48 
48 55 51 
48 50 55 
I throw 2
-------
In favor of BeatLast
they threw 0
49 48 48 
48 55 51 
49 50 55 
I throw 2
-------
they threw 2
49 48 49 
48 55 51 
49 50 55 
I throw 2
-------
they threw 2
49 48 49 
48 55 51 
49 50 56 
I throw 2
-------
In favor of BeatLast
they threw 0
49 48 49 
48 55 51 
50 50 56 
I throw 1
-------
they threw 1
49 49 49 
48 55 51 
50 50 56 
I throw 1
-------
they threw 1
49 49 49 
48 56 51 
50 50 56 
I throw 2
-------
In favor of BeatLast
they threw 2
49 49 49 
48 56 52 
50 50 56 
I throw 1
-------
In favor of BeatLast
they threw 0
49 49 49 
48 56 52 
51 50 56 
I throw 2
-------
they threw 1
49 50 49 
48 56 52 
51 50 56 
I throw 2
-------
they threw 2
49 50 49 
48 56 53 
51 50 56 
I throw 2
-------
they threw 1
49 50 49 
48 56 53 
51 51 56 
I throw 2
-------
they threw 1
49 50 49 
48 57 53 
51 51 56 
I throw 2
-------
In favor of BeatLast
they threw 0
49 50 49 
49 57 53 
51 51 56 
I throw 2
-------
In favor of BeatLast
they threw 0
50 50 49 
49 57 53 
51 51 56 
I throw 2
-------
they threw 2
50 50 50 
49 57 53 
51 51 56 
I throw 1
-------
they threw 2
50 50 50 
49 57 53 
51 51 57 
I throw 2
-------
they threw 0
50 50 50 
49 57 53 
52 51 57 
I throw 2
-------
In favor of BeatLast
they threw 0
51 50 50 
49 57 53 
52 51 57 
I throw 2
-------
they threw 2
51 50 51 
49 57 53 
52 51 57 
I throw 2
-------
they threw 1
51 50 51 
49 57 53 
52 52 57 
I throw 2
-------
In favor of BeatLast
they threw 0
51 50 51 
50 57 53 
52 52 57 
I throw 2
-------
In favor of BeatLast
they threw 0
52 50 51 
50 57 53 
52 52 57 
I throw 2
-------
In favor of BeatLast
they threw 0
53 50 51 
50 57 53 
52 52 57 
I throw 2
-------
In favor of BeatLast
they threw 0
54 50 51 
50 57 53 
52 52 57 
I throw 1
-------
they threw 2
54 50 52 
50 57 53 
52 52 57 
I throw 2
-------
they threw 0
54 50 52 
50 57 53 
53 52 57 
I throw 1
-------
they threw 2
54 50 53 
50 57 53 
53 52 57 
I throw 2
-------
they threw 1
54 50 53 
50 57 53 
53 53 57 
I throw 2
-------
they threw 2
54 50 53 
50 57 54 
53 53 57 
I throw 1
-------
they threw 2
54 50 53 
50 57 54 
53 53 58 
I throw 2
-------
In favor of BeatLast
they threw 2
54 50 53 
50 57 54 
53 53 59 
I throw 2
-------
they threw 2
54 50 53 
50 57 54 
53 53 60 
I throw 2
-------
they threw 2
54 50 53 
50 57 54 
53 53 61 
I throw 1
-------
In favor of BeatLast
they threw 0
54 50 53 
50 57 54 
54 53 61 
I throw 2
-------
they threw 1
54 51 53 
50 57 54 
54 53 61 
I throw 1
-------
they threw 2
54 51 53 
50 57 55 
54 53 61 
I throw 1
-------
In favor of BeatLast
they threw 2
54 51 53 
50 57 55 
54 53 62 
I throw 2
-------
they threw 1
54 51 53 
50 57 55 
54 54 62 
I throw 1
-------
In favor of BeatLast
they threw 0
54 51 53 
51 57 55 
54 54 62 
I throw 2
-------
In favor of BeatLast
they threw 2
54 51 54 
51 57 55 
54 54 62 
I throw 1
-------
In favor of BeatLast
they threw 0
54 51 54 
51 57 55 
55 54 62 
I throw 2
-------
they threw 1
54 52 54 
51 57 55 
55 54 62 
I throw 2
-------
they threw 2
54 52 54 
51 57 56 
55 54 62 
I throw 1
-------
In favor of BeatLast
they threw 0
54 52 54 
51 57 56 
56 54 62 
I throw 2
-------
they threw 1
54 53 54 
51 57 56 
56 54 62 
I throw 1
-------
they threw 1
54 53 54 
51 58 56 
56 54 62 
I throw 2
-------
they threw 0
54 53 54 
52 58 56 
56 54 62 
I throw 1
-------
they threw 2
54 53 55 
52 58 56 
56 54 62 
I throw 2
-------
they threw 1
54 53 55 
52 58 56 
56 55 62 
I throw 2
-------
they threw 2
54 53 55 
52 58 57 
56 55 62 
I throw 2
-------
they threw 2
54 53 55 
52 58 57 
56 55 63 
I throw 2
-------
they threw 1
54 53 55 
52 58 57 
56 56 63 
I throw 1
-------
they threw 1
54 53 55 
52 59 57 
56 56 63 
I throw 1
-------
In favor of BeatLast
they threw 2
54 53 55 
52 59 58 
56 56 63 
I throw 2
-------
they threw 1
54 53 55 
52 59 58 
56 57 63 
I throw 2
-------
they threw 2
54 53 55 
52 59 59 
56 57 63 
I throw 2
-------
In favor of BeatLast
they threw 0
54 53 55 
52 59 59 
57 57 63 
I throw 2
-------
In favor of BeatLast
they threw 0
55 53 55 
52 59 59 
57 57 63 
I throw 2
-------
they threw 1
55 54 55 
52 59 59 
57 57 63 
I throw 2
-------
In favor of BeatLast
they threw 0
55 54 55 
53 59 59 
57 57 63 
I throw 1
-------
they threw 2
55 54 56 
53 59 59 
57 57 63 
I throw 2
-------
they threw 1
55 54 56 
53 59 59 
57 58 63 
I throw 1
-------
they threw 1
55 54 56 
53 60 59 
57 58 63 
I throw 2
-------
they threw 1
55 54 56 
53 61 59 
57 58 63 
I throw 2
-------
In favor of BeatLast
they threw 0
55 54 56 
54 61 59 
57 58 63 
I throw 2
-------
they threw 1
55 55 56 
54 61 59 
57 58 63 
I throw 2
-------
they threw 1
55 55 56 
54 62 59 
57 58 63 
I throw 2
-------
they threw 2
55 55 56 
54 62 60 
57 58 63 
I throw 2
-------
In favor of BeatLast
they threw 0
55 55 56 
54 62 60 
58 58 63 
I throw 2
-------
they threw 2
55 55 57 
54 62 60 
58 58 63 
I throw 2
-------
In favor of BeatLast
they threw 0
55 55 57 
54 62 60 
59 58 63 
I throw 2
-------
they threw 2
55 55 58 
54 62 60 
59 58 63 
I throw 1
-------
they threw 2
55 55 58 
54 62 60 
59 58 64 
I throw 2
-------
they threw 0
55 55 58 
54 62 60 
60 58 64 
I throw 2
-------
In favor of BeatLast
they threw 0
56 55 58 
54 62 60 
60 58 64 
I throw 1
-------
they threw 1
56 56 58 
54 62 60 
60 58 64 
I throw 1
-------
they threw 1
56 56 58 
54 63 60 
60 58 64 
I throw 2
-------
they threw 1
56 56 58 
54 64 60 
60 58 64 
I throw 2
-------
they threw 2
56 56 58 
54 64 61 
60 58 64 
I throw 2
-------
In favor of BeatLast
they threw 0
56 56 58 
54 64 61 
61 58 64 
I throw 1
-------
they threw 1
56 57 58 
54 64 61 
61 58 64 
I throw 2
-------
In favor of BeatLast
they threw 2
56 57 58 
54 64 62 
61 58 64 
I throw 2
-------
they threw 1
56 57 58 
54 64 62 
61 59 64 
I throw 2
-------
they threw 1
56 57 58 
54 65 62 
61 59 64 
I throw 1
-------
they threw 1
56 57 58 
54 66 62 
61 59 64 
I throw 1
-------
they threw 1
56 57 58 
54 67 62 
61 59 64 
I throw 2
-------
In favor of BeatLast
they threw 2
56 57 58 
54 67 63 
61 59 64 
I throw 2
-------
In favor of BeatLast
they threw 0
56 57 58 
54 67 63 
62 59 64 
I throw 2
-------
they threw 1
56 58 58 
54 67 63 
62 59 64 
I throw 1
-------
In favor of BeatLast
they threw 0
56 58 58 
55 67 63 
62 59 64 
I throw 2
-------
they threw 0
57 58 58 
55 67 63 
62 59 64 
I throw 1
-------
they threw 2
57 58 59 
55 67 63 
62 59 64 
I throw 1
-------
they threw 1
57 58 59 
55 67 63 
62 60 64 
I throw 1
-------
they threw 0
57 58 59 
56 67 63 
62 60 64 
I throw 2
-------
they threw 0
58 58 59 
56 67 63 
62 60 64 
I throw 2
-------
In favor of BeatLast
they threw 0
59 58 59 
56 67 63 
62 60 64 
I throw 2
-------
they threw 1
59 59 59 
56 67 63 
62 60 64 
I throw 2
-------
In favor of BeatLast
they threw 0
59 59 59 
57 67 63 
62 60 64 
I throw 2
-------
they threw 1
59 60 59 
57 67 63 
62 60 64 
I throw 2
-------
they threw 2
59 60 59 
57 67 64 
62 60 64 
I throw 1
-------
they threw 2
59 60 59 
57 67 64 
62 60 65 
I throw 1
-------
they threw 0
59 60 59 
57 67 64 
63 60 65 
I throw 2
-------
In favor of BeatLast
they threw 2
59 60 60 
57 67 64 
63 60 65 
I throw 2
-------
they threw 1
59 60 60 
57 67 64 
63 61 65 
I throw 2
-------
In favor of BeatLast
they threw 0
59 60 60 
58 67 64 
63 61 65 
I throw 1
-------
they threw 2
59 60 61 
58 67 64 
63 61 65 
I throw 2
-------
they threw 0
59 60 61 
58 67 64 
64 61 65 
I throw 1
-------
they threw 1
59 61 61 
58 67 64 
64 61 65 
I throw 2
-------
In favor of BeatLast
they threw 2
59 61 61 
58 67 65 
64 61 65 
I throw 2
-------
they threw 1
59 61 61 
58 67 65 
64 62 65 
I throw 1
-------
In favor of BeatLast
they threw 0
59 61 61 
59 67 65 
64 62 65 
I throw 2
-------
In favor of BeatLast
they threw 2
59 61 62 
59 67 65 
64 62 65 
I throw 2
-------
they threw 2
59 61 62 
59 67 65 
64 62 66 
I throw 2
-------
In favor of BeatLast
they threw 0
59 61 62 
59 67 65 
65 62 66 
I throw 2
-------
In favor of BeatLast
they threw 0
60 61 62 
59 67 65 
65 62 66 
I throw 1
-------
they threw 1
60 62 62 
59 67 65 
65 62 66 
I throw 1
-------
they threw 0
60 62 62 
60 67 65 
65 62 66 
I throw 1
-------
they threw 1
60 63 62 
60 67 65 
65 62 66 
I throw 2
-------
they threw 1
60 63 62 
60 68 65 
65 62 66 
I throw 2
-------
In favor of BeatLast
they threw 0
60 63 62 
61 68 65 
65 62 66 
I throw 2
-------
they threw 1
60 64 62 
61 68 65 
65 62 66 
I throw 2
-------
they threw 2
60 64 62 
61 68 66 
65 62 66 
I throw 2
-------
they threw 1
60 64 62 
61 68 66 
65 63 66 
I throw 1
-------
they threw 2
60 64 62 
61 68 67 
65 63 66 
I throw 2
-------
In favor of BeatLast
they threw 2
60 64 62 
61 68 67 
65 63 67 
I throw 2
-------
they threw 2
60 64 62 
61 68 67 
65 63 68 
I throw 2
-------
they threw 2
60 64 62 
61 68 67 
65 63 69 
I throw 1
-------
they threw 1
60 64 62 
61 68 67 
65 64 69 
I throw 2
-------
they threw 0
60 64 62 
62 68 67 
65 64 69 
I throw 2
-------
they threw 1
60 65 62 
62 68 67 
65 64 69 
I throw 2
-------
they threw 1
60 65 62 
62 69 67 
65 64 69 
I throw 2
-------
they threw 1
60 65 62 
62 70 67 
65 64 69 
I throw 2
-------
they threw 1
60 65 62 
62 71 67 
65 64 69 
I throw 2
-------
In favor of BeatLast
they threw 0
60 65 62 
63 71 67 
65 64 69 
I throw 1
-------
In favor of BeatLast
they threw 0
61 65 62 
63 71 67 
65 64 69 
I throw 2
-------
In favor of BeatLast
they threw 2
61 65 63 
63 71 67 
65 64 69 
I throw 1
-------
In favor of BeatLast
they threw 0
61 65 63 
63 71 67 
66 64 69 
I throw 2
-------
In favor of BeatLast
they threw 2
61 65 64 
63 71 67 
66 64 69 
I throw 1
-------
In favor of BeatLast
they threw 0
61 65 64 
63 71 67 
67 64 69 
I throw 2
-------
In favor of BeatLast
they threw 2
61 65 65 
63 71 67 
67 64 69 
I throw 2
-------
they threw 2
61 65 65 
63 71 67 
67 64 70 
I throw 2
-------
they threw 1
61 65 65 
63 71 67 
67 65 70 
I throw 2
-------
they threw 2
61 65 65 
63 71 68 
67 65 70 
I throw 2
-------
In favor of BeatLast
they threw 0
61 65 65 
63 71 68 
68 65 70 
I throw 1
-------
they threw 1
61 66 65 
63 71 68 
68 65 70 
I throw 2
-------
In favor of BeatLast
they threw 2
61 66 65 
63 71 69 
68 65 70 
I throw 1
-------
they threw 1
61 66 65 
63 71 69 
68 66 70 
I throw 2
-------
they threw 1
61 66 65 
63 72 69 
68 66 70 
I throw 1
-------
In favor of BeatLast
they threw 0
61 66 65 
64 72 69 
68 66 70 
I throw 2
-------
they threw 0
62 66 65 
64 72 69 
68 66 70 
I throw 2
-------
In favor of BeatLast
they threw 0
63 66 65 
64 72 69 
68 66 70 
I throw 1
-------
they threw 2
63 66 66 
64 72 69 
68 66 70 
I throw 1
-------
they threw 0
63 66 66 
64 72 69 
69 66 70 
I throw 1
-------
they threw 0
64 66 66 
64 72 69 
69 66 70 
I throw 2
-------
they threw 1
64 67 66 
64 72 69 
69 66 70 
I throw 2
-------
they threw 2
64 67 66 
64 72 70 
69 66 70 
I throw 1
-------
they threw 2
64 67 66 
64 72 70 
69 66 71 
I throw 1
-------
they threw 1
64 67 66 
64 72 70 
69 67 71 
I throw 1
-------
they threw 1
64 67 66 
64 73 70 
69 67 71 
I throw 2
-------
In favor of BeatLast
they threw 2
64 67 66 
64 73 71 
69 67 71 
I throw 2
-------
they threw 2
64 67 66 
64 73 71 
69 67 72 
I throw 2
-------
they threw 2
64 67 66 
64 73 71 
69 67 73 
I throw 1
-------
In favor of BeatLast
they threw 0
64 67 66 
64 73 71 
70 67 73 
I throw 1
-------
In favor of BeatLast
they threw 2
64 67 67 
64 73 71 
70 67 73 
I throw 2
-------
they threw 0
64 67 67 
64 73 71 
71 67 73 
I throw 1
-------
they threw 2
64 67 68 
64 73 71 
71 67 73 
I throw 2
-------
In favor of BeatLast
they threw 2
64 67 68 
64 73 71 
71 67 74 
I throw 1
-------
In favor of BeatLast
they threw 0
64 67 68 
64 73 71 
72 67 74 
I throw 1
-------
In favor of BeatLast
they threw 2
64 67 69 
64 73 71 
72 67 74 
I throw 2
-------
In favor of BeatLast
they threw 2
64 67 69 
64 73 71 
72 67 75 
I throw 1
-------
they threw 1
64 67 69 
64 73 71 
72 68 75 
I throw 2
-------
they threw 0
64 67 69 
65 73 71 
72 68 75 
I throw 2
-------
they threw 1
64 68 69 
65 73 71 
72 68 75 
I throw 2
-------
they threw 2
64 68 69 
65 73 72 
72 68 75 
I throw 2
-------
In favor of BeatLast
they threw 0
64 68 69 
65 73 72 
73 68 75 
I throw 2
-------
they threw 2
64 68 70 
65 73 72 
73 68 75 
I throw 1
-------
In favor of BeatLast
they threw 0
64 68 70 
65 73 72 
74 68 75 
I throw 2
-------
they threw 1
64 69 70 
65 73 72 
74 68 75 
I throw 2
-------
they threw 2
64 69 70 
65 73 73 
74 68 75 
I throw 2
-------
they threw 1
64 69 70 
65 73 73 
74 69 75 
I throw 2
-------
they threw 1
64 69 70 
65 74 73 
74 69 75 
I throw 2
-------
they threw 1
64 69 70 
65 75 73 
74 69 75 
I throw 1
-------
they threw 1
64 69 70 
65 76 73 
74 69 75 
I throw 2
-------
they threw 1
64 69 70 
65 77 73 
74 69 75 
I throw 1
-------
they threw 2
64 69 70 
65 77 74 
74 69 75 
I throw 2
-------
In favor of BeatLast
they threw 2
64 69 70 
65 77 74 
74 69 76 
I throw 2
-------
they threw 2
64 69 70 
65 77 74 
74 69 77 
I throw 1
-------
they threw 2
64 69 70 
65 77 74 
74 69 78 
I throw 2
-------
In favor of BeatLast
they threw 2
64 69 70 
65 77 74 
74 69 79 
I throw 2
-------
In favor of BeatLast
they threw 0
64 69 70 
65 77 74 
75 69 79 
I throw 2
-------
In favor of BeatLast
they threw 0
65 69 70 
65 77 74 
75 69 79 
I throw 1
-------
In favor of BeatLast
they threw 0
66 69 70 
65 77 74 
75 69 79 
I throw 2
-------
In favor of BeatLast
they threw 2
66 69 71 
65 77 74 
75 69 79 
I throw 2
-------
they threw 2
66 69 71 
65 77 74 
75 69 80 
I throw 1
-------
they threw 2
66 69 71 
65 77 74 
75 69 81 
I throw 2
-------
they threw 0
66 69 71 
65 77 74 
76 69 81 
I throw 1
-------
they threw 2
66 69 72 
65 77 74 
76 69 81 
I throw 1
-------
In favor of BeatLast
they threw 2
66 69 72 
65 77 74 
76 69 82 
I throw 1
-------
In favor of BeatLast
they threw 2
66 69 72 
65 77 74 
76 69 83 
I throw 2
-------
they threw 1
66 69 72 
65 77 74 
76 70 83 
I throw 1
-------
they threw 2
66 69 72 
65 77 75 
76 70 83 
I throw 2
-------
they threw 1
66 69 72 
65 77 75 
76 71 83 
I throw 2
-------
they threw 1
66 69 72 
65 78 75 
76 71 83 
I throw 2
-------
they threw 1
66 69 72 
65 79 75 
76 71 83 
I throw 1
-------
they threw 2
66 69 72 
65 79 76 
76 71 83 
I throw 2
-------
they threw 0
66 69 72 
65 79 76 
77 71 83 
I throw 2
-------
they threw 1
66 70 72 
65 79 76 
77 71 83 
I throw 2
-------
In favor of BeatLast
they threw 0
66 70 72 
66 79 76 
77 71 83 
I throw 2
-------
they threw 1
66 71 72 
66 79 76 
77 71 83 
I throw 2
-------
they threw 1
66 71 72 
66 80 76 
77 71 83 
I throw 2
-------
they threw 2
66 71 72 
66 80 77 
77 71 83 
I throw 2
-------
they threw 1
66 71 72 
66 80 77 
77 72 83 
I throw 2
-------
they threw 2
66 71 72 
66 80 78 
77 72 83 
I throw 1
-------
they threw 1
66 71 72 
66 80 78 
77 73 83 
I throw 1
-------
In favor of BeatLast
they threw 2
66 71 72 
66 80 79 
77 73 83 
I throw 1
-------
they threw 0
66 71 72 
66 80 79 
78 73 83 
I throw 2
-------
they threw 1
66 72 72 
66 80 79 
78 73 83 
I throw 2
-------
they threw 1
66 72 72 
66 81 79 
78 73 83 
I throw 2
-------
In favor of BeatLast
they threw 0
66 72 72 
67 81 79 
78 73 83 
I throw 1
-------
they threw 1
66 73 72 
67 81 79 
78 73 83 
I throw 2
-------
they threw 1
66 73 72 
67 82 79 
78 73 83 
I throw 1
-------
they threw 1
66 73 72 
67 83 79 
78 73 83 
I throw 2
-------
they threw 0
66 73 72 
68 83 79 
78 73 83 
I throw 2
-------
In favor of BeatLast
they threw 0
67 73 72 
68 83 79 
78 73 83 
I throw 2
-------
In favor of BeatLast
they threw 0
68 73 72 
68 83 79 
78 73 83 
I throw 1
-------
they threw 1
68 74 72 
68 83 79 
78 73 83 
I throw 2
-------
they threw 1
68 74 72 
68 84 79 
78 73 83 
I throw 2
-------
they threw 2
68 74 72 
68 84 80 
78 73 83 
I throw 2
-------
In favor of BeatLast
they threw 0
68 74 72 
68 84 80 
79 73 83 
I throw 2
-------
In favor of BeatLast
they threw 0
69 74 72 
68 84 80 
79 73 83 
I throw 2
-------
they threw 2
69 74 73 
68 84 80 
79 73 83 
I throw 1
-------
they threw 2
69 74 73 
68 84 80 
79 73 84 
I throw 2
-------
In favor of BeatLast
they threw 2
69 74 73 
68 84 80 
79 73 85 
I throw 1
-------
In favor of BeatLast
they threw 0
69 74 73 
68 84 80 
80 73 85 
I throw 2
-------
In favor of BeatLast
they threw 2
69 74 74 
68 84 80 
80 73 85 
I throw 1
-------
they threw 1
69 74 74 
68 84 80 
80 74 85 
I throw 2
-------
In favor of BeatLast
they threw 2
69 74 74 
68 84 81 
80 74 85 
I throw 2
-------
In favor of BeatLast
they threw 0
69 74 74 
68 84 81 
81 74 85 
I throw 2
-------
they threw 1
69 75 74 
68 84 81 
81 74 85 
I throw 2
-------
they threw 1
69 75 74 
68 85 81 
81 74 85 
I throw 2
-------
In favor of BeatLast
they threw 0
69 75 74 
69 85 81 
81 74 85 
I throw 1
-------
In favor of BeatLast
they threw 0
70 75 74 
69 85 81 
81 74 85 
I throw 2
-------
they threw 1
70 76 74 
69 85 81 
81 74 85 
I throw 1
-------
they threw 2
70 76 74 
69 85 82 
81 74 85 
I throw 2
-------
they threw 0
70 76 74 
69 85 82 
82 74 85 
I throw 2
-------
they threw 1
70 77 74 
69 85 82 
82 74 85 
I throw 1
-------
In favor of BeatLast
they threw 0
70 77 74 
70 85 82 
82 74 85 
I throw 1
-------
In favor of BeatLast
they threw 2
70 77 75 
70 85 82 
82 74 85 
I throw 2
-------
they threw 0
70 77 75 
70 85 82 
83 74 85 
I throw 1
-------
they threw 2
70 77 76 
70 85 82 
83 74 85 
I throw 2
-------
they threw 0
70 77 76 
70 85 82 
84 74 85 
I throw 1
-------
they threw 2
70 77 77 
70 85 82 
84 74 85 
I throw 2
-------
they threw 0
70 77 77 
70 85 82 
85 74 85 
I throw 2
-------
In favor of BeatLast
they threw 0
71 77 77 
70 85 82 
85 74 85 
I throw 1
-------
they threw 1
71 78 77 
70 85 82 
85 74 85 
I throw 1
-------
they threw 0
71 78 77 
71 85 82 
85 74 85 
I throw 1
-------
they threw 1
71 79 77 
71 85 82 
85 74 85 
I throw 2
-------
they threw 0
71 79 77 
72 85 82 
85 74 85 
I throw 2
-------
they threw 2
71 79 78 
72 85 82 
85 74 85 
I throw 1
-------
they threw 2
71 79 78 
72 85 82 
85 74 86 
I throw 1
-------
they threw 1
71 79 78 
72 85 82 
85 75 86 
I throw 2
-------
they threw 1
71 79 78 
72 86 82 
85 75 86 
I throw 2
-------
they threw 1
71 79 78 
72 87 82 
85 75 86 
I throw 1
-------
In favor of BeatLast
they threw 0
71 79 78 
73 87 82 
85 75 86 
I throw 2
-------
they threw 0
72 79 78 
73 87 82 
85 75 86 
I throw 2
-------
they threw 1
72 80 78 
73 87 82 
85 75 86 
I throw 2
-------
they threw 1
72 80 78 
73 88 82 
85 75 86 
I throw 1
-------
In favor of BeatLast
they threw 0
72 80 78 
74 88 82 
85 75 86 
I throw 2
-------
they threw 0
73 80 78 
74 88 82 
85 75 86 
I throw 2
-------
they threw 1
73 81 78 
74 88 82 
85 75 86 
I throw 2
-------
they threw 2
73 81 78 
74 88 83 
85 75 86 
I throw 2
-------
they threw 1
73 81 78 
74 88 83 
85 76 86 
I throw 2
-------
they threw 2
73 81 78 
74 88 84 
85 76 86 
I throw 2
-------
they threw 1
73 81 78 
74 88 84 
85 77 86 
I throw 1
-------
they threw 1
73 81 78 
74 89 84 
85 77 86 
I throw 2
-------
they threw 0
73 81 78 
75 89 84 
85 77 86 
I throw 2
-------
they threw 2
73 81 79 
75 89 84 
85 77 86 
I throw 2
-------
In favor of BeatLast
they threw 0
73 81 79 
75 89 84 
86 77 86 
I throw 2
-------
In favor of BeatLast
they threw 0
74 81 79 
75 89 84 
86 77 86 
I throw 2
-------
they threw 1
74 82 79 
75 89 84 
86 77 86 
I throw 2
-------
they threw 1
74 82 79 
75 90 84 
86 77 86 
I throw 1
-------
they threw 1
74 82 79 
75 91 84 
86 77 86 
I throw 2
-------
they threw 1
74 82 79 
75 92 84 
86 77 86 
I throw 1
-------
they threw 2
74 82 79 
75 92 85 
86 77 86 
I throw 2
-------
they threw 1
74 82 79 
75 92 85 
86 78 86 
I throw 2
-------
In favor of BeatLast
they threw 0
74 82 79 
76 92 85 
86 78 86 
I throw 2
-------
they threw 2
74 82 80 
76 92 85 
86 78 86 
I throw 1
-------
they threw 1
74 82 80 
76 92 85 
86 79 86 
I throw 1
-------
In favor of BeatLast
they threw 2
74 82 80 
76 92 86 
86 79 86 
I throw 2
-------
they threw 1
74 82 80 
76 92 86 
86 80 86 
I throw 2
-------
they threw 2
74 82 80 
76 92 87 
86 80 86 
I throw 1
-------
they threw 1
74 82 80 
76 92 87 
86 81 86 
I throw 1
-------
they threw 1
74 82 80 
76 93 87 
86 81 86 
I throw 1
-------
they threw 1
74 82 80 
76 94 87 
86 81 86 
I throw 2
-------
In favor of BeatLast
they threw 2
74 82 80 
76 94 88 
86 81 86 
I throw 2
-------
they threw 1
74 82 80 
76 94 88 
86 82 86 
I throw 1
-------
In favor of BeatLast
they threw 0
74 82 80 
77 94 88 
86 82 86 
I throw 2
-------
they threw 0
75 82 80 
77 94 88 
86 82 86 
I throw 2
-------
they threw 2
75 82 81 
77 94 88 
86 82 86 
I throw 2
-------
they threw 2
75 82 81 
77 94 88 
86 82 87 
I throw 1
-------
In favor of BeatLast
they threw 0
75 82 81 
77 94 88 
87 82 87 
I throw 2
-------
In favor of BeatLast
they threw 2
75 82 82 
77 94 88 
87 82 87 
I throw 2
-------
they threw 2
75 82 82 
77 94 88 
87 82 88 
I throw 1
-------
they threw 2
75 82 82 
77 94 88 
87 82 89 
I throw 2
-------
they threw 0
75 82 82 
77 94 88 
88 82 89 
I throw 1
-------
In favor of BeatLast
they threw 0
76 82 82 
77 94 88 
88 82 89 
I throw 1
-------
they threw 1
76 83 82 
77 94 88 
88 82 89 
I throw 1
-------
they threw 0
76 83 82 
78 94 88 
88 82 89 
I throw 2
-------
In favor of BeatLast
they threw 2
76 83 83 
78 94 88 
88 82 89 
I throw 2
-------
they threw 2
76 83 83 
78 94 88 
88 82 90 
I throw 2
-------
they threw 2
76 83 83 
78 94 88 
88 82 91 
I throw 2
-------
they threw 2
76 83 83 
78 94 88 
88 82 92 
I throw 2
-------
they threw 1
76 83 83 
78 94 88 
88 83 92 
I throw 2
-------
In favor of BeatLast
they threw 0
76 83 83 
79 94 88 
88 83 92 
I throw 2
-------
they threw 1
76 84 83 
79 94 88 
88 83 92 
I throw 2
-------
they threw 1
76 84 83 
79 95 88 
88 83 92 
I throw 2
-------
In favor of BeatLast
they threw 0
76 84 83 
80 95 88 
88 83 92 
I throw 2
-------
In favor of BeatLast
they threw 0
77 84 83 
80 95 88 
88 83 92 
I throw 2
-------
they threw 2
77 84 84 
80 95 88 
88 83 92 
I throw 2
-------
they threw 2
77 84 84 
80 95 88 
88 83 93 
I throw 2
-------
In favor of BeatLast
they threw 0
77 84 84 
80 95 88 
89 83 93 
I throw 2
-------
they threw 1
77 85 84 
80 95 88 
89 83 93 
I throw 1
-------
they threw 1
77 85 84 
80 96 88 
89 83 93 
I throw 2
-------
In favor of BeatLast
they threw 2
77 85 84 
80 96 89 
89 83 93 
I throw 2
-------
they threw 1
77 85 84 
80 96 89 
89 84 93 
I throw 2
-------
they threw 2
77 85 84 
80 96 90 
89 84 93 
I throw 2
-------
they threw 1
77 85 84 
80 96 90 
89 85 93 
I throw 2
-------
they threw 1
77 85 84 
80 97 90 
89 85 93 
I throw 2
-------
they threw 2
77 85 84 
80 97 91 
89 85 93 
I throw 2
-------
they threw 2
77 85 84 
80 97 91 
89 85 94 
I throw 2
-------
they threw 1
77 85 84 
80 97 91 
89 86 94 
I throw 2
-------
they threw 1
77 85 84 
80 98 91 
89 86 94 
I throw 1
-------
In favor of BeatLast
they threw 0
77 85 84 
81 98 91 
89 86 94 
I throw 1
-------
they threw 0
78 85 84 
81 98 91 
89 86 94 
I throw 1
-------
In favor of BeatLast
they threw 2
78 85 85 
81 98 91 
89 86 94 
I throw 1
-------
they threw 1
78 85 85 
81 98 91 
89 87 94 
I throw 2
-------
In favor of BeatLast
they threw 2
78 85 85 
81 98 92 
89 87 94 
I throw 2
-------
they threw 2
78 85 85 
81 98 92 
89 87 95 
I throw 2
-------
In favor of BeatLast
they threw 0
78 85 85 
81 98 92 
90 87 95 
I throw 2
-------
they threw 2
78 85 86 
81 98 92 
90 87 95 
I throw 2
-------
In favor of BeatLast
they threw 0
78 85 86 
81 98 92 
91 87 95 
I throw 1
-------
they threw 2
78 85 87 
81 98 92 
91 87 95 
I throw 2
-------
In favor of BeatLast
they threw 2
78 85 87 
81 98 92 
91 87 96 
I throw 1
-------
In favor of BeatLast
they threw 0
78 85 87 
81 98 92 
92 87 96 
I throw 2
-------
In favor of BeatLast
they threw 2
78 85 88 
81 98 92 
92 87 96 
I throw 2
-------
they threw 2
78 85 88 
81 98 92 
92 87 97 
I throw 1
-------
they threw 2
78 85 88 
81 98 92 
92 87 98 
I throw 1
-------
they threw 0
78 85 88 
81 98 92 
93 87 98 
I throw 1
-------
In favor of BeatLast
they threw 2
78 85 89 
81 98 92 
93 87 98 
I throw 2
-------
they threw 1
78 85 89 
81 98 92 
93 88 98 
I throw 1
-------
they threw 2
78 85 89 
81 98 93 
93 88 98 
I throw 1
-------
they threw 1
78 85 89 
81 98 93 
93 89 98 
I throw 1
-------
they threw 1
78 85 89 
81 99 93 
93 89 98 
I throw 1
-------
In favor of BeatLast
they threw 2
78 85 89 
81 99 94 
93 89 98 
I throw 2
-------
they threw 0
78 85 89 
81 99 94 
94 89 98 
I throw 2
-------
In favor of BeatLast
they threw 0
79 85 89 
81 99 94 
94 89 98 
I throw 2
-------
they threw 1
79 86 89 
81 99 94 
94 89 98 
I throw 1
-------
they threw 2
79 86 89 
81 99 95 
94 89 98 
I throw 2
-------
In favor of BeatLast
they threw 2
79 86 89 
81 99 95 
94 89 99 
I throw 1
-------
In favor of BeatLast
they threw 0
79 86 89 
81 99 95 
95 89 99 
I throw 2
-------
they threw 0
80 86 89 
81 99 95 
95 89 99 
I throw 1
-------
they threw 1
80 87 89 
81 99 95 
95 89 99 
I throw 2
-------
they threw 1
80 87 89 
81 100 95 
95 89 99 
I throw 1
-------
they threw 2
80 87 89 
81 100 96 
95 89 99 
I throw 1
-------
they threw 1
80 87 89 
81 100 96 
95 90 99 
I throw 1
-------
they threw 0
80 87 89 
82 100 96 
95 90 99 
I throw 1
-------
they threw 0
81 87 89 
82 100 96 
95 90 99 
I throw 2
-------
they threw 0
82 87 89 
82 100 96 
95 90 99 
I throw 2
-------
they threw 1
82 88 89 
82 100 96 
95 90 99 
I throw 2
-------
they threw 2
82 88 89 
82 100 97 
95 90 99 
I throw 1
-------
they threw 2
82 88 89 
82 100 97 
95 90 100 
I throw 2
-------
In favor of BeatLast
they threw 2
82 88 89 
82 100 97 
95 90 101 
I throw 2
-------
they threw 1
82 88 89 
82 100 97 
95 91 101 
I throw 2
-------
they threw 1
82 88 89 
82 101 97 
95 91 101 
I throw 2
-------
In favor of BeatLast
they threw 0
82 88 89 
83 101 97 
95 91 101 
I throw 2
-------
they threw 2
82 88 90 
83 101 97 
95 91 101 
I throw 1
-------
they threw 2
82 88 90 
83 101 97 
95 91 102 
I throw 2
-------
In favor of BeatLast
they threw 2
82 88 90 
83 101 97 
95 91 103 
I throw 2
-------
In favor of BeatLast
they threw 0
82 88 90 
83 101 97 
96 91 103 
I throw 2
-------
they threw 1
82 89 90 
83 101 97 
96 91 103 
I throw 2
-------
In favor of BeatLast
they threw 0
82 89 90 
84 101 97 
96 91 103 
I throw 1
-------
In favor of BeatLast
they threw 0
83 89 90 
84 101 97 
96 91 103 
I throw 2
-------
they threw 0
84 89 90 
84 101 97 
96 91 103 
I throw 1
-------
In favor of BeatLast
they threw 0
85 89 90 
84 101 97 
96 91 103 
I throw 2
-------
they threw 0
86 89 90 
84 101 97 
96 91 103 
I throw 2
-------
they threw 1
86 90 90 
84 101 97 
96 91 103 
I throw 2
-------
they threw 1
86 90 90 
84 102 97 
96 91 103 
I throw 2
-------
In favor of BeatLast
they threw 0
86 90 90 
85 102 97 
96 91 103 
I throw 2
-------
they threw 2
86 90 91 
85 102 97 
96 91 103 
I throw 2
-------
they threw 2
86 90 91 
85 102 97 
96 91 104 
I throw 2
-------
they threw 2
86 90 91 
85 102 97 
96 91 105 
I throw 2
-------
they threw 2
86 90 91 
85 102 97 
96 91 106 
I throw 1
-------
they threw 1
86 90 91 
85 102 97 
96 92 106 
I throw 2
-------
In favor of BeatLast
they threw 2
86 90 91 
85 102 98 
96 92 106 
I throw 1
-------
they threw 1
86 90 91 
85 102 98 
96 93 106 
I throw 2
-------
they threw 0
86 90 91 
86 102 98 
96 93 106 
I throw 2
-------
In favor of BeatLast
they threw 0
87 90 91 
86 102 98 
96 93 106 
I throw 2
-------
they threw 1
87 91 91 
86 102 98 
96 93 106 
I throw 2
-------
In favor of BeatLast
they threw 0
87 91 91 
87 102 98 
96 93 106 
I throw 2
-------
they threw 2
87 91 92 
87 102 98 
96 93 106 
I throw 2
-------
In favor of BeatLast
they threw 0
87 91 92 
87 102 98 
97 93 106 
I throw 1
-------
In favor of BeatLast
they threw 0
88 91 92 
87 102 98 
97 93 106 
I throw 1
-------
they threw 1
88 92 92 
87 102 98 
97 93 106 
I throw 2
-------
they threw 1
88 92 92 
87 103 98 
97 93 106 
I throw 2
-------
they threw 1
88 92 92 
87 104 98 
97 93 106 
I throw 1
-------
they threw 2
88 92 92 
87 104 99 
97 93 106 
I throw 1
-------
they threw 1
88 92 92 
87 104 99 
97 94 106 
I throw 2
-------
they threw 0
88 92 92 
88 104 99 
97 94 106 
I throw 2
-------
In favor of BeatLast
they threw 0
89 92 92 
88 104 99 
97 94 106 
I throw 1
-------
In favor of BeatLast
they threw 0
90 92 92 
88 104 99 
97 94 106 
I throw 2
-------
they threw 0
91 92 92 
88 104 99 
97 94 106 
I throw 1
-------
they threw 2
91 92 93 
88 104 99 
97 94 106 
I throw 2
-------
they threw 1
91 92 93 
88 104 99 
97 95 106 
I throw 2
-------
In favor of BeatLast
they threw 0
91 92 93 
89 104 99 
97 95 106 
I throw 2
-------
they threw 1
91 93 93 
89 104 99 
97 95 106 
I throw 2
-------
In favor of BeatLast
they threw 0
91 93 93 
90 104 99 
97 95 106 
I throw 1
-------
they threw 1
91 94 93 
90 104 99 
97 95 106 
I throw 2
-------
they threw 0
91 94 93 
91 104 99 
97 95 106 
I throw 2
-------
they threw 2
91 94 94 
91 104 99 
97 95 106 
I throw 1
-------
they threw 1
91 94 94 
91 104 99 
97 96 106 
I throw 2
-------
they threw 1
91 94 94 
91 105 99 
97 96 106 
I throw 1
-------
they threw 1
91 94 94 
91 106 99 
97 96 106 
I throw 2
-------
they threw 1
91 94 94 
91 107 99 
97 96 106 
I throw 2
-------
they threw 2
91 94 94 
91 107 100 
97 96 106 
I throw 2
-------
they threw 2
91 94 94 
91 107 100 
97 96 107 
I throw 2
-------
they threw 1
91 94 94 
91 107 100 
97 97 107 
I throw 2
-------
In favor of BeatLast
they threw 0
91 94 94 
92 107 100 
97 97 107 
I throw 2
-------
In favor of BeatLast
they threw 0
92 94 94 
92 107 100 
97 97 107 
I throw 2
-------
they threw 2
92 94 95 
92 107 100 
97 97 107 
I throw 2
-------
In favor of BeatLast
they threw 0
92 94 95 
92 107 100 
98 97 107 
I throw 2
-------
they threw 2
92 94 96 
92 107 100 
98 97 107 
I throw 2
-------
they threw 1
92 94 96 
92 107 100 
98 98 107 
I throw 1
-------
they threw 1
92 94 96 
92 108 100 
98 98 107 
I throw 2
-------
In favor of BeatLast
they threw 2
92 94 96 
92 108 101 
98 98 107 
I throw 1
-------
they threw 1
92 94 96 
92 108 101 
98 99 107 
I throw 1
-------
In favor of BeatLast
they threw 2
92 94 96 
92 108 102 
98 99 107 
I throw 2
-------
In favor of BeatLast
they threw 2
92 94 96 
92 108 102 
98 99 108 
I throw 2
-------
In favor of BeatLast
they threw 0
92 94 96 
92 108 102 
99 99 108 
I throw 1
-------
In favor of BeatLast
they threw 0
93 94 96 
92 108 102 
99 99 108 
I throw 2
-------
they threw 0
94 94 96 
92 108 102 
99 99 108 
I throw 2
-------
they threw 2
94 94 97 
92 108 102 
99 99 108 
I throw 1
-------
they threw 1
94 94 97 
92 108 102 
99 100 108 
I throw 1
-------
In favor of BeatLast
they threw 2
94 94 97 
92 108 103 
99 100 108 
I throw 1
-------
they threw 1
94 94 97 
92 108 103 
99 101 108 
I throw 2
-------
In favor of BeatLast
they threw 2
94 94 97 
92 108 104 
99 101 108 
I throw 2
-------
In favor of BeatLast
they threw 0
94 94 97 
92 108 104 
100 101 108 
I throw 2
-------
they threw 1
94 95 97 
92 108 104 
100 101 108 
I throw 2
-------
they threw 1
94 95 97 
92 109 104 
100 101 108 
I throw 1
-------
they threw 2
94 95 97 
92 109 105 
100 101 108 
I throw 2
-------
In favor of BeatLast
they threw 2
94 95 97 
92 109 105 
100 101 109 
I throw 1
-------
they threw 2
94 95 97 
92 109 105 
100 101 110 
I throw 2
-------
In favor of BeatLast
they threw 2
94 95 97 
92 109 105 
100 101 111 
I throw 2
-------
In favor of BeatLast
they threw 0
94 95 97 
92 109 105 
101 101 111 
I throw 2
-------
they threw 2
94 95 98 
92 109 105 
101 101 111 
I throw 2
-------
In favor of BeatLast
they threw 0
94 95 98 
92 109 105 
102 101 111 
I throw 1
-------
they threw 1
94 96 98 
92 109 105 
102 101 111 
I throw 2
-------
In favor of BeatLast
they threw 2
94 96 98 
92 109 106 
102 101 111 
I throw 2
-------
they threw 2
94 96 98 
92 109 106 
102 101 112 
I throw 2
-------
In favor of BeatLast
they threw 0
94 96 98 
92 109 106 
103 101 112 
I throw 1
-------
they threw 1
94 97 98 
92 109 106 
103 101 112 
I throw 2
-------
In favor of BeatLast
they threw 2
94 97 98 
92 109 107 
103 101 112 
I throw 2
-------
they threw 2
94 97 98 
92 109 107 
103 101 113 
I throw 2
-------
In favor of BeatLast
they threw 0
94 97 98 
92 109 107 
104 101 113 
I throw 1
-------
In favor of BeatLast
they threw 0
95 97 98 
92 109 107 
104 101 113 
I throw 2
-------
they threw 1
95 98 98 
92 109 107 
104 101 113 
I throw 2
-------
In favor of BeatLast
they threw 0
95 98 98 
93 109 107 
104 101 113 
I throw 2
-------
they threw 1
95 99 98 
93 109 107 
104 101 113 
I throw 2
-------
they threw 1
95 99 98 
93 110 107 
104 101 113 
I throw 1
-------
they threw 1
95 99 98 
93 111 107 
104 101 113 
I throw 2
-------
they threw 1
95 99 98 
93 112 107 
104 101 113 
I throw 1
-------
In favor of BeatLast
they threw 0
95 99 98 
94 112 107 
104 101 113 
I throw 2
-------
they threw 1
95 100 98 
94 112 107 
104 101 113 
I throw 2
-------
they threw 1
95 100 98 
94 113 107 
104 101 113 
I throw 2
-------
In favor of BeatLast
they threw 0
95 100 98 
95 113 107 
104 101 113 
I throw 2
-------
In favor of BeatLast
they threw 0
96 100 98 
95 113 107 
104 101 113 
I throw 2
-------
they threw 2
96 100 99 
95 113 107 
104 101 113 
I throw 2
-------
they threw 2
96 100 99 
95 113 107 
104 101 114 
I throw 2
-------
they threw 2
96 100 99 
95 113 107 
104 101 115 
I throw 2
-------
they threw 1
96 100 99 
95 113 107 
104 102 115 
I throw 1
-------
they threw 2
96 100 99 
95 113 108 
104 102 115 
I throw 2
-------
they threw 1
96 100 99 
95 113 108 
104 103 115 
I throw 2
-------
they threw 1
96 100 99 
95 114 108 
104 103 115 
I throw 2
-------
they threw 1
96 100 99 
95 115 108 
104 103 115 
I throw 2
-------
they threw 2
96 100 99 
95 115 109 
104 103 115 
I throw 2
-------
they threw 1
96 100 99 
95 115 109 
104 104 115 
I throw 2
-------
they threw 1
96 100 99 
95 116 109 
104 104 115 
I throw 2
-------
they threw 2
96 100 99 
95 116 110 
104 104 115 
I throw 1
-------
In favor of BeatLast
they threw 0
96 100 99 
95 116 110 
105 104 115 
I throw 2
-------
they threw 0
97 100 99 
95 116 110 
105 104 115 
I throw 2
-------
they threw 1
97 101 99 
95 116 110 
105 104 115 
I throw 2
-------
they threw 1
97 101 99 
95 117 110 
105 104 115 
I throw 2
-------
they threw 2
97 101 99 
95 117 111 
105 104 115 
I throw 1
-------
they threw 1
97 101 99 
95 117 111 
105 105 115 
I throw 1
-------
In favor of BeatLast
they threw 2
97 101 99 
95 117 112 
105 105 115 
I throw 2
-------
they threw 1
97 101 99 
95 117 112 
105 106 115 
I throw 2
-------
they threw 2
97 101 99 
95 117 113 
105 106 115 
I throw 2
-------
they threw 1
97 101 99 
95 117 113 
105 107 115 
I throw 2
-------
In favor of BeatLast
they threw 0
97 101 99 
96 117 113 
105 107 115 
I throw 2
-------
In favor of BeatLast
they threw 0
98 101 99 
96 117 113 
105 107 115 
I throw 2
-------
In favor of BeatLast
they threw 0
99 101 99 
96 117 113 
105 107 115 
I throw 2
-------
they threw 2
99 101 100 
96 117 113 
105 107 115 
I throw 2
-------
they threw 2
99 101 100 
96 117 113 
105 107 116 
I throw 2
-------
In favor of BeatLast
they threw 0
99 101 100 
96 117 113 
106 107 116 
I throw 2
-------
In favor of BeatLast
they threw 0
100 101 100 
96 117 113 
106 107 116 
I throw 1
-------
they threw 2
100 101 101 
96 117 113 
106 107 116 
I throw 1
-------
they threw 1
100 101 101 
96 117 113 
106 108 116 
I throw 1
-------
they threw 1
100 101 101 
96 118 113 
106 108 116 
I throw 2
-------
In favor of BeatLast
they threw 2
100 101 101 
96 118 114 
106 108 116 
I throw 2
-------
they threw 1
100 101 101 
96 118 114 
106 109 116 
I throw 2
-------
they threw 1
100 101 101 
96 119 114 
106 109 116 
I throw 2
-------
they threw 2
100 101 101 
96 119 115 
106 109 116 
I throw 2
-------
they threw 1
100 101 101 
96 119 115 
106 110 116 
I throw 2
-------
they threw 1
100 101 101 
96 120 115 
106 110 116 
I throw 2
-------
they threw 2
100 101 101 
96 120 116 
106 110 116 
I throw 2
-------
they threw 2
100 101 101 
96 120 116 
106 110 117 
I throw 2
-------
In favor of BeatLast
they threw 0
100 101 101 
96 120 116 
107 110 117 
I throw 2
-------
they threw 2
100 101 102 
96 120 116 
107 110 117 
I throw 1
-------
In favor of BeatLast
they threw 0
100 101 102 
96 120 116 
108 110 117 
I throw 2
-------
they threw 0
101 101 102 
96 120 116 
108 110 117 
I throw 1
-------
they threw 1
101 102 102 
96 120 116 
108 110 117 
I throw 1
-------
they threw 0
101 102 102 
97 120 116 
108 110 117 
I throw 1
-------
they threw 0
102 102 102 
97 120 116 
108 110 117 
I throw 2
-------
they threw 1
102 103 102 
97 120 116 
108 110 117 
I throw 2
-------
they threw 1
102 103 102 
97 121 116 
108 110 117 
I throw 2
-------
they threw 2
102 103 102 
97 121 117 
108 110 117 
I throw 1
-------
In favor of BeatLast
they threw 0
102 103 102 
97 121 117 
109 110 117 
I throw 1
-------
In favor of BeatLast
they threw 2
102 103 103 
97 121 117 
109 110 117 
I throw 2
-------
In favor of BeatLast
they threw 2
102 103 103 
97 121 117 
109 110 118 
I throw 2
-------
they threw 1
102 103 103 
97 121 117 
109 111 118 
I throw 2
-------
they threw 2
102 103 103 
97 121 118 
109 111 118 
I throw 1
-------
they threw 1
102 103 103 
97 121 118 
109 112 118 
I throw 2
-------
they threw 0
102 103 103 
98 121 118 
109 112 118 
I throw 1
-------
In favor of BeatLast
they threw 0
103 103 103 
98 121 118 
109 112 118 
I throw 2
-------
they threw 1
103 104 103 
98 121 118 
109 112 118 
I throw 2
-------
In favor of BeatLast
they threw 0
103 104 103 
99 121 118 
109 112 118 
I throw 2
-------
In favor of BeatLast
they threw 0
104 104 103 
99 121 118 
109 112 118 
I throw 2
-------
In favor of BeatLast
they threw 0
105 104 103 
99 121 118 
109 112 118 
I throw 2
-------
they threw 1
105 105 103 
99 121 118 
109 112 118 
I throw 1
-------
they threw 1
105 105 103 
99 122 118 
109 112 118 
I throw 1
-------
they threw 1
105 105 103 
99 123 118 
109 112 118 
I throw 2
-------
they threw 1
105 105 103 
99 124 118 
109 112 118 
I throw 2
-------
they threw 2
105 105 103 
99 124 119 
109 112 118 
I throw 1
-------
they threw 1
105 105 103 
99 124 119 
109 113 118 
I throw 2
-------
they threw 0
105 105 103 
100 124 119 
109 113 118 
I throw 1
-------
In favor of BeatLast
they threw 0
106 105 103 
100 124 119 
109 113 118 
I throw 1
-------
In favor of BeatLast
they threw 2
106 105 104 
100 124 119 
109 113 118 
I throw 1
-------
they threw 0
1
2
1
1
0
2
1
1
1
2
1
2
0
1
0
2
2
1
1
0
1
0
0
0
1
0
0
2
2
0
0
1
1
2
2
2
1
1
1
0
1
2
2
2
2
1
2
0
0
0
2
2
1
2
2
1
0
1
0
2
2
0
1
2
2
0
2
2
1
1
1
0
1
1
1
1
2
0
1
0
1
1
2
1
1
1
1
0
1
1
2
0
2
0
0
0
1
0
2
0
2
0
1
1
0
2
1
1
1
0
1
2
2
1
0
2
2
1
1
2
2
1
0
2
1
0
0
0
2
0
1
2
0
2
2
2
1
1
0
0
0
0
0
0
1
1
2
2
0
0
2
2
1
1
1
2
1
1
0
2
1
0
1
2
2
2
0
1
0
2
2
1
0
2
0
2
0
0
0
2
1
1
1
0
2
2
0
1
1
2
0
0
1
0
2
0
2
0
0
0
0
2
1
2
1
0
1
0
1
0
2
2
0
2
2
1
1
1
1
2
0
2
2
2
0
0
0
2
0
0
1
1
0
0
2
1
2
1
2
0
0
2
1
0
0
1
2
0
1
0
2
1
0
1
0
2
2
0
0
0
0
1
2
0
1
0
1
2
1
1
1
0
0
0
0
0
0
1
1
2
2
2
1
0
1
1
0
1
0
2
1
2
1
1
1
2
2
2
2
2
0
1
0
1
0
0
1
0
0
2
0
1
1
0
0
0
2
2
1
1
2
0
2
1
1
1
1
1
0
0
1
0
2
0
0
2
1
2
2
0
2
1
2
1
2
0
1
0
0
2
0
0
1
1
2
2
2
1
1
2
1
2
1
2
2
0
1
2
0
2
2
2
2
0
2
1
2
0
1
1
1
2
2
2
1
2
2
0
2
0
0
0
1
1
2
0
2
2
1
2
2
1
1
1
0
1
2
0
1
1
2
0
1
1
2
2
2
2
1
0
2
1
0
0
1
0
1
2
2
0
0
2
2
1
2
1
2
0
2
0
0
2
0
1
2
1
1
2
2
2
2
1
2
0
2
2
0
1
1
2
0
1
2
1
1
0
0
2
2
0
0
2
1
0
0
0
0
2
0
2
1
2
2
2
2
2
0
1
2
2
1
0
2
0
1
2
0
1
1
0
2
1
2
2
1
1
2
1
2
0
0
1
0
2
1
1
1
0
1
1
2
0
2
0
2
2
0
0
1
1
1
2
0
1
2
1
1
1
1
2
0
1
0
0
2
1
0
0
0
1
0
1
2
2
0
2
1
0
2
0
1
2
1
0
2
2
0
0
1
0
1
1
0
1
2
1
2
2
2
2
1
0
1
1
1
1
0
0
2
0
2
0
2
2
1
2
0
1
2
1
1
0
0
0
2
0
0
1
2
2
1
1
2
2
2
0
2
0
2
2
0
2
2
1
0
1
2
0
2
0
1
2
1
1
1
1
1
2
2
2
2
2
0
0
0
2
2
2
0
2
2
2
1
2
1
1
1
2
0
1
0
1
1
2
1
2
1
2
0
1
1
0
1
1
1
0
0
0
1
1
2
0
0
2
2
2
0
2
1
2
0
1
1
0
0
1
2
0
1
0
2
0
2
0
2
0
0
1
0
1
0
2
2
1
1
1
0
0
1
1
0
0
1
2
1
2
1
1
0
2
0
0
1
1
1
1
2
1
0
2
1
2
1
2
1
1
1
2
1
0
0
2
2
0
2
2
2
0
0
1
0
2
2
2
2
1
0
1
1
0
0
2
2
0
1
1
2
1
2
1
1
2
2
1
1
0
0
2
1
2
2
0
2
0
2
2
0
2
2
2
0
2
1
2
1
1
2
0
0
1
2
2
0
0
1
1
2
1
0
0
0
1
2
2
2
1
1
0
2
2
2
0
1
0
0
0
0
0
1
1
0
2
2
2
2
1
2
1
0
0
1
0
2
0
0
1
1
1
2
1
0
0
0
0
2
1
0
1
0
1
0
2
1
1
1
1
2
2
1
0
0
2
0
2
1
1
2
1
2
2
0
0
0
2
1
2
1
2
0
1
1
2
2
2
2
0
2
0
1
2
2
0
1
2
2
0
0
1
0
1
1
1
1
0
1
1
0
0
2
2
2
1
2
1
1
1
2
1
1
2
0
0
1
1
2
1
2
1
2
1
0
0
0
2
2
0
0
2
1
1
2
1
1
2
1
1
2
2
0
2
0
0
1
0
0
1
1
2
0
2
2
1
2
1
0
0
1
0
0
0
1
1
1
1
2
1
0
0
2
0
game over, shutting down
